#
# There is insufficient memory for the Java Runtime Environment to continue.
# Native memory allocation (malloc) failed to allocate 1120656 bytes. Error detail: Chunk::new
# Possible reasons:
#   The system is out of physical RAM or swap space
#   This process is running with CompressedOops enabled, and the Java Heap may be blocking the growth of the native heap
# Possible solutions:
#   Reduce memory load on the system
#   Increase physical memory or swap space
#   Check if swap backing store is full
#   Decrease Java heap size (-Xmx/-Xms)
#   Decrease number of Java threads
#   Decrease Java thread stack sizes (-Xss)
#   Set larger code cache with -XX:ReservedCodeCacheSize=
#   JVM is running with Unscaled Compressed Oops mode in which the Java heap is
#     placed in the first 4GB address space. The Java Heap base address is the
#     maximum limit for the native heap growth. Please use -XX:HeapBaseMinAddress
#     to set the Java Heap base and to place the Java Heap above 4GB virtual address.
# This output file may be truncated or incomplete.
#
#  Out of Memory Error (arena.cpp:191), pid=2764, tid=15976
#
# JRE version: OpenJDK Runtime Environment (17.0.11) (build 17.0.11+0--11852314)
# Java VM: OpenJDK 64-Bit Server VM (17.0.11+0--11852314, mixed mode, tiered, compressed oops, compressed class ptrs, g1 gc, windows-amd64)
# No core dump will be written. Minidumps are not enabled by default on client versions of Windows
#

---------------  S U M M A R Y ------------

Command Line: --add-opens=java.base/java.util=ALL-UNNAMED --add-opens=java.base/java.lang=ALL-UNNAMED --add-opens=java.base/java.lang.invoke=ALL-UNNAMED --add-opens=java.prefs/java.util.prefs=ALL-UNNAMED --add-opens=java.base/java.nio.charset=ALL-UNNAMED --add-opens=java.base/java.net=ALL-UNNAMED --add-opens=java.base/java.util.concurrent.atomic=ALL-UNNAMED -Xmx2048m -Dfile.encoding=UTF-8 -Duser.country=419 -Duser.language=es -Duser.variant -javaagent:C:\Users\marco\.gradle\wrapper\dists\gradle-8.7-bin\bhs2wmbdwecv87pi65oeuq5iu\gradle-8.7\lib\agents\gradle-instrumentation-agent-8.7.jar org.gradle.launcher.daemon.bootstrap.GradleDaemon 8.7

Host: Intel(R) Core(TM) i5-10300H CPU @ 2.50GHz, 8 cores, 7G,  Windows 11 , 64 bit Build 22621 (10.0.22621.3958)
Time: Tue Nov  5 09:45:47 2024 Hora est. Pacífico, Sudamérica elapsed time: 7.496823 seconds (0d 0h 0m 7s)

---------------  T H R E A D  ---------------

Current thread (0x000001bfd9951590):  JavaThread "C2 CompilerThread1" daemon [_thread_in_native, id=15976, stack(0x000000a352600000,0x000000a352700000)]


Current CompileTask:
C2:   7496 7141       4       java.util.regex.Pattern::compile (500 bytes)

Stack: [0x000000a352600000,0x000000a352700000]
Native frames: (J=compiled Java code, j=interpreted, Vv=VM code, C=native code)
V  [jvm.dll+0x687bb9]
V  [jvm.dll+0x84142a]
V  [jvm.dll+0x8430ae]
V  [jvm.dll+0x843713]
V  [jvm.dll+0x24a35f]
V  [jvm.dll+0xac544]
V  [jvm.dll+0xacb8c]
V  [jvm.dll+0x369be2]
V  [jvm.dll+0x33416a]
V  [jvm.dll+0x33360a]
V  [jvm.dll+0x21bed1]
V  [jvm.dll+0x21b311]
V  [jvm.dll+0x1a63ed]
V  [jvm.dll+0x22b1ee]
V  [jvm.dll+0x229375]
V  [jvm.dll+0x7f5647]
V  [jvm.dll+0x7efa4a]
V  [jvm.dll+0x686a35]
C  [ucrtbase.dll+0x29333]
C  [KERNEL32.DLL+0x1257d]
C  [ntdll.dll+0x5af08]


---------------  P R O C E S S  ---------------

Threads class SMR info:
_java_thread_list=0x000001bfe2ea3760, length=65, elements={
0x000001bfbf6022a0, 0x000001bfd95a4090, 0x000001bfd95a4d20, 0x000001bfd95cc620,
0x000001bfd95ccff0, 0x000001bfd95cf9d0, 0x000001bfd95d02a0, 0x000001bfd95d0f50,
0x000001bfd95d1910, 0x000001bfd95fb990, 0x000001bfd97029e0, 0x000001bfd987cc70,
0x000001bfd9951590, 0x000001bfde8f7700, 0x000001bfdf403130, 0x000001bfe09c9940,
0x000001bfe06be5c0, 0x000001bfdfff7850, 0x000001bfdf82ecc0, 0x000001bfe07986c0,
0x000001bfe02524c0, 0x000001bfe0251aa0, 0x000001bfe02529d0, 0x000001bfe0251590,
0x000001bfe0251fb0, 0x000001bfe0253900, 0x000001bfe0251080, 0x000001bfe137b420,
0x000001bfe137a4f0, 0x000001bfe137d790, 0x000001bfe137c860, 0x000001bfe1379fe0,
0x000001bfe137be40, 0x000001bfe137c350, 0x000001bfe137af10, 0x000001bfe137aa00,
0x000001bfe137b930, 0x000001bfe137cd70, 0x000001bfe0e68d20, 0x000001bfe0e69c50,
0x000001bfe0e6a160, 0x000001bfe0e6bfc0, 0x000001bfe0e664a0, 0x000001bfe0e68300,
0x000001bfe0e65060, 0x000001bfe0e6c9e0, 0x000001bfe0e69740, 0x000001bfe0e68810,
0x000001bfe0e6c4d0, 0x000001bfe0e65570, 0x000001bfe0e6a670, 0x000001bfe0e65a80,
0x000001bfe0e669b0, 0x000001bfe0e66ec0, 0x000001bfe0e673d0, 0x000001bfe0e6b5a0,
0x000001bfe0f5a910, 0x000001bfe0f5ae20, 0x000001bfe0f58090, 0x000001bfe0f58ab0,
0x000001bfe0f594d0, 0x000001bfe0f585a0, 0x000001bfe0f57670, 0x000001bfe0f57b80,
0x000001bfe0f58fc0
}

Java Threads: ( => current thread )
  0x000001bfbf6022a0 JavaThread "main" [_thread_blocked, id=18140, stack(0x000000a351300000,0x000000a351400000)]
  0x000001bfd95a4090 JavaThread "Reference Handler" daemon [_thread_blocked, id=12308, stack(0x000000a351a00000,0x000000a351b00000)]
  0x000001bfd95a4d20 JavaThread "Finalizer" daemon [_thread_blocked, id=16540, stack(0x000000a351b00000,0x000000a351c00000)]
  0x000001bfd95cc620 JavaThread "Signal Dispatcher" daemon [_thread_blocked, id=16232, stack(0x000000a351c00000,0x000000a351d00000)]
  0x000001bfd95ccff0 JavaThread "Attach Listener" daemon [_thread_blocked, id=14224, stack(0x000000a351d00000,0x000000a351e00000)]
  0x000001bfd95cf9d0 JavaThread "Service Thread" daemon [_thread_blocked, id=16160, stack(0x000000a351e00000,0x000000a351f00000)]
  0x000001bfd95d02a0 JavaThread "Monitor Deflation Thread" daemon [_thread_blocked, id=1436, stack(0x000000a351f00000,0x000000a352000000)]
  0x000001bfd95d0f50 JavaThread "C2 CompilerThread0" daemon [_thread_in_native, id=3184, stack(0x000000a352000000,0x000000a352100000)]
  0x000001bfd95d1910 JavaThread "C1 CompilerThread0" daemon [_thread_blocked, id=17844, stack(0x000000a352100000,0x000000a352200000)]
  0x000001bfd95fb990 JavaThread "Sweeper thread" daemon [_thread_blocked, id=4092, stack(0x000000a352200000,0x000000a352300000)]
  0x000001bfd97029e0 JavaThread "Common-Cleaner" daemon [_thread_blocked, id=10412, stack(0x000000a352300000,0x000000a352400000)]
  0x000001bfd987cc70 JavaThread "Notification Thread" daemon [_thread_blocked, id=4524, stack(0x000000a352400000,0x000000a352500000)]
=>0x000001bfd9951590 JavaThread "C2 CompilerThread1" daemon [_thread_in_native, id=15976, stack(0x000000a352600000,0x000000a352700000)]
  0x000001bfde8f7700 JavaThread "Daemon health stats" [_thread_blocked, id=14944, stack(0x000000a352b00000,0x000000a352c00000)]
  0x000001bfdf403130 JavaThread "Incoming local TCP Connector on port 51209" [_thread_in_native, id=9544, stack(0x000000a352c00000,0x000000a352d00000)]
  0x000001bfe09c9940 JavaThread "Daemon periodic checks" [_thread_blocked, id=8328, stack(0x000000a352d00000,0x000000a352e00000)]
  0x000001bfe06be5c0 JavaThread "Daemon" [_thread_blocked, id=16356, stack(0x000000a352e00000,0x000000a352f00000)]
  0x000001bfdfff7850 JavaThread "Handler for socket connection from /127.0.0.1:51209 to /127.0.0.1:51210" [_thread_in_native, id=16812, stack(0x000000a352f00000,0x000000a353000000)]
  0x000001bfdf82ecc0 JavaThread "Cancel handler" [_thread_blocked, id=16212, stack(0x000000a353000000,0x000000a353100000)]
  0x000001bfe07986c0 JavaThread "Daemon worker" [_thread_in_vm, id=4352, stack(0x000000a353100000,0x000000a353200000)]
  0x000001bfe02524c0 JavaThread "Asynchronous log dispatcher for DefaultDaemonConnection: socket connection from /127.0.0.1:51209 to /127.0.0.1:51210" [_thread_blocked, id=16296, stack(0x000000a353200000,0x000000a353300000)]
  0x000001bfe0251aa0 JavaThread "Stdin handler" [_thread_blocked, id=14348, stack(0x000000a353300000,0x000000a353400000)]
  0x000001bfe02529d0 JavaThread "Daemon client event forwarder" [_thread_blocked, id=6768, stack(0x000000a353400000,0x000000a353500000)]
  0x000001bfe0251590 JavaThread "Cache worker for journal cache (C:\Users\marco\.gradle\caches\journal-1)" [_thread_blocked, id=3148, stack(0x000000a353900000,0x000000a353a00000)]
  0x000001bfe0251fb0 JavaThread "File lock request listener" [_thread_in_native, id=10812, stack(0x000000a353a00000,0x000000a353b00000)]
  0x000001bfe0253900 JavaThread "Cache worker for file hash cache (C:\Users\marco\.gradle\caches\8.7\fileHashes)" [_thread_blocked, id=16396, stack(0x000000a353b00000,0x000000a353c00000)]
  0x000001bfe0251080 JavaThread "Cache worker for file hash cache (E:\android\ProyectoIntegradorAndroid\.gradle\8.7\fileHashes)" [_thread_blocked, id=18112, stack(0x000000a353c00000,0x000000a353d00000)]
  0x000001bfe137b420 JavaThread "File watcher server" daemon [_thread_in_native, id=18160, stack(0x000000a353d00000,0x000000a353e00000)]
  0x000001bfe137a4f0 JavaThread "File watcher consumer" daemon [_thread_blocked, id=9304, stack(0x000000a353e00000,0x000000a353f00000)]
  0x000001bfe137d790 JavaThread "jar transforms" [_thread_blocked, id=8364, stack(0x000000a353f00000,0x000000a354000000)]
  0x000001bfe137c860 JavaThread "jar transforms Thread 2" [_thread_blocked, id=12688, stack(0x000000a354000000,0x000000a354100000)]
  0x000001bfe1379fe0 JavaThread "jar transforms Thread 3" [_thread_blocked, id=5316, stack(0x000000a354100000,0x000000a354200000)]
  0x000001bfe137be40 JavaThread "jar transforms Thread 4" [_thread_blocked, id=14400, stack(0x000000a354200000,0x000000a354300000)]
  0x000001bfe137c350 JavaThread "jar transforms Thread 5" [_thread_blocked, id=15768, stack(0x000000a354300000,0x000000a354400000)]
  0x000001bfe137af10 JavaThread "jar transforms Thread 6" [_thread_blocked, id=10792, stack(0x000000a354400000,0x000000a354500000)]
  0x000001bfe137aa00 JavaThread "jar transforms Thread 7" [_thread_blocked, id=17516, stack(0x000000a354500000,0x000000a354600000)]
  0x000001bfe137b930 JavaThread "jar transforms Thread 8" [_thread_blocked, id=17820, stack(0x000000a354600000,0x000000a354700000)]
  0x000001bfe137cd70 JavaThread "Cache worker for checksums cache (E:\android\ProyectoIntegradorAndroid\.gradle\8.7\checksums)" [_thread_blocked, id=14180, stack(0x000000a354700000,0x000000a354800000)]
  0x000001bfe0e68d20 JavaThread "Cache worker for cache directory md-supplier (C:\Users\marco\.gradle\caches\8.7\md-supplier)" [_thread_blocked, id=4464, stack(0x000000a354800000,0x000000a354900000)]
  0x000001bfe0e69c50 JavaThread "Cache worker for cache directory md-rule (C:\Users\marco\.gradle\caches\8.7\md-rule)" [_thread_blocked, id=1348, stack(0x000000a354900000,0x000000a354a00000)]
  0x000001bfe0e6a160 JavaThread "Cache worker for file content cache (C:\Users\marco\.gradle\caches\8.7\fileContent)" [_thread_blocked, id=18192, stack(0x000000a354a00000,0x000000a354b00000)]
  0x000001bfe0e6bfc0 JavaThread "Unconstrained build operations" [_thread_blocked, id=17708, stack(0x000000a354b00000,0x000000a354c00000)]
  0x000001bfe0e664a0 JavaThread "Unconstrained build operations Thread 2" [_thread_blocked, id=8296, stack(0x000000a354c00000,0x000000a354d00000)]
  0x000001bfe0e68300 JavaThread "Unconstrained build operations Thread 3" [_thread_blocked, id=15488, stack(0x000000a354d00000,0x000000a354e00000)]
  0x000001bfe0e65060 JavaThread "Unconstrained build operations Thread 4" [_thread_blocked, id=3392, stack(0x000000a354e00000,0x000000a354f00000)]
  0x000001bfe0e6c9e0 JavaThread "Unconstrained build operations Thread 5" [_thread_blocked, id=15804, stack(0x000000a354f00000,0x000000a355000000)]
  0x000001bfe0e69740 JavaThread "Unconstrained build operations Thread 6" [_thread_blocked, id=2392, stack(0x000000a355000000,0x000000a355100000)]
  0x000001bfe0e68810 JavaThread "Unconstrained build operations Thread 7" [_thread_blocked, id=10860, stack(0x000000a355100000,0x000000a355200000)]
  0x000001bfe0e6c4d0 JavaThread "Unconstrained build operations Thread 8" [_thread_blocked, id=11456, stack(0x000000a355200000,0x000000a355300000)]
  0x000001bfe0e65570 JavaThread "Unconstrained build operations Thread 9" [_thread_blocked, id=18036, stack(0x000000a355300000,0x000000a355400000)]
  0x000001bfe0e6a670 JavaThread "Cache worker for Build Output Cleanup Cache (E:\android\ProyectoIntegradorAndroid\.gradle\buildOutputCleanup)" [_thread_blocked, id=17592, stack(0x000000a355400000,0x000000a355500000)]
  0x000001bfe0e65a80 JavaThread "Unconstrained build operations Thread 10" [_thread_blocked, id=18300, stack(0x000000a355500000,0x000000a355600000)]
  0x000001bfe0e669b0 JavaThread "Unconstrained build operations Thread 11" [_thread_blocked, id=10312, stack(0x000000a355600000,0x000000a355700000)]
  0x000001bfe0e66ec0 JavaThread "Unconstrained build operations Thread 12" [_thread_blocked, id=5472, stack(0x000000a355700000,0x000000a355800000)]
  0x000001bfe0e673d0 JavaThread "Unconstrained build operations Thread 13" [_thread_blocked, id=4976, stack(0x000000a355800000,0x000000a355900000)]
  0x000001bfe0e6b5a0 JavaThread "Unconstrained build operations Thread 14" [_thread_blocked, id=16868, stack(0x000000a355900000,0x000000a355a00000)]
  0x000001bfe0f5a910 JavaThread "Unconstrained build operations Thread 15" [_thread_blocked, id=17828, stack(0x000000a355a00000,0x000000a355b00000)]
  0x000001bfe0f5ae20 JavaThread "Unconstrained build operations Thread 16" [_thread_blocked, id=17884, stack(0x000000a355b00000,0x000000a355c00000)]
  0x000001bfe0f58090 JavaThread "Unconstrained build operations Thread 17" [_thread_blocked, id=15752, stack(0x000000a355c00000,0x000000a355d00000)]
  0x000001bfe0f58ab0 JavaThread "Unconstrained build operations Thread 18" [_thread_blocked, id=10276, stack(0x000000a355d00000,0x000000a355e00000)]
  0x000001bfe0f594d0 JavaThread "Unconstrained build operations Thread 19" [_thread_blocked, id=3548, stack(0x000000a355e00000,0x000000a355f00000)]
  0x000001bfe0f585a0 JavaThread "Unconstrained build operations Thread 20" [_thread_blocked, id=16248, stack(0x000000a355f00000,0x000000a356000000)]
  0x000001bfe0f57670 JavaThread "Unconstrained build operations Thread 21" [_thread_blocked, id=11260, stack(0x000000a356000000,0x000000a356100000)]
  0x000001bfe0f57b80 JavaThread "Unconstrained build operations Thread 22" [_thread_blocked, id=17572, stack(0x000000a356100000,0x000000a356200000)]
  0x000001bfe0f58fc0 JavaThread "Unconstrained build operations Thread 23" [_thread_blocked, id=16656, stack(0x000000a356200000,0x000000a356300000)]

Other Threads:
  0x000001bfd9471460 VMThread "VM Thread" [stack: 0x000000a351900000,0x000000a351a00000] [id=1536]
  0x000001bfbf603030 WatcherThread [stack: 0x000000a352500000,0x000000a352600000] [id=18060]
  0x000001bfbd40e810 GCTaskThread "GC Thread#0" [stack: 0x000000a351400000,0x000000a351500000] [id=17876]
  0x000001bfdeb1cac0 GCTaskThread "GC Thread#1" [stack: 0x000000a352700000,0x000000a352800000] [id=13268]
  0x000001bfdeb1c200 GCTaskThread "GC Thread#2" [stack: 0x000000a352800000,0x000000a352900000] [id=7456]
  0x000001bfded694b0 GCTaskThread "GC Thread#3" [stack: 0x000000a352900000,0x000000a352a00000] [id=8660]
  0x000001bfde0c82b0 GCTaskThread "GC Thread#4" [stack: 0x000000a352a00000,0x000000a352b00000] [id=18172]
  0x000001bfdfc24cc0 GCTaskThread "GC Thread#5" [stack: 0x000000a353500000,0x000000a353600000] [id=16320]
  0x000001bfe0accdc0 GCTaskThread "GC Thread#6" [stack: 0x000000a353600000,0x000000a353700000] [id=18068]
  0x000001bfdf6c0310 GCTaskThread "GC Thread#7" [stack: 0x000000a353700000,0x000000a353800000] [id=15384]
  0x000001bfbf668a60 ConcurrentGCThread "G1 Main Marker" [stack: 0x000000a351500000,0x000000a351600000] [id=8356]
  0x000001bfbf669390 ConcurrentGCThread "G1 Conc#0" [stack: 0x000000a351600000,0x000000a351700000] [id=16428]
  0x000001bfdfaac510 ConcurrentGCThread "G1 Conc#1" [stack: 0x000000a353800000,0x000000a353900000] [id=15392]
  0x000001bfbf6ad5c0 ConcurrentGCThread "G1 Refine#0" [stack: 0x000000a351700000,0x000000a351800000] [id=17848]
  0x000001bfbf6adf00 ConcurrentGCThread "G1 Service" [stack: 0x000000a351800000,0x000000a351900000] [id=17032]

Threads with active compile tasks:
C2 CompilerThread0     7518 7165   !   4       sun.instrument.TransformerManager::transform (100 bytes)
C2 CompilerThread1     7518 7141       4       java.util.regex.Pattern::compile (500 bytes)

VM state: not at safepoint (normal execution)

VM Mutex/Monitor currently owned by a thread: None

Heap address: 0x0000000080000000, size: 2048 MB, Compressed Oops mode: 32-bit

CDS archive(s) not mapped
Compressed class space mapped at: 0x0000000100000000-0x0000000140000000, reserved size: 1073741824
Narrow klass base: 0x0000000000000000, Narrow klass shift: 3, Narrow klass range: 0x140000000

GC Precious Log:
 CPUs: 8 total, 8 available
 Memory: 8029M
 Large Page Support: Disabled
 NUMA Support: Disabled
 Compressed Oops: Enabled (32-bit)
 Heap Region Size: 1M
 Heap Min Capacity: 8M
 Heap Initial Capacity: 126M
 Heap Max Capacity: 2G
 Pre-touch: Disabled
 Parallel Workers: 8
 Concurrent Workers: 2
 Concurrent Refinement Workers: 8
 Periodic GC: Disabled

Heap:
 garbage-first heap   total 150528K, used 121811K [0x0000000080000000, 0x0000000100000000)
  region size 1024K, 32 young (32768K), 4 survivors (4096K)
 Metaspace       used 63626K, committed 64320K, reserved 1114112K
  class space    used 8695K, committed 9024K, reserved 1048576K

Heap Regions: E=young(eden), S=young(survivor), O=old, HS=humongous(starts), HC=humongous(continues), CS=collection set, F=free, OA=open archive, CA=closed archive, TAMS=top-at-mark-start (previous, next)
|   0|0x0000000080000000, 0x0000000080100000, 0x0000000080100000|100%|HS|  |TAMS 0x0000000080100000, 0x0000000080000000| Complete 
|   1|0x0000000080100000, 0x0000000080200000, 0x0000000080200000|100%|HC|  |TAMS 0x0000000080200000, 0x0000000080100000| Complete 
|   2|0x0000000080200000, 0x0000000080300000, 0x0000000080300000|100%|HC|  |TAMS 0x0000000080300000, 0x0000000080200000| Complete 
|   3|0x0000000080300000, 0x0000000080400000, 0x0000000080400000|100%|HC|  |TAMS 0x0000000080400000, 0x0000000080300000| Complete 
|   4|0x0000000080400000, 0x0000000080500000, 0x0000000080500000|100%| O|  |TAMS 0x0000000080500000, 0x0000000080400000| Untracked 
|   5|0x0000000080500000, 0x0000000080600000, 0x0000000080600000|100%| O|  |TAMS 0x0000000080600000, 0x0000000080500000| Untracked 
|   6|0x0000000080600000, 0x0000000080700000, 0x0000000080700000|100%| O|  |TAMS 0x0000000080700000, 0x0000000080600000| Untracked 
|   7|0x0000000080700000, 0x0000000080800000, 0x0000000080800000|100%| O|  |TAMS 0x0000000080800000, 0x0000000080700000| Untracked 
|   8|0x0000000080800000, 0x0000000080900000, 0x0000000080900000|100%| O|  |TAMS 0x0000000080900000, 0x0000000080800000| Untracked 
|   9|0x0000000080900000, 0x0000000080a00000, 0x0000000080a00000|100%| O|  |TAMS 0x0000000080a00000, 0x0000000080900000| Untracked 
|  10|0x0000000080a00000, 0x0000000080b00000, 0x0000000080b00000|100%| O|  |TAMS 0x0000000080b00000, 0x0000000080a00000| Untracked 
|  11|0x0000000080b00000, 0x0000000080c00000, 0x0000000080c00000|100%| O|  |TAMS 0x0000000080c00000, 0x0000000080b00000| Untracked 
|  12|0x0000000080c00000, 0x0000000080d00000, 0x0000000080d00000|100%| O|  |TAMS 0x0000000080d00000, 0x0000000080c00000| Untracked 
|  13|0x0000000080d00000, 0x0000000080e00000, 0x0000000080e00000|100%| O|  |TAMS 0x0000000080e00000, 0x0000000080d00000| Untracked 
|  14|0x0000000080e00000, 0x0000000080f00000, 0x0000000080f00000|100%| O|  |TAMS 0x0000000080f00000, 0x0000000080e00000| Untracked 
|  15|0x0000000080f00000, 0x0000000081000000, 0x0000000081000000|100%| O|  |TAMS 0x0000000081000000, 0x0000000080f00000| Untracked 
|  16|0x0000000081000000, 0x0000000081100000, 0x0000000081100000|100%| O|  |TAMS 0x0000000081100000, 0x0000000081000000| Untracked 
|  17|0x0000000081100000, 0x0000000081200000, 0x0000000081200000|100%| O|  |TAMS 0x0000000081200000, 0x0000000081100000| Untracked 
|  18|0x0000000081200000, 0x0000000081300000, 0x0000000081300000|100%| O|  |TAMS 0x0000000081300000, 0x0000000081200000| Untracked 
|  19|0x0000000081300000, 0x0000000081400000, 0x0000000081400000|100%| O|  |TAMS 0x0000000081400000, 0x0000000081300000| Untracked 
|  20|0x0000000081400000, 0x0000000081500000, 0x0000000081500000|100%| O|  |TAMS 0x0000000081500000, 0x0000000081400000| Untracked 
|  21|0x0000000081500000, 0x0000000081600000, 0x0000000081600000|100%| O|  |TAMS 0x0000000081600000, 0x0000000081500000| Complete 
|  22|0x0000000081600000, 0x0000000081700000, 0x0000000081700000|100%|HS|  |TAMS 0x0000000081700000, 0x0000000081600000| Complete 
|  23|0x0000000081700000, 0x0000000081800000, 0x0000000081800000|100%|HC|  |TAMS 0x0000000081800000, 0x0000000081700000| Complete 
|  24|0x0000000081800000, 0x0000000081900000, 0x0000000081900000|100%|HC|  |TAMS 0x0000000081900000, 0x0000000081800000| Complete 
|  25|0x0000000081900000, 0x0000000081a00000, 0x0000000081a00000|100%|HC|  |TAMS 0x0000000081a00000, 0x0000000081900000| Complete 
|  26|0x0000000081a00000, 0x0000000081b00000, 0x0000000081b00000|100%|HC|  |TAMS 0x0000000081b00000, 0x0000000081a00000| Complete 
|  27|0x0000000081b00000, 0x0000000081c00000, 0x0000000081c00000|100%|HS|  |TAMS 0x0000000081c00000, 0x0000000081b00000| Complete 
|  28|0x0000000081c00000, 0x0000000081d00000, 0x0000000081d00000|100%|HC|  |TAMS 0x0000000081d00000, 0x0000000081c00000| Complete 
|  29|0x0000000081d00000, 0x0000000081e00000, 0x0000000081e00000|100%|HC|  |TAMS 0x0000000081e00000, 0x0000000081d00000| Complete 
|  30|0x0000000081e00000, 0x0000000081f00000, 0x0000000081f00000|100%|HS|  |TAMS 0x0000000081f00000, 0x0000000081e00000| Complete 
|  31|0x0000000081f00000, 0x0000000082000000, 0x0000000082000000|100%|HC|  |TAMS 0x0000000082000000, 0x0000000081f00000| Complete 
|  32|0x0000000082000000, 0x0000000082100000, 0x0000000082100000|100%|HC|  |TAMS 0x0000000082100000, 0x0000000082000000| Complete 
|  33|0x0000000082100000, 0x0000000082200000, 0x0000000082200000|100%| O|  |TAMS 0x0000000082200000, 0x0000000082100000| Untracked 
|  34|0x0000000082200000, 0x0000000082300000, 0x0000000082300000|100%| O|  |TAMS 0x0000000082300000, 0x0000000082200000| Untracked 
|  35|0x0000000082300000, 0x0000000082400000, 0x0000000082400000|100%| O|  |TAMS 0x0000000082400000, 0x0000000082300000| Untracked 
|  36|0x0000000082400000, 0x0000000082500000, 0x0000000082500000|100%| O|  |TAMS 0x0000000082500000, 0x0000000082400000| Untracked 
|  37|0x0000000082500000, 0x0000000082600000, 0x0000000082600000|100%|HS|  |TAMS 0x0000000082600000, 0x0000000082500000| Complete 
|  38|0x0000000082600000, 0x0000000082700000, 0x0000000082700000|100%| O|  |TAMS 0x0000000082700000, 0x0000000082600000| Untracked 
|  39|0x0000000082700000, 0x0000000082800000, 0x0000000082800000|100%| O|  |TAMS 0x0000000082800000, 0x0000000082700000| Untracked 
|  40|0x0000000082800000, 0x0000000082900000, 0x0000000082900000|100%|HS|  |TAMS 0x0000000082900000, 0x0000000082800000| Complete 
|  41|0x0000000082900000, 0x0000000082a00000, 0x0000000082a00000|100%|HC|  |TAMS 0x0000000082a00000, 0x0000000082900000| Complete 
|  42|0x0000000082a00000, 0x0000000082b00000, 0x0000000082b00000|100%|HC|  |TAMS 0x0000000082b00000, 0x0000000082a00000| Complete 
|  43|0x0000000082b00000, 0x0000000082c00000, 0x0000000082c00000|100%| O|  |TAMS 0x0000000082c00000, 0x0000000082b00000| Untracked 
|  44|0x0000000082c00000, 0x0000000082d00000, 0x0000000082d00000|100%| O|  |TAMS 0x0000000082d00000, 0x0000000082c00000| Untracked 
|  45|0x0000000082d00000, 0x0000000082e00000, 0x0000000082e00000|100%| O|  |TAMS 0x0000000082e00000, 0x0000000082d00000| Untracked 
|  46|0x0000000082e00000, 0x0000000082f00000, 0x0000000082f00000|100%| O|  |TAMS 0x0000000082f00000, 0x0000000082e00000| Untracked 
|  47|0x0000000082f00000, 0x0000000083000000, 0x0000000083000000|100%| O|  |TAMS 0x0000000083000000, 0x0000000082f00000| Untracked 
|  48|0x0000000083000000, 0x0000000083100000, 0x0000000083100000|100%| O|  |TAMS 0x0000000083100000, 0x0000000083000000| Untracked 
|  49|0x0000000083100000, 0x0000000083200000, 0x0000000083200000|100%| O|  |TAMS 0x0000000083200000, 0x0000000083100000| Untracked 
|  50|0x0000000083200000, 0x0000000083300000, 0x0000000083300000|100%|HS|  |TAMS 0x0000000083300000, 0x0000000083200000| Complete 
|  51|0x0000000083300000, 0x0000000083400000, 0x0000000083400000|100%|HC|  |TAMS 0x0000000083400000, 0x0000000083300000| Complete 
|  52|0x0000000083400000, 0x0000000083500000, 0x0000000083500000|100%|HC|  |TAMS 0x0000000083500000, 0x0000000083400000| Complete 
|  53|0x0000000083500000, 0x0000000083600000, 0x0000000083600000|100%|HC|  |TAMS 0x0000000083600000, 0x0000000083500000| Complete 
|  54|0x0000000083600000, 0x0000000083700000, 0x0000000083700000|100%|HC|  |TAMS 0x0000000083700000, 0x0000000083600000| Complete 
|  55|0x0000000083700000, 0x0000000083800000, 0x0000000083800000|100%|HS|  |TAMS 0x0000000083800000, 0x0000000083700000| Complete 
|  56|0x0000000083800000, 0x0000000083900000, 0x0000000083900000|100%|HC|  |TAMS 0x0000000083900000, 0x0000000083800000| Complete 
|  57|0x0000000083900000, 0x0000000083a00000, 0x0000000083a00000|100%|HC|  |TAMS 0x0000000083a00000, 0x0000000083900000| Complete 
|  58|0x0000000083a00000, 0x0000000083b00000, 0x0000000083b00000|100%|HC|  |TAMS 0x0000000083b00000, 0x0000000083a00000| Complete 
|  59|0x0000000083b00000, 0x0000000083c00000, 0x0000000083c00000|100%|HC|  |TAMS 0x0000000083c00000, 0x0000000083b00000| Complete 
|  60|0x0000000083c00000, 0x0000000083d00000, 0x0000000083d00000|100%| O|  |TAMS 0x0000000083d00000, 0x0000000083c00000| Untracked 
|  61|0x0000000083d00000, 0x0000000083e00000, 0x0000000083e00000|100%| O|  |TAMS 0x0000000083e00000, 0x0000000083d00000| Untracked 
|  62|0x0000000083e00000, 0x0000000083f00000, 0x0000000083f00000|100%| O|  |TAMS 0x0000000083f00000, 0x0000000083e00000| Untracked 
|  63|0x0000000083f00000, 0x0000000084000000, 0x0000000084000000|100%| O|  |TAMS 0x0000000084000000, 0x0000000083f00000| Untracked 
|  64|0x0000000084000000, 0x0000000084100000, 0x0000000084100000|100%| O|  |TAMS 0x0000000084100000, 0x0000000084000000| Untracked 
|  65|0x0000000084100000, 0x0000000084200000, 0x0000000084200000|100%| O|  |TAMS 0x0000000084200000, 0x0000000084100000| Untracked 
|  66|0x0000000084200000, 0x0000000084300000, 0x0000000084300000|100%| O|  |TAMS 0x0000000084300000, 0x0000000084200000| Untracked 
|  67|0x0000000084300000, 0x0000000084400000, 0x0000000084400000|100%| O|  |TAMS 0x0000000084400000, 0x0000000084300000| Untracked 
|  68|0x0000000084400000, 0x0000000084500000, 0x0000000084500000|100%| O|  |TAMS 0x00000000844f2a00, 0x0000000084400000| Untracked 
|  69|0x0000000084500000, 0x0000000084600000, 0x0000000084600000|100%| O|  |TAMS 0x0000000084500000, 0x0000000084500000| Untracked 
|  70|0x0000000084600000, 0x0000000084700000, 0x0000000084700000|100%| O|  |TAMS 0x0000000084600000, 0x0000000084600000| Untracked 
|  71|0x0000000084700000, 0x0000000084800000, 0x0000000084800000|100%| O|  |TAMS 0x0000000084700000, 0x0000000084700000| Untracked 
|  72|0x0000000084800000, 0x0000000084900000, 0x0000000084900000|100%| O|  |TAMS 0x0000000084800000, 0x0000000084800000| Untracked 
|  73|0x0000000084900000, 0x0000000084a00000, 0x0000000084a00000|100%| O|  |TAMS 0x0000000084900000, 0x0000000084900000| Untracked 
|  74|0x0000000084a00000, 0x0000000084a32400, 0x0000000084b00000| 19%| O|  |TAMS 0x0000000084a00000, 0x0000000084a00000| Untracked 
|  75|0x0000000084b00000, 0x0000000084c00000, 0x0000000084c00000|100%|HS|  |TAMS 0x0000000084b00000, 0x0000000084b00000| Complete 
|  76|0x0000000084c00000, 0x0000000084d00000, 0x0000000084d00000|100%|HS|  |TAMS 0x0000000084c00000, 0x0000000084c00000| Complete 
|  77|0x0000000084d00000, 0x0000000084e00000, 0x0000000084e00000|100%|HS|  |TAMS 0x0000000084d00000, 0x0000000084d00000| Complete 
|  78|0x0000000084e00000, 0x0000000084f00000, 0x0000000084f00000|100%|HC|  |TAMS 0x0000000084e00000, 0x0000000084e00000| Complete 
|  79|0x0000000084f00000, 0x0000000085000000, 0x0000000085000000|100%|HS|  |TAMS 0x0000000084f00000, 0x0000000084f00000| Complete 
|  80|0x0000000085000000, 0x0000000085100000, 0x0000000085100000|100%|HC|  |TAMS 0x0000000085000000, 0x0000000085000000| Complete 
|  81|0x0000000085100000, 0x0000000085200000, 0x0000000085200000|100%|HS|  |TAMS 0x0000000085100000, 0x0000000085100000| Complete 
|  82|0x0000000085200000, 0x0000000085300000, 0x0000000085300000|100%|HS|  |TAMS 0x0000000085200000, 0x0000000085200000| Complete 
|  83|0x0000000085300000, 0x0000000085400000, 0x0000000085400000|100%|HS|  |TAMS 0x0000000085300000, 0x0000000085300000| Complete 
|  84|0x0000000085400000, 0x0000000085500000, 0x0000000085500000|100%|HC|  |TAMS 0x0000000085400000, 0x0000000085400000| Complete 
|  85|0x0000000085500000, 0x0000000085600000, 0x0000000085600000|100%|HC|  |TAMS 0x0000000085500000, 0x0000000085500000| Complete 
|  86|0x0000000085600000, 0x0000000085700000, 0x0000000085700000|100%|HC|  |TAMS 0x0000000085600000, 0x0000000085600000| Complete 
|  87|0x0000000085700000, 0x0000000085800000, 0x0000000085800000|100%|HS|  |TAMS 0x0000000085700000, 0x0000000085700000| Complete 
|  88|0x0000000085800000, 0x0000000085900000, 0x0000000085900000|100%|HS|  |TAMS 0x0000000085800000, 0x0000000085800000| Complete 
|  89|0x0000000085900000, 0x0000000085a00000, 0x0000000085a00000|100%|HS|  |TAMS 0x0000000085900000, 0x0000000085900000| Complete 
|  90|0x0000000085a00000, 0x0000000085a00000, 0x0000000085b00000|  0%| F|  |TAMS 0x0000000085a00000, 0x0000000085a00000| Untracked 
|  91|0x0000000085b00000, 0x0000000085b00000, 0x0000000085c00000|  0%| F|  |TAMS 0x0000000085b00000, 0x0000000085b00000| Untracked 
|  92|0x0000000085c00000, 0x0000000085c00000, 0x0000000085d00000|  0%| F|  |TAMS 0x0000000085c00000, 0x0000000085c00000| Untracked 
|  93|0x0000000085d00000, 0x0000000085d00000, 0x0000000085e00000|  0%| F|  |TAMS 0x0000000085d00000, 0x0000000085d00000| Untracked 
|  94|0x0000000085e00000, 0x0000000085e00000, 0x0000000085f00000|  0%| F|  |TAMS 0x0000000085e00000, 0x0000000085e00000| Untracked 
|  95|0x0000000085f00000, 0x0000000085f00000, 0x0000000086000000|  0%| F|  |TAMS 0x0000000085f00000, 0x0000000085f00000| Untracked 
|  96|0x0000000086000000, 0x0000000086000000, 0x0000000086100000|  0%| F|  |TAMS 0x0000000086000000, 0x0000000086000000| Untracked 
|  97|0x0000000086100000, 0x0000000086100000, 0x0000000086200000|  0%| F|  |TAMS 0x0000000086100000, 0x0000000086100000| Untracked 
|  98|0x0000000086200000, 0x0000000086200000, 0x0000000086300000|  0%| F|  |TAMS 0x0000000086200000, 0x0000000086200000| Untracked 
|  99|0x0000000086300000, 0x0000000086300000, 0x0000000086400000|  0%| F|  |TAMS 0x0000000086300000, 0x0000000086300000| Untracked 
| 100|0x0000000086400000, 0x0000000086400000, 0x0000000086500000|  0%| F|  |TAMS 0x0000000086400000, 0x0000000086400000| Untracked 
| 101|0x0000000086500000, 0x0000000086500000, 0x0000000086600000|  0%| F|  |TAMS 0x0000000086500000, 0x0000000086500000| Untracked 
| 102|0x0000000086600000, 0x0000000086600000, 0x0000000086700000|  0%| F|  |TAMS 0x0000000086600000, 0x0000000086600000| Untracked 
| 103|0x0000000086700000, 0x0000000086700000, 0x0000000086800000|  0%| F|  |TAMS 0x0000000086700000, 0x0000000086700000| Untracked 
| 104|0x0000000086800000, 0x0000000086800000, 0x0000000086900000|  0%| F|  |TAMS 0x0000000086800000, 0x0000000086800000| Untracked 
| 105|0x0000000086900000, 0x0000000086900000, 0x0000000086a00000|  0%| F|  |TAMS 0x0000000086900000, 0x0000000086900000| Untracked 
| 106|0x0000000086a00000, 0x0000000086a00000, 0x0000000086b00000|  0%| F|  |TAMS 0x0000000086a00000, 0x0000000086a00000| Untracked 
| 107|0x0000000086b00000, 0x0000000086b00000, 0x0000000086c00000|  0%| F|  |TAMS 0x0000000086b00000, 0x0000000086b00000| Untracked 
| 108|0x0000000086c00000, 0x0000000086c00000, 0x0000000086d00000|  0%| F|  |TAMS 0x0000000086c00000, 0x0000000086c00000| Untracked 
| 109|0x0000000086d00000, 0x0000000086dc2be0, 0x0000000086e00000| 76%| S|CS|TAMS 0x0000000086d00000, 0x0000000086d00000| Complete 
| 110|0x0000000086e00000, 0x0000000086f00000, 0x0000000086f00000|100%| S|CS|TAMS 0x0000000086e00000, 0x0000000086e00000| Complete 
| 111|0x0000000086f00000, 0x0000000087000000, 0x0000000087000000|100%| S|CS|TAMS 0x0000000086f00000, 0x0000000086f00000| Complete 
| 112|0x0000000087000000, 0x0000000087100000, 0x0000000087100000|100%| S|CS|TAMS 0x0000000087000000, 0x0000000087000000| Complete 
| 113|0x0000000087100000, 0x0000000087100000, 0x0000000087200000|  0%| F|  |TAMS 0x0000000087100000, 0x0000000087100000| Untracked 
| 114|0x0000000087200000, 0x0000000087200000, 0x0000000087300000|  0%| F|  |TAMS 0x0000000087200000, 0x0000000087200000| Untracked 
| 115|0x0000000087300000, 0x0000000087300000, 0x0000000087400000|  0%| F|  |TAMS 0x0000000087300000, 0x0000000087300000| Untracked 
| 116|0x0000000087400000, 0x0000000087400000, 0x0000000087500000|  0%| F|  |TAMS 0x0000000087400000, 0x0000000087400000| Untracked 
| 117|0x0000000087500000, 0x0000000087500000, 0x0000000087600000|  0%| F|  |TAMS 0x0000000087500000, 0x0000000087500000| Untracked 
| 118|0x0000000087600000, 0x0000000087600000, 0x0000000087700000|  0%| F|  |TAMS 0x0000000087600000, 0x0000000087600000| Untracked 
| 119|0x0000000087700000, 0x00000000877dd168, 0x0000000087800000| 86%| E|  |TAMS 0x0000000087700000, 0x0000000087700000| Complete 
| 120|0x0000000087800000, 0x0000000087900000, 0x0000000087900000|100%| E|CS|TAMS 0x0000000087800000, 0x0000000087800000| Complete 
| 121|0x0000000087900000, 0x0000000087a00000, 0x0000000087a00000|100%| E|CS|TAMS 0x0000000087900000, 0x0000000087900000| Complete 
| 122|0x0000000087a00000, 0x0000000087b00000, 0x0000000087b00000|100%| E|CS|TAMS 0x0000000087a00000, 0x0000000087a00000| Complete 
| 123|0x0000000087b00000, 0x0000000087c00000, 0x0000000087c00000|100%| E|CS|TAMS 0x0000000087b00000, 0x0000000087b00000| Complete 
| 124|0x0000000087c00000, 0x0000000087d00000, 0x0000000087d00000|100%| E|CS|TAMS 0x0000000087c00000, 0x0000000087c00000| Complete 
| 125|0x0000000087d00000, 0x0000000087e00000, 0x0000000087e00000|100%| E|CS|TAMS 0x0000000087d00000, 0x0000000087d00000| Complete 
| 126|0x0000000087e00000, 0x0000000087f00000, 0x0000000087f00000|100%| E|  |TAMS 0x0000000087e00000, 0x0000000087e00000| Complete 
| 127|0x0000000087f00000, 0x0000000088000000, 0x0000000088000000|100%| E|CS|TAMS 0x0000000087f00000, 0x0000000087f00000| Complete 
| 128|0x0000000088000000, 0x0000000088100000, 0x0000000088100000|100%| E|CS|TAMS 0x0000000088000000, 0x0000000088000000| Complete 
| 129|0x0000000088100000, 0x0000000088200000, 0x0000000088200000|100%| E|CS|TAMS 0x0000000088100000, 0x0000000088100000| Complete 
| 130|0x0000000088200000, 0x0000000088300000, 0x0000000088300000|100%| E|CS|TAMS 0x0000000088200000, 0x0000000088200000| Complete 
| 131|0x0000000088300000, 0x0000000088400000, 0x0000000088400000|100%| E|CS|TAMS 0x0000000088300000, 0x0000000088300000| Complete 
| 132|0x0000000088400000, 0x0000000088500000, 0x0000000088500000|100%| E|CS|TAMS 0x0000000088400000, 0x0000000088400000| Complete 
| 133|0x0000000088500000, 0x0000000088600000, 0x0000000088600000|100%| E|CS|TAMS 0x0000000088500000, 0x0000000088500000| Complete 
| 134|0x0000000088600000, 0x0000000088700000, 0x0000000088700000|100%| E|CS|TAMS 0x0000000088600000, 0x0000000088600000| Complete 
| 135|0x0000000088700000, 0x0000000088800000, 0x0000000088800000|100%| E|CS|TAMS 0x0000000088700000, 0x0000000088700000| Complete 
| 136|0x0000000088800000, 0x0000000088900000, 0x0000000088900000|100%| E|CS|TAMS 0x0000000088800000, 0x0000000088800000| Complete 
| 137|0x0000000088900000, 0x0000000088a00000, 0x0000000088a00000|100%| E|CS|TAMS 0x0000000088900000, 0x0000000088900000| Complete 
| 138|0x0000000088a00000, 0x0000000088b00000, 0x0000000088b00000|100%| E|CS|TAMS 0x0000000088a00000, 0x0000000088a00000| Complete 
| 139|0x0000000088b00000, 0x0000000088c00000, 0x0000000088c00000|100%| E|CS|TAMS 0x0000000088b00000, 0x0000000088b00000| Complete 
| 140|0x0000000088c00000, 0x0000000088d00000, 0x0000000088d00000|100%| E|CS|TAMS 0x0000000088c00000, 0x0000000088c00000| Complete 
| 141|0x0000000088d00000, 0x0000000088e00000, 0x0000000088e00000|100%| E|CS|TAMS 0x0000000088d00000, 0x0000000088d00000| Complete 
| 142|0x0000000088e00000, 0x0000000088f00000, 0x0000000088f00000|100%| E|CS|TAMS 0x0000000088e00000, 0x0000000088e00000| Complete 
| 143|0x0000000088f00000, 0x0000000089000000, 0x0000000089000000|100%| E|CS|TAMS 0x0000000088f00000, 0x0000000088f00000| Complete 
| 144|0x0000000089000000, 0x0000000089100000, 0x0000000089100000|100%| E|CS|TAMS 0x0000000089000000, 0x0000000089000000| Complete 
| 145|0x0000000089100000, 0x0000000089200000, 0x0000000089200000|100%| E|CS|TAMS 0x0000000089100000, 0x0000000089100000| Complete 
| 146|0x0000000089200000, 0x0000000089300000, 0x0000000089300000|100%| E|CS|TAMS 0x0000000089200000, 0x0000000089200000| Complete 

Card table byte_map: [0x000001bfd2200000,0x000001bfd2600000] _byte_map_base: 0x000001bfd1e00000

Marking Bits (Prev, Next): (CMBitMap*) 0x000001bfbf658370, (CMBitMap*) 0x000001bfbf6583b0
 Prev Bits: [0x000001bfd2a00000, 0x000001bfd4a00000)
 Next Bits: [0x000001bfd4a00000, 0x000001bfd6a00000)

Polling page: 0x000001bfbd5a0000

Metaspace:

Usage:
  Non-class:     53.66 MB used.
      Class:      8.50 MB used.
       Both:     62.16 MB used.

Virtual space:
  Non-class space:       64.00 MB reserved,      54.06 MB ( 84%) committed,  1 nodes.
      Class space:        1.00 GB reserved,       8.81 MB ( <1%) committed,  1 nodes.
             Both:        1.06 GB reserved,      62.88 MB (  6%) committed. 

Chunk freelists:
   Non-Class:  9.67 MB
       Class:  7.22 MB
        Both:  16.89 MB

MaxMetaspaceSize: unlimited
CompressedClassSpaceSize: 1.00 GB
Initial GC threshold: 21.00 MB
Current GC threshold: 102.75 MB
CDS: off
MetaspaceReclaimPolicy: balanced
 - commit_granule_bytes: 65536.
 - commit_granule_words: 8192.
 - virtual_space_node_default_size: 8388608.
 - enlarge_chunks_in_place: 1.
 - new_chunks_are_fully_committed: 0.
 - uncommit_free_chunks: 1.
 - use_allocation_guard: 0.
 - handle_deallocations: 1.


Internal statistics:

num_allocs_failed_limit: 9.
num_arena_births: 780.
num_arena_deaths: 0.
num_vsnodes_births: 2.
num_vsnodes_deaths: 0.
num_space_committed: 1006.
num_space_uncommitted: 0.
num_chunks_returned_to_freelist: 9.
num_chunks_taken_from_freelist: 3094.
num_chunk_merges: 9.
num_chunk_splits: 1982.
num_chunks_enlarged: 1266.
num_inconsistent_stats: 0.

CodeHeap 'non-profiled nmethods': size=120000Kb used=3093Kb max_used=3318Kb free=116906Kb
 bounds [0x000001bfca5a0000, 0x000001bfca8e0000, 0x000001bfd1ad0000]
CodeHeap 'profiled nmethods': size=120000Kb used=12396Kb max_used=12396Kb free=107603Kb
 bounds [0x000001bfc2ad0000, 0x000001bfc36f0000, 0x000001bfca000000]
CodeHeap 'non-nmethods': size=5760Kb used=2334Kb max_used=2413Kb free=3425Kb
 bounds [0x000001bfca000000, 0x000001bfca270000, 0x000001bfca5a0000]
 total_blobs=7266 nmethods=6414 adapters=763
 compilation: enabled
              stopped_count=0, restarted_count=0
 full_count=0

Compilation events (20 events):
Event: 7.456 Thread 0x000001bfd95d0f50 nmethod 7153 0x000001bfca682390 code [0x000001bfca682520, 0x000001bfca6828d8]
Event: 7.458 Thread 0x000001bfd95d0f50 7154       4       java.lang.String::indexOf (64 bytes)
Event: 7.459 Thread 0x000001bfd95d0f50 nmethod 7154 0x000001bfca681e90 code [0x000001bfca682000, 0x000001bfca682258]
Event: 7.464 Thread 0x000001bfd95d0f50 7155       4       org.gradle.internal.io.StreamByteBuffer::prepareRead (102 bytes)
Event: 7.467 Thread 0x000001bfd95d0f50 nmethod 7155 0x000001bfca681810 code [0x000001bfca6819a0, 0x000001bfca681ce8]
Event: 7.468 Thread 0x000001bfd95d0f50 7156       4       java.io.File::isInvalid (47 bytes)
Event: 7.470 Thread 0x000001bfd95d0f50 nmethod 7156 0x000001bfca681190 code [0x000001bfca681320, 0x000001bfca6815d8]
Event: 7.473 Thread 0x000001bfd95d1910 7157       3       org.gradle.internal.classloader.VisitableURLClassLoader$InstrumentingVisitableURLClassLoader::instrumentClass (10 bytes)
Event: 7.473 Thread 0x000001bfd95d1910 nmethod 7157 0x000001bfc36e8d10 code [0x000001bfc36e8f20, 0x000001bfc36e94b8]
Event: 7.473 Thread 0x000001bfd95d1910 7158   !   3       org.gradle.internal.classloader.TransformReplacer::getInstrumentedClass (34 bytes)
Event: 7.474 Thread 0x000001bfd95d1910 nmethod 7158 0x000001bfc36e9790 code [0x000001bfc36e9980, 0x000001bfc36e9e98]
Event: 7.474 Thread 0x000001bfd95d1910 7159  s!   3       org.gradle.internal.classloader.TransformReplacer$JarLoader::loadTransformedClass (56 bytes)
Event: 7.474 Thread 0x000001bfd95d1910 nmethod 7159 0x000001bfc36ea110 code [0x000001bfc36ea3e0, 0x000001bfc36eb328]
Event: 7.474 Thread 0x000001bfd95d1910 7160       3       org.gradle.internal.io.StreamByteBuffer::of (22 bytes)
Event: 7.475 Thread 0x000001bfd95d1910 nmethod 7160 0x000001bfc36eb910 code [0x000001bfc36ebb00, 0x000001bfc36ebfa8]
Event: 7.483 Thread 0x000001bfd95d1910 7161       3       java.util.zip.ZipFile$ZipFileInflaterInputStream::available (44 bytes)
Event: 7.483 Thread 0x000001bfd95d1910 nmethod 7161 0x000001bfc36ec190 code [0x000001bfc36ec360, 0x000001bfc36ec6c8]
Event: 7.483 Thread 0x000001bfd95d1910 7162   !   3       java.util.zip.Inflater::getBytesWritten (23 bytes)
Event: 7.483 Thread 0x000001bfd95d1910 nmethod 7162 0x000001bfc36ec810 code [0x000001bfc36ec9c0, 0x000001bfc36ecbe8]
Event: 7.489 Thread 0x000001bfd95d0f50 7163   !   4       java.util.zip.ZipFile$Source::readFullyAt (74 bytes)

GC Heap History (20 events):
Event: 3.292 GC heap before
{Heap before GC invocations=8 (full 0):
 garbage-first heap   total 71680K, used 37854K [0x0000000080000000, 0x0000000100000000)
  region size 1024K, 6 young (6144K), 4 survivors (4096K)
 Metaspace       used 32206K, committed 32512K, reserved 1114112K
  class space    used 4356K, committed 4480K, reserved 1048576K
}
Event: 3.296 GC heap after
{Heap after GC invocations=9 (full 0):
 garbage-first heap   total 106496K, used 37971K [0x0000000080000000, 0x0000000100000000)
  region size 1024K, 1 young (1024K), 1 survivors (1024K)
 Metaspace       used 32206K, committed 32512K, reserved 1114112K
  class space    used 4356K, committed 4480K, reserved 1048576K
}
Event: 3.696 GC heap before
{Heap before GC invocations=9 (full 0):
 garbage-first heap   total 106496K, used 65619K [0x0000000080000000, 0x0000000100000000)
  region size 1024K, 29 young (29696K), 1 survivors (1024K)
 Metaspace       used 35686K, committed 35968K, reserved 1114112K
  class space    used 4910K, committed 5056K, reserved 1048576K
}
Event: 3.699 GC heap after
{Heap after GC invocations=10 (full 0):
 garbage-first heap   total 106496K, used 40048K [0x0000000080000000, 0x0000000100000000)
  region size 1024K, 3 young (3072K), 3 survivors (3072K)
 Metaspace       used 35686K, committed 35968K, reserved 1114112K
  class space    used 4910K, committed 5056K, reserved 1048576K
}
Event: 4.160 GC heap before
{Heap before GC invocations=11 (full 0):
 garbage-first heap   total 106496K, used 72816K [0x0000000080000000, 0x0000000100000000)
  region size 1024K, 35 young (35840K), 3 survivors (3072K)
 Metaspace       used 40645K, committed 41088K, reserved 1114112K
  class space    used 5621K, committed 5824K, reserved 1048576K
}
Event: 4.164 GC heap after
{Heap after GC invocations=12 (full 0):
 garbage-first heap   total 106496K, used 42244K [0x0000000080000000, 0x0000000100000000)
  region size 1024K, 5 young (5120K), 5 survivors (5120K)
 Metaspace       used 40645K, committed 41088K, reserved 1114112K
  class space    used 5621K, committed 5824K, reserved 1048576K
}
Event: 4.501 GC heap before
{Heap before GC invocations=12 (full 0):
 garbage-first heap   total 106496K, used 75012K [0x0000000080000000, 0x0000000100000000)
  region size 1024K, 38 young (38912K), 5 survivors (5120K)
 Metaspace       used 44710K, committed 45184K, reserved 1114112K
  class space    used 6038K, committed 6272K, reserved 1048576K
}
Event: 4.507 GC heap after
{Heap after GC invocations=13 (full 0):
 garbage-first heap   total 106496K, used 45862K [0x0000000080000000, 0x0000000100000000)
  region size 1024K, 5 young (5120K), 5 survivors (5120K)
 Metaspace       used 44710K, committed 45184K, reserved 1114112K
  class space    used 6038K, committed 6272K, reserved 1048576K
}
Event: 4.983 GC heap before
{Heap before GC invocations=13 (full 0):
 garbage-first heap   total 106496K, used 83750K [0x0000000080000000, 0x0000000100000000)
  region size 1024K, 38 young (38912K), 5 survivors (5120K)
 Metaspace       used 49395K, committed 49920K, reserved 1114112K
  class space    used 6620K, committed 6848K, reserved 1048576K
}
Event: 4.989 GC heap after
{Heap after GC invocations=14 (full 0):
 garbage-first heap   total 106496K, used 48706K [0x0000000080000000, 0x0000000100000000)
  region size 1024K, 3 young (3072K), 3 survivors (3072K)
 Metaspace       used 49395K, committed 49920K, reserved 1114112K
  class space    used 6620K, committed 6848K, reserved 1048576K
}
Event: 5.275 GC heap before
{Heap before GC invocations=14 (full 0):
 garbage-first heap   total 106496K, used 64066K [0x0000000080000000, 0x0000000100000000)
  region size 1024K, 20 young (20480K), 3 survivors (3072K)
 Metaspace       used 50809K, committed 51264K, reserved 1114112K
  class space    used 6859K, committed 7040K, reserved 1048576K
}
Event: 5.281 GC heap after
{Heap after GC invocations=15 (full 0):
 garbage-first heap   total 143360K, used 50822K [0x0000000080000000, 0x0000000100000000)
  region size 1024K, 5 young (5120K), 5 survivors (5120K)
 Metaspace       used 50809K, committed 51264K, reserved 1114112K
  class space    used 6859K, committed 7040K, reserved 1048576K
}
Event: 5.978 GC heap before
{Heap before GC invocations=15 (full 0):
 garbage-first heap   total 143360K, used 122502K [0x0000000080000000, 0x0000000100000000)
  region size 1024K, 61 young (62464K), 5 survivors (5120K)
 Metaspace       used 55579K, committed 56192K, reserved 1114112K
  class space    used 7479K, committed 7744K, reserved 1048576K
}
Event: 5.984 GC heap after
{Heap after GC invocations=16 (full 0):
 garbage-first heap   total 143360K, used 69077K [0x0000000080000000, 0x0000000100000000)
  region size 1024K, 8 young (8192K), 8 survivors (8192K)
 Metaspace       used 55579K, committed 56192K, reserved 1114112K
  class space    used 7479K, committed 7744K, reserved 1048576K
}
Event: 6.413 GC heap before
{Heap before GC invocations=16 (full 0):
 garbage-first heap   total 143360K, used 104917K [0x0000000080000000, 0x0000000100000000)
  region size 1024K, 44 young (45056K), 8 survivors (8192K)
 Metaspace       used 59518K, committed 60160K, reserved 1114112K
  class space    used 8145K, committed 8448K, reserved 1048576K
}
Event: 6.419 GC heap after
{Heap after GC invocations=17 (full 0):
 garbage-first heap   total 143360K, used 71891K [0x0000000080000000, 0x0000000100000000)
  region size 1024K, 3 young (3072K), 3 survivors (3072K)
 Metaspace       used 59518K, committed 60160K, reserved 1114112K
  class space    used 8145K, committed 8448K, reserved 1048576K
}
Event: 7.085 GC heap before
{Heap before GC invocations=18 (full 0):
 garbage-first heap   total 143360K, used 113875K [0x0000000080000000, 0x0000000100000000)
  region size 1024K, 45 young (46080K), 3 survivors (3072K)
 Metaspace       used 62080K, committed 62720K, reserved 1114112K
  class space    used 8505K, committed 8768K, reserved 1048576K
}
Event: 7.093 GC heap after
{Heap after GC invocations=19 (full 0):
 garbage-first heap   total 143360K, used 76746K [0x0000000080000000, 0x0000000100000000)
  region size 1024K, 6 young (6144K), 6 survivors (6144K)
 Metaspace       used 62080K, committed 62720K, reserved 1114112K
  class space    used 8505K, committed 8768K, reserved 1048576K
}
Event: 7.277 GC heap before
{Heap before GC invocations=19 (full 0):
 garbage-first heap   total 143360K, used 102346K [0x0000000080000000, 0x0000000100000000)
  region size 1024K, 33 young (33792K), 6 survivors (6144K)
 Metaspace       used 62348K, committed 63040K, reserved 1114112K
  class space    used 8522K, committed 8832K, reserved 1048576K
}
Event: 7.284 GC heap after
{Heap after GC invocations=20 (full 0):
 garbage-first heap   total 143360K, used 79827K [0x0000000080000000, 0x0000000100000000)
  region size 1024K, 4 young (4096K), 4 survivors (4096K)
 Metaspace       used 62348K, committed 63040K, reserved 1114112K
  class space    used 8522K, committed 8832K, reserved 1048576K
}

Dll operation events (3 events):
Event: 0.010 Loaded shared library D:\Android Studio\jbr\bin\java.dll
Event: 0.152 Loaded shared library D:\Android Studio\jbr\bin\zip.dll
Event: 0.510 Loaded shared library D:\Android Studio\jbr\bin\verify.dll

Deoptimization events (20 events):
Event: 7.403 Thread 0x000001bfe07986c0 Uncommon trap: trap_request=0xffffffbe fr.pc=0x000001bfca6f7c58 relative=0x0000000000000298
Event: 7.403 Thread 0x000001bfe07986c0 Uncommon trap: reason=profile_predicate action=maybe_recompile pc=0x000001bfca6f7c58 method=sun.instrument.TransformerManager.transform(Ljava/lang/Module;Ljava/lang/ClassLoader;Ljava/lang/String;Ljava/lang/Class;Ljava/security/ProtectionDomain;[B)[B @ 21 
Event: 7.403 Thread 0x000001bfe07986c0 DEOPT PACKING pc=0x000001bfca6f7c58 sp=0x000000a3531f2e70
Event: 7.403 Thread 0x000001bfe07986c0 DEOPT UNPACKING pc=0x000001bfca0569a3 sp=0x000000a3531f2df0 mode 2
Event: 7.409 Thread 0x000001bfe07986c0 Uncommon trap: trap_request=0xffffffde fr.pc=0x000001bfca77a4c0 relative=0x00000000000057a0
Event: 7.409 Thread 0x000001bfe07986c0 Uncommon trap: reason=class_check action=maybe_recompile pc=0x000001bfca77a4c0 method=java.lang.Class.createAnnotationData(I)Ljava/lang/Class$AnnotationData; @ 103 c2
Event: 7.409 Thread 0x000001bfe07986c0 DEOPT PACKING pc=0x000001bfca77a4c0 sp=0x000000a3531f5fb0
Event: 7.409 Thread 0x000001bfe07986c0 DEOPT UNPACKING pc=0x000001bfca0569a3 sp=0x000000a3531f5f70 mode 2
Event: 7.432 Thread 0x000001bfe07986c0 Uncommon trap: trap_request=0xffffffde fr.pc=0x000001bfca8d1ca8 relative=0x00000000000008c8
Event: 7.432 Thread 0x000001bfe07986c0 Uncommon trap: reason=class_check action=maybe_recompile pc=0x000001bfca8d1ca8 method=java.io.BufferedInputStream.read1([BII)I @ 39 c2
Event: 7.432 Thread 0x000001bfe07986c0 DEOPT PACKING pc=0x000001bfca8d1ca8 sp=0x000000a3531f6230
Event: 7.432 Thread 0x000001bfe07986c0 DEOPT UNPACKING pc=0x000001bfca0569a3 sp=0x000000a3531f6148 mode 2
Event: 7.432 Thread 0x000001bfe07986c0 Uncommon trap: trap_request=0xffffffde fr.pc=0x000001bfca8d1ca8 relative=0x00000000000008c8
Event: 7.432 Thread 0x000001bfe07986c0 Uncommon trap: reason=class_check action=maybe_recompile pc=0x000001bfca8d1ca8 method=java.io.BufferedInputStream.read1([BII)I @ 39 c2
Event: 7.432 Thread 0x000001bfe07986c0 DEOPT PACKING pc=0x000001bfca8d1ca8 sp=0x000000a3531f6230
Event: 7.432 Thread 0x000001bfe07986c0 DEOPT UNPACKING pc=0x000001bfca0569a3 sp=0x000000a3531f6148 mode 2
Event: 7.432 Thread 0x000001bfe07986c0 Uncommon trap: trap_request=0xffffffde fr.pc=0x000001bfca8d1ca8 relative=0x00000000000008c8
Event: 7.432 Thread 0x000001bfe07986c0 Uncommon trap: reason=class_check action=maybe_recompile pc=0x000001bfca8d1ca8 method=java.io.BufferedInputStream.read1([BII)I @ 39 c2
Event: 7.432 Thread 0x000001bfe07986c0 DEOPT PACKING pc=0x000001bfca8d1ca8 sp=0x000000a3531f6230
Event: 7.432 Thread 0x000001bfe07986c0 DEOPT UNPACKING pc=0x000001bfca0569a3 sp=0x000000a3531f6148 mode 2

Classes unloaded (0 events):
No events

Classes redefined (0 events):
No events

Internal exceptions (20 events):
Event: 6.470 Thread 0x000001bfe07986c0 Exception <a 'java/lang/NoSuchMethodError'{0x0000000088979c70}: 'java.lang.Object java.lang.invoke.DirectMethodHandle$Holder.invokeSpecial(java.lang.Object, java.lang.Object, java.lang.Object, java.lang.Object, java.lang.Object, java.lang.Object, java.lang.Object, java.lang.Object, java.lang.Object, java.lang.Object, java.lang.Object, java.lang.Object, java.lang.Object, java.lang.Object, java.lang.Object, java.lang.Object, java.lang.Object, java.lang.Object, java.lang.Object, java.lang.Object, java.lang.Ob
Event: 6.470 Thread 0x000001bfe07986c0 Exception <a 'java/lang/NoSuchMethodError'{0x0000000088980180}: 'java.lang.Object java.lang.invoke.DelegatingMethodHandle$Holder.reinvoke_L(java.lang.Object, java.lang.Object, java.lang.Object, java.lang.Object, java.lang.Object, java.lang.Object, java.lang.Object, java.lang.Object, java.lang.Object, java.lang.Object, java.lang.Object, java.lang.Object, java.lang.Object, java.lang.Object, java.lang.Object, java.lang.Object, java.lang.Object, java.lang.Object, java.lang.Object, java.lang.Object, java.lang.O
Event: 6.471 Thread 0x000001bfe07986c0 Exception <a 'java/lang/NoSuchMethodError'{0x00000000889ccf18}: 'java.lang.Object java.lang.invoke.Invokers$Holder.invoker(java.lang.Object, java.lang.Object, java.lang.Object, java.lang.Object, java.lang.Object, java.lang.Object, java.lang.Object, java.lang.Object, java.lang.Object, java.lang.Object, java.lang.Object, java.lang.Object, java.lang.Object, java.lang.Object, java.lang.Object, java.lang.Object, java.lang.Object, java.lang.Object, java.lang.Object, java.lang.Object, java.lang.Object, java.lang.
Event: 6.471 Thread 0x000001bfe07986c0 Exception <a 'java/lang/NoSuchMethodError'{0x00000000889d3b18}: 'java.lang.Object java.lang.invoke.DelegatingMethodHandle$Holder.delegate(java.lang.Object, java.lang.Object, java.lang.Object, java.lang.Object, java.lang.Object, java.lang.Object, java.lang.Object, java.lang.Object, java.lang.Object, java.lang.Object, java.lang.Object, java.lang.Object, java.lang.Object, java.lang.Object, java.lang.Object, java.lang.Object, java.lang.Object, java.lang.Object, java.lang.Object, java.lang.Object, java.lang.Obj
Event: 6.480 Thread 0x000001bfe07986c0 Exception <a 'java/lang/NoSuchMethodError'{0x000000008889fdf0}: 'java.lang.Object java.lang.invoke.DirectMethodHandle$Holder.invokeStatic(java.lang.Object, java.lang.Object, java.lang.Object, java.lang.Object, java.lang.Object, java.lang.Object, java.lang.Object, java.lang.Object, java.lang.Object, java.lang.Object, java.lang.Object, java.lang.Object, java.lang.Object, java.lang.Object, java.lang.Object, java.lang.Object, java.lang.Object, java.lang.Object, java.lang.Object, java.lang.Object, java.lang.Obj
Event: 6.563 Thread 0x000001bfe07986c0 Exception <a 'java/lang/NoSuchMethodError'{0x00000000883e0548}: static Lorg/gradle/api/internal/catalog/DefaultVersionCatalog;.<clinit>()V> (0x00000000883e0548) 
thrown [s\src\hotspot\share\prims\jni.cpp, line 1127]
Event: 6.568 Thread 0x000001bfe07986c0 Exception <a 'java/lang/NoSuchMethodError'{0x00000000882334f0}: static [Ljava/lang/Object;.<clinit>()V> (0x00000000882334f0) 
thrown [s\src\hotspot\share\prims\jni.cpp, line 1127]
Event: 6.570 Thread 0x000001bfe07986c0 Exception <a 'java/lang/NoSuchMethodError'{0x000000008825bef0}: static Lorg/gradle/api/internal/catalog/DependencyModel;.<clinit>()V> (0x000000008825bef0) 
thrown [s\src\hotspot\share\prims\jni.cpp, line 1127]
Event: 6.570 Thread 0x000001bfe07986c0 Exception <a 'java/lang/NoSuchMethodError'{0x000000008825f9f0}: static Lorg/gradle/api/internal/catalog/AbstractContextAwareModel;.<clinit>()V> (0x000000008825f9f0) 
thrown [s\src\hotspot\share\prims\jni.cpp, line 1127]
Event: 6.571 Thread 0x000001bfe07986c0 Exception <a 'java/lang/NoSuchMethodError'{0x0000000088279478}: static Lorg/gradle/api/internal/artifacts/dependencies/AbstractVersionConstraint;.<clinit>()V> (0x0000000088279478) 
thrown [s\src\hotspot\share\prims\jni.cpp, line 1127]
Event: 6.575 Thread 0x000001bfe07986c0 Exception <a 'java/lang/NoSuchMethodError'{0x00000000882da190}: static Lorg/gradle/api/internal/catalog/PluginModel;.<clinit>()V> (0x00000000882da190) 
thrown [s\src\hotspot\share\prims\jni.cpp, line 1127]
Event: 6.576 Thread 0x000001bfe07986c0 Exception <a 'java/lang/NoSuchMethodError'{0x00000000882f0fd0}: static Lorg/gradle/api/internal/catalog/VersionModel;.<clinit>()V> (0x00000000882f0fd0) 
thrown [s\src\hotspot\share\prims\jni.cpp, line 1127]
Event: 6.631 Thread 0x000001bfe07986c0 Exception <a 'java/lang/NoSuchMethodError'{0x0000000087e9b868}: 'int java.lang.invoke.DirectMethodHandle$Holder.invokeSpecialIFC(java.lang.Object, java.lang.Object, java.lang.Object)'> (0x0000000087e9b868) 
thrown [s\src\hotspot\share\interpreter\linkResolver.cpp, line 771]
Event: 6.681 Thread 0x000001bfe07986c0 Exception <a 'java/lang/NoSuchMethodError'{0x0000000087a64958}: 'java.lang.Object java.lang.invoke.DirectMethodHandle$Holder.newInvokeSpecial(java.lang.Object, java.lang.Object, java.lang.Object, java.lang.Object, java.lang.Object, int)'> (0x0000000087a64958) 
thrown [s\src\hotspot\share\interpreter\linkResolver.cpp, line 771]
Event: 6.681 Thread 0x000001bfe07986c0 Exception <a 'java/lang/NoSuchMethodError'{0x0000000087a6a058}: 'java.lang.Object java.lang.invoke.DirectMethodHandle$Holder.invokeSpecial(java.lang.Object, java.lang.Object, java.lang.Object, java.lang.Object, java.lang.Object, java.lang.Object, int)'> (0x0000000087a6a058) 
thrown [s\src\hotspot\share\interpreter\linkResolver.cpp, line 771]
Event: 6.682 Thread 0x000001bfe07986c0 Exception <a 'java/lang/NoSuchMethodError'{0x0000000087a6f0e0}: 'java.lang.Object java.lang.invoke.Invokers$Holder.linkToTargetMethod(java.lang.Object, java.lang.Object, java.lang.Object, java.lang.Object, int, java.lang.Object)'> (0x0000000087a6f0e0) 
thrown [s\src\hotspot\share\interpreter\linkResolver.cpp, line 771]
Event: 6.685 Thread 0x000001bfe07986c0 Exception <a 'java/lang/NoSuchMethodError'{0x0000000087aa2800}: 'java.lang.Object java.lang.invoke.DirectMethodHandle$Holder.invokeSpecial(java.lang.Object, java.lang.Object, java.lang.Object, java.lang.Object, java.lang.Object, long)'> (0x0000000087aa2800) 
thrown [s\src\hotspot\share\interpreter\linkResolver.cpp, line 771]
Event: 6.686 Thread 0x000001bfe07986c0 Exception <a 'java/lang/NoSuchMethodError'{0x0000000087ac6150}: 'void java.lang.invoke.DirectMethodHandle$Holder.invokeStatic(java.lang.Object, java.lang.Object, java.lang.Object, int, java.lang.Object)'> (0x0000000087ac6150) 
thrown [s\src\hotspot\share\interpreter\linkResolver.cpp, line 771]
Event: 7.275 Thread 0x000001bfe07986c0 Implicit null exception at 0x000001bfca5ef992 to 0x000001bfca5f0038
Event: 7.275 Thread 0x000001bfe07986c0 Implicit null exception at 0x000001bfca7b9994 to 0x000001bfca7ba09c

VM Operations (20 events):
Event: 6.582 Executing VM operation: HandshakeAllThreads
Event: 6.582 Executing VM operation: HandshakeAllThreads done
Event: 6.791 Executing VM operation: ICBufferFull
Event: 6.791 Executing VM operation: ICBufferFull done
Event: 6.931 Executing VM operation: ICBufferFull
Event: 6.931 Executing VM operation: ICBufferFull done
Event: 6.934 Executing VM operation: HandshakeAllThreads
Event: 6.934 Executing VM operation: HandshakeAllThreads done
Event: 7.080 Executing VM operation: ICBufferFull
Event: 7.080 Executing VM operation: ICBufferFull done
Event: 7.085 Executing VM operation: G1CollectForAllocation
Event: 7.093 Executing VM operation: G1CollectForAllocation done
Event: 7.215 Executing VM operation: ICBufferFull
Event: 7.215 Executing VM operation: ICBufferFull done
Event: 7.277 Executing VM operation: G1TryInitiateConcMark
Event: 7.284 Executing VM operation: G1TryInitiateConcMark done
Event: 7.319 Executing VM operation: G1PauseRemark
Event: 7.322 Executing VM operation: G1PauseRemark done
Event: 7.348 Executing VM operation: G1PauseCleanup
Event: 7.348 Executing VM operation: G1PauseCleanup done

Events (20 events):
Event: 6.910 loading class java/util/Collections$ReverseComparator
Event: 6.910 loading class java/util/Collections$ReverseComparator done
Event: 6.910 loading class java/util/Collections$ReverseComparator2
Event: 6.910 loading class java/util/Collections$ReverseComparator2 done
Event: 6.982 loading class java/util/LinkedList$LLSpliterator
Event: 6.982 loading class java/util/LinkedList$LLSpliterator done
Event: 7.009 Thread 0x000001bfe0e65a80 Thread added: 0x000001bfe0e65a80
Event: 7.009 Thread 0x000001bfe0e669b0 Thread added: 0x000001bfe0e669b0
Event: 7.009 Thread 0x000001bfe0e66ec0 Thread added: 0x000001bfe0e66ec0
Event: 7.009 Thread 0x000001bfe0e673d0 Thread added: 0x000001bfe0e673d0
Event: 7.009 Thread 0x000001bfe0e6b5a0 Thread added: 0x000001bfe0e6b5a0
Event: 7.009 Thread 0x000001bfe0f5a910 Thread added: 0x000001bfe0f5a910
Event: 7.010 Thread 0x000001bfe0f5ae20 Thread added: 0x000001bfe0f5ae20
Event: 7.054 Thread 0x000001bfe0f58090 Thread added: 0x000001bfe0f58090
Event: 7.055 Thread 0x000001bfe0f58ab0 Thread added: 0x000001bfe0f58ab0
Event: 7.056 Thread 0x000001bfe0f594d0 Thread added: 0x000001bfe0f594d0
Event: 7.057 Thread 0x000001bfe0f585a0 Thread added: 0x000001bfe0f585a0
Event: 7.060 Thread 0x000001bfe0f57670 Thread added: 0x000001bfe0f57670
Event: 7.061 Thread 0x000001bfe0f57b80 Thread added: 0x000001bfe0f57b80
Event: 7.062 Thread 0x000001bfe0f58fc0 Thread added: 0x000001bfe0f58fc0


Dynamic libraries:
0x00007ff68be20000 - 0x00007ff68be2a000 	D:\Android Studio\jbr\bin\java.exe
0x00007fff16c10000 - 0x00007fff16e27000 	C:\WINDOWS\SYSTEM32\ntdll.dll
0x00007fff153c0000 - 0x00007fff15484000 	C:\WINDOWS\System32\KERNEL32.DLL
0x00007fff13f20000 - 0x00007fff142d7000 	C:\WINDOWS\System32\KERNELBASE.dll
0x00007fff143a0000 - 0x00007fff144b1000 	C:\WINDOWS\System32\ucrtbase.dll
0x00007ffef7300000 - 0x00007ffef7317000 	D:\Android Studio\jbr\bin\jli.dll
0x00007ffeffe00000 - 0x00007ffeffe1b000 	D:\Android Studio\jbr\bin\VCRUNTIME140.dll
0x00007fff14dc0000 - 0x00007fff14f6f000 	C:\WINDOWS\System32\USER32.dll
0x00007fff02db0000 - 0x00007fff03043000 	C:\WINDOWS\WinSxS\amd64_microsoft.windows.common-controls_6595b64144ccf1df_6.0.22621.3672_none_2713b9d173822955\COMCTL32.dll
0x00007fff147f0000 - 0x00007fff14816000 	C:\WINDOWS\System32\win32u.dll
0x00007fff15310000 - 0x00007fff15339000 	C:\WINDOWS\System32\GDI32.dll
0x00007fff163a0000 - 0x00007fff16447000 	C:\WINDOWS\System32\msvcrt.dll
0x00007fff14820000 - 0x00007fff14938000 	C:\WINDOWS\System32\gdi32full.dll
0x00007fff144c0000 - 0x00007fff1455a000 	C:\WINDOWS\System32\msvcp_win.dll
0x00007fff152b0000 - 0x00007fff152e1000 	C:\WINDOWS\System32\IMM32.DLL
0x00007fff00440000 - 0x00007fff0044c000 	D:\Android Studio\jbr\bin\vcruntime140_1.dll
0x00007ffee2b50000 - 0x00007ffee2bdd000 	D:\Android Studio\jbr\bin\msvcp140.dll
0x00007ffeb63a0000 - 0x00007ffeb7023000 	D:\Android Studio\jbr\bin\server\jvm.dll
0x00007fff162e0000 - 0x00007fff16392000 	C:\WINDOWS\System32\ADVAPI32.dll
0x00007fff168e0000 - 0x00007fff16988000 	C:\WINDOWS\System32\sechost.dll
0x00007fff147c0000 - 0x00007fff147e8000 	C:\WINDOWS\System32\bcrypt.dll
0x00007fff14f70000 - 0x00007fff15084000 	C:\WINDOWS\System32\RPCRT4.dll
0x00007fff12d90000 - 0x00007fff12ddd000 	C:\WINDOWS\SYSTEM32\POWRPROF.dll
0x00007fff0f7c0000 - 0x00007fff0f7f4000 	C:\WINDOWS\SYSTEM32\WINMM.dll
0x00007fff10740000 - 0x00007fff10749000 	C:\WINDOWS\SYSTEM32\WSOCK32.dll
0x00007fff15340000 - 0x00007fff153b1000 	C:\WINDOWS\System32\WS2_32.dll
0x00007fff0fe70000 - 0x00007fff0fe7a000 	C:\WINDOWS\SYSTEM32\VERSION.dll
0x00007fff12d70000 - 0x00007fff12d83000 	C:\WINDOWS\SYSTEM32\UMPDC.dll
0x00007fff13020000 - 0x00007fff13038000 	C:\WINDOWS\SYSTEM32\kernel.appcore.dll
0x00007fff10760000 - 0x00007fff1076a000 	D:\Android Studio\jbr\bin\jimage.dll
0x00007fff11810000 - 0x00007fff11a42000 	C:\WINDOWS\SYSTEM32\DBGHELP.DLL
0x00007fff16450000 - 0x00007fff167de000 	C:\WINDOWS\System32\combase.dll
0x00007fff169a0000 - 0x00007fff16a77000 	C:\WINDOWS\System32\OLEAUT32.dll
0x00007fff01950000 - 0x00007fff01982000 	C:\WINDOWS\SYSTEM32\dbgcore.DLL
0x00007fff14740000 - 0x00007fff147bb000 	C:\WINDOWS\System32\bcryptPrimitives.dll
0x00007ffefe410000 - 0x00007ffefe41e000 	D:\Android Studio\jbr\bin\instrument.dll
0x00007fff0f830000 - 0x00007fff0f855000 	D:\Android Studio\jbr\bin\java.dll
0x00007fff0f810000 - 0x00007fff0f828000 	D:\Android Studio\jbr\bin\zip.dll
0x00007fff154a0000 - 0x00007fff15d09000 	C:\WINDOWS\System32\SHELL32.dll
0x00007fff11e50000 - 0x00007fff1274f000 	C:\WINDOWS\SYSTEM32\windows.storage.dll
0x00007fff11d10000 - 0x00007fff11e4f000 	C:\WINDOWS\SYSTEM32\wintypes.dll
0x00007fff16a80000 - 0x00007fff16b79000 	C:\WINDOWS\System32\SHCORE.dll
0x00007fff16880000 - 0x00007fff168de000 	C:\WINDOWS\System32\shlwapi.dll
0x00007fff13e50000 - 0x00007fff13e77000 	C:\WINDOWS\SYSTEM32\profapi.dll
0x00007fff00c00000 - 0x00007fff00c19000 	D:\Android Studio\jbr\bin\net.dll
0x00007fff0feb0000 - 0x00007fff0ffe6000 	C:\WINDOWS\SYSTEM32\WINHTTP.dll
0x00007fff13490000 - 0x00007fff134f9000 	C:\WINDOWS\system32\mswsock.dll
0x00007fff005e0000 - 0x00007fff005f6000 	D:\Android Studio\jbr\bin\nio.dll
0x00007fff00280000 - 0x00007fff00290000 	D:\Android Studio\jbr\bin\verify.dll
0x00007ffeffe20000 - 0x00007ffeffe47000 	C:\Users\marco\.gradle\native\c067742578af261105cb4f569cf0c3c89f3d7b1fecec35dd04571415982c5e48\windows-amd64\native-platform.dll
0x00007ffe8eaa0000 - 0x00007ffe8ebe4000 	C:\Users\marco\.gradle\native\38dada09dfb8b06ba9b0570ebf7e218e3eb74d4ef43ca46872605cf95ebc2f47\windows-amd64\native-platform-file-events.dll
0x00007fff10730000 - 0x00007fff10739000 	D:\Android Studio\jbr\bin\management.dll
0x00007fff0f800000 - 0x00007fff0f80b000 	D:\Android Studio\jbr\bin\management_ext.dll
0x00007fff15490000 - 0x00007fff15498000 	C:\WINDOWS\System32\PSAPI.DLL
0x00007fff136b0000 - 0x00007fff136cb000 	C:\WINDOWS\SYSTEM32\CRYPTSP.dll
0x00007fff12f80000 - 0x00007fff12fb5000 	C:\WINDOWS\system32\rsaenh.dll
0x00007fff13550000 - 0x00007fff13578000 	C:\WINDOWS\SYSTEM32\USERENV.dll
0x00007fff136d0000 - 0x00007fff136dc000 	C:\WINDOWS\SYSTEM32\CRYPTBASE.dll
0x00007fff12a60000 - 0x00007fff12a8d000 	C:\WINDOWS\SYSTEM32\IPHLPAPI.DLL
0x00007fff14940000 - 0x00007fff14949000 	C:\WINDOWS\System32\NSI.dll
0x00007fff0fc80000 - 0x00007fff0fc99000 	C:\WINDOWS\SYSTEM32\dhcpcsvc6.DLL
0x00007fff0fc60000 - 0x00007fff0fc7f000 	C:\WINDOWS\SYSTEM32\dhcpcsvc.DLL
0x00007fff12a90000 - 0x00007fff12b92000 	C:\WINDOWS\SYSTEM32\DNSAPI.dll
0x00007fff10750000 - 0x00007fff10759000 	D:\Android Studio\jbr\bin\extnet.dll
0x00007fff10780000 - 0x00007fff10788000 	C:\WINDOWS\system32\wshunix.dll

dbghelp: loaded successfully - version: 4.0.5 - missing functions: none
symbol engine: initialized successfully - sym options: 0x614 - pdb path: .;D:\Android Studio\jbr\bin;C:\WINDOWS\SYSTEM32;C:\WINDOWS\WinSxS\amd64_microsoft.windows.common-controls_6595b64144ccf1df_6.0.22621.3672_none_2713b9d173822955;D:\Android Studio\jbr\bin\server;C:\Users\marco\.gradle\native\c067742578af261105cb4f569cf0c3c89f3d7b1fecec35dd04571415982c5e48\windows-amd64;C:\Users\marco\.gradle\native\38dada09dfb8b06ba9b0570ebf7e218e3eb74d4ef43ca46872605cf95ebc2f47\windows-amd64

VM Arguments:
jvm_args: --add-opens=java.base/java.util=ALL-UNNAMED --add-opens=java.base/java.lang=ALL-UNNAMED --add-opens=java.base/java.lang.invoke=ALL-UNNAMED --add-opens=java.prefs/java.util.prefs=ALL-UNNAMED --add-opens=java.base/java.nio.charset=ALL-UNNAMED --add-opens=java.base/java.net=ALL-UNNAMED --add-opens=java.base/java.util.concurrent.atomic=ALL-UNNAMED -Xmx2048m -Dfile.encoding=UTF-8 -Duser.country=419 -Duser.language=es -Duser.variant -javaagent:C:\Users\marco\.gradle\wrapper\dists\gradle-8.7-bin\bhs2wmbdwecv87pi65oeuq5iu\gradle-8.7\lib\agents\gradle-instrumentation-agent-8.7.jar 
java_command: org.gradle.launcher.daemon.bootstrap.GradleDaemon 8.7
java_class_path (initial): C:\Users\marco\.gradle\wrapper\dists\gradle-8.7-bin\bhs2wmbdwecv87pi65oeuq5iu\gradle-8.7\lib\gradle-launcher-8.7.jar
Launcher Type: SUN_STANDARD

[Global flags]
     intx CICompilerCount                          = 4                                         {product} {ergonomic}
     uint ConcGCThreads                            = 2                                         {product} {ergonomic}
     uint G1ConcRefinementThreads                  = 8                                         {product} {ergonomic}
   size_t G1HeapRegionSize                         = 1048576                                   {product} {ergonomic}
    uintx GCDrainStackTargetSize                   = 64                                        {product} {ergonomic}
   size_t InitialHeapSize                          = 132120576                                 {product} {ergonomic}
   size_t MarkStackSize                            = 4194304                                   {product} {ergonomic}
   size_t MaxHeapSize                              = 2147483648                                {product} {command line}
   size_t MaxNewSize                               = 1287651328                                {product} {ergonomic}
   size_t MinHeapDeltaBytes                        = 1048576                                   {product} {ergonomic}
   size_t MinHeapSize                              = 8388608                                   {product} {ergonomic}
    uintx NonNMethodCodeHeapSize                   = 5839372                                {pd product} {ergonomic}
    uintx NonProfiledCodeHeapSize                  = 122909434                              {pd product} {ergonomic}
    uintx ProfiledCodeHeapSize                     = 122909434                              {pd product} {ergonomic}
    uintx ReservedCodeCacheSize                    = 251658240                              {pd product} {ergonomic}
     bool SegmentedCodeCache                       = true                                      {product} {ergonomic}
   size_t SoftMaxHeapSize                          = 2147483648                             {manageable} {ergonomic}
     bool UseCompressedClassPointers               = true                           {product lp64_product} {ergonomic}
     bool UseCompressedOops                        = true                           {product lp64_product} {ergonomic}
     bool UseG1GC                                  = true                                      {product} {ergonomic}
     bool UseLargePagesIndividualAllocation        = false                                  {pd product} {ergonomic}

Logging:
Log output configuration:
 #0: stdout all=warning uptime,level,tags
 #1: stderr all=off uptime,level,tags

Environment Variables:
PATH=C:\Program Files\Common Files\Oracle\Java\javapath;C:\Windows\system32;C:\Windows;C:\Windows\System32\Wbem;C:\Windows\System32\WindowsPowerShell\v1.0\;C:\Windows\System32\OpenSSH\;C:\Program Files (x86)\NVIDIA Corporation\PhysX\Common;C:\Program Files\NVIDIA Corporation\NVIDIA NvDLISR;C:\xampp\php;D:\proyecto integrador;C:\WINDOWS\system32;C:\WINDOWS;C:\WINDOWS\System32\Wbem;C:\WINDOWS\System32\WindowsPowerShell\v1.0\;C:\WINDOWS\System32\OpenSSH\;C:\Program Files\nodejs\;C:\Program Files\Git\cmd;C:\Users\marco\AppData\Local\Microsoft\WindowsApps;C:\Users\marco\AppData\Local\Programs\Microsoft VS Code\bin;C:\Users\marco\AppData\Roaming\Composer\vendor\bin;C:\Users\marco\AppData\Roaming\npm
USERNAME=marco
OS=Windows_NT
PROCESSOR_IDENTIFIER=Intel64 Family 6 Model 165 Stepping 2, GenuineIntel
TMP=C:\Users\marco\AppData\Local\Temp
TEMP=C:\Users\marco\AppData\Local\Temp



Periodic native trim disabled

JNI global refs:
JNI global refs: 26, weak refs: 0

JNI global refs memory usage: 843, weak refs: 841

Process memory usage:
Resident Set Size: 354352K (4% of 8221704K total physical memory with 437840K free physical memory)

OOME stack traces (most recent first):
Classloader memory used:
Loader org.gradle.internal.classloader.VisitableURLClassLoader                         : 3823K
Loader bootstrap                                                                       : 2495K
Loader org.gradle.initialization.MixInLegacyTypesClassLoader                           : 1135K
Loader org.gradle.internal.classloader.VisitableURLClassLoader$InstrumentingVisitableURLClassLoader: 236K
Loader org.gradle.internal.classloader.VisitableURLClassLoader                         : 128K
Loader jdk.internal.loader.ClassLoaders$PlatformClassLoader                            : 68222B
Loader jdk.internal.reflect.DelegatingClassLoader                                      : 37241B
Loader jdk.internal.loader.ClassLoaders$AppClassLoader                                 : 28714B
Loader org.gradle.groovy.scripts.internal.DefaultScriptCompilationHandler$ScriptClassLoader: 10809B
Loader org.codehaus.groovy.runtime.callsite.CallSiteClassLoader                        : 5965B

Classes loaded by more than one classloader:
Class Program                                                                         : loaded 4 times (x 72B)
Class org.gradle.internal.Cast                                                        : loaded 3 times (x 69B)
Class org.gradle.api.GradleException                                                  : loaded 3 times (x 80B)
Class kotlin.collections.AbstractCollection                                           : loaded 2 times (x 115B)
Class sync_studio_tooling11_een38velz698uy6969wzdsdqp                                 : loaded 2 times (x 177B)
Class org.jetbrains.plugins.gradle.model.MavenRepositoryModel                         : loaded 2 times (x 68B)
Class com.google.common.collect.SingletonImmutableList                                : loaded 2 times (x 167B)
Class org.gradle.internal.classpath.ClassPath                                         : loaded 2 times (x 68B)
Class org.gradle.api.internal.classpath.DefaultModuleRegistry                         : loaded 2 times (x 84B)
Class org.gradle.internal.exceptions.NonGradleCauseExceptionsHolder                   : loaded 2 times (x 68B)
Class Settings_gradle$1$1                                                             : loaded 2 times (x 72B)
Class com.google.common.base.CharMatcher$JavaDigit                                    : loaded 2 times (x 109B)
Class com.google.common.base.CharMatcher$Digit                                        : loaded 2 times (x 110B)
Class kotlin.enums.EnumEntries                                                        : loaded 2 times (x 68B)
Class org.gradle.api.Action                                                           : loaded 2 times (x 68B)
Class org.jetbrains.kotlin.idea.gradleTooling.model.samWithReceiver.SamWithReceiverModel: loaded 2 times (x 68B)
Class com.google.common.collect.Lists$StringAsImmutableList                           : loaded 2 times (x 167B)
Class kotlin.enums.EnumEntriesKt                                                      : loaded 2 times (x 69B)
Class org.jetbrains.plugins.gradle.model.ExternalProject                              : loaded 2 times (x 68B)
Class org.jetbrains.plugins.gradle.model.IntelliJSettings                             : loaded 2 times (x 68B)
Class com.google.common.base.CharMatcher                                              : loaded 2 times (x 109B)
Class com.google.common.base.CharMatcher$IsNot                                        : loaded 2 times (x 109B)
Class com.google.common.base.Splitter                                                 : loaded 2 times (x 70B)
Class org.jetbrains.kotlin.idea.gradleTooling.KotlinMPPGradleModel                    : loaded 2 times (x 68B)
Class org.gradle.api.internal.DefaultClassPathProvider                                : loaded 2 times (x 74B)
Class org.gradle.internal.installation.GradleInstallation$1                           : loaded 2 times (x 73B)
Class com.google.common.base.CharMatcher$BitSetMatcher                                : loaded 2 times (x 110B)
Class org.gradle.internal.exceptions.DefaultMultiCauseException                       : loaded 2 times (x 93B)
Class org.gradle.tooling.model.UnsupportedMethodException                             : loaded 2 times (x 80B)
Class org.gradle.internal.time.MonotonicClock                                         : loaded 2 times (x 75B)
Class com.google.common.base.Predicate                                                : loaded 2 times (x 68B)
Class org.gradle.internal.classloader.FilteringClassLoader                            : loaded 2 times (x 103B)
Class org.gradle.tooling.model.Model                                                  : loaded 2 times (x 68B)
Class org.gradle.internal.classpath.DefaultClassPath$ImmutableUniqueList$Builder      : loaded 2 times (x 73B)
Class kotlin.UninitializedPropertyAccessException                                     : loaded 2 times (x 80B)
Class com.google.common.base.CharMatcher$InRange                                      : loaded 2 times (x 109B)
Class org.jetbrains.kotlin.idea.gradleTooling.KotlinSourceSetContainer                : loaded 2 times (x 68B)
Class com.google.common.collect.Lists                                                 : loaded 2 times (x 69B)
Class org.gradle.internal.classloader.ClassLoaderVisitor                              : loaded 2 times (x 74B)
Class org.gradle.internal.time.DefaultCountdownTimer                                  : loaded 2 times (x 86B)
Class org.gradle.internal.service.DefaultServiceLocator                               : loaded 2 times (x 81B)
Class org.jetbrains.plugins.gradle.model.jar.JarTaskManifestConfiguration             : loaded 2 times (x 68B)
Class org.gradle.internal.service.UnknownServiceException                             : loaded 2 times (x 81B)
Class org.jetbrains.plugins.gradle.model.DependencyAccessorsModel                     : loaded 2 times (x 68B)
Class org.gradle.internal.classloader.DefaultClassLoaderFactory                       : loaded 2 times (x 80B)
Class com.google.common.collect.UnmodifiableIterator                                  : loaded 2 times (x 78B)
Class com.google.common.base.CharMatcher$SingleWidth                                  : loaded 2 times (x 110B)
Class org.jetbrains.plugins.gradle.model.GradleExtensions                             : loaded 2 times (x 68B)
Class com.google.common.base.JdkPattern                                               : loaded 2 times (x 73B)
Class org.jetbrains.plugins.gradle.model.VersionCatalogsModel                         : loaded 2 times (x 68B)
Class org.gradle.internal.classloader.VisitableURLClassLoader$Spec                    : loaded 2 times (x 72B)
Class org.gradle.tooling.model.ProjectModel                                           : loaded 2 times (x 68B)
Class kotlin.collections.AbstractList                                                 : loaded 2 times (x 157B)
Class com.google.common.base.CharMatcher$JavaLetterOrDigit                            : loaded 2 times (x 109B)
Class org.gradle.tooling.internal.gradle.DefaultProjectIdentifier                     : loaded 2 times (x 84B)
Class org.gradle.api.internal.classpath.ModuleRegistry                                : loaded 2 times (x 68B)
Class com.google.common.collect.ImmutableCollection                                   : loaded 2 times (x 123B)
Class org.gradle.util.GradleVersion                                                   : loaded 2 times (x 81B)
Class kotlin.jvm.internal.markers.KMappedMarker                                       : loaded 2 times (x 68B)
Class org.gradle.api.internal.ClassPathProvider                                       : loaded 2 times (x 68B)
Class org.gradle.internal.classloader.ClasspathUtil$1                                 : loaded 2 times (x 74B)
Class com.google.common.collect.ImmutableList$ReverseImmutableList                    : loaded 2 times (x 168B)
Class org.gradle.internal.classloader.ClassLoaderFactory                              : loaded 2 times (x 68B)
Class com.google.common.collect.ObjectArrays                                          : loaded 2 times (x 69B)
Class com.google.common.collect.ImmutableList                                         : loaded 2 times (x 166B)
Class org.gradle.api.internal.classpath.ManifestUtil                                  : loaded 2 times (x 69B)
Class org.gradle.api.specs.Spec                                                       : loaded 2 times (x 68B)
Class kotlin.jvm.internal.Intrinsics                                                  : loaded 2 times (x 69B)
Class com.google.common.base.CharMatcher$Whitespace                                   : loaded 2 times (x 110B)
Class org.gradle.tooling.internal.gradle.GradleBuildIdentity                          : loaded 2 times (x 68B)
Class com.google.common.base.Preconditions                                            : loaded 2 times (x 69B)
Class org.gradle.internal.IoActions                                                   : loaded 2 times (x 69B)
Class com.google.common.collect.CollectPreconditions                                  : loaded 2 times (x 69B)
Class com.google.common.collect.AbstractIndexedListIterator                           : loaded 2 times (x 94B)
Class com.google.common.base.CharMatcher$None                                         : loaded 2 times (x 110B)
Class org.gradle.api.internal.classpath.EffectiveClassPath                            : loaded 2 times (x 88B)
Class com.google.common.collect.UnmodifiableListIterator                              : loaded 2 times (x 93B)
Class kotlin.jvm.internal.DefaultConstructorMarker                                    : loaded 2 times (x 69B)
Class com.google.common.collect.ImmutableList$1                                       : loaded 2 times (x 95B)
Class com.google.common.base.Splitter$Strategy                                        : loaded 2 times (x 68B)
Class org.gradle.internal.exceptions.ResolutionProvider                               : loaded 2 times (x 68B)
Class org.jetbrains.kotlin.idea.gradleTooling.model.annotation.AnnotationBasedPluginModel: loaded 2 times (x 68B)
Class org.jetbrains.kotlin.idea.gradleTooling.model.assignment.AssignmentModel        : loaded 2 times (x 68B)
Class org.gradle.internal.installation.CurrentGradleInstallation                      : loaded 2 times (x 71B)
Class org.gradle.internal.agents.InstrumentingClassLoader                             : loaded 2 times (x 68B)
Class org.gradle.internal.installation.CurrentGradleInstallationLocator               : loaded 2 times (x 69B)
Class org.gradle.api.internal.classpath.Module                                        : loaded 2 times (x 68B)
Class com.google.common.base.Splitter$1$1                                             : loaded 2 times (x 84B)
Class org.gradle.internal.service.CachingServiceLocator                               : loaded 2 times (x 80B)
Class org.gradle.internal.time.Timer                                                  : loaded 2 times (x 68B)
Class org.jetbrains.kotlin.idea.gradleTooling.KotlinDslScriptAdditionalTask           : loaded 2 times (x 68B)
Class org.jetbrains.plugins.gradle.model.tests.ExternalTestsModel                     : loaded 2 times (x 68B)
Class org.gradle.internal.classpath.DefaultClassPath                                  : loaded 2 times (x 88B)
Class com.google.common.base.Splitter$SplittingIterator                               : loaded 2 times (x 82B)
Class com.intellij.openapi.externalSystem.model.project.dependencies.ProjectDependencies: loaded 2 times (x 68B)
Class kotlin.enums.EnumEntriesList                                                    : loaded 2 times (x 183B)
Class org.jetbrains.kotlin.idea.gradleTooling.PrepareKotlinIdeImportTaskModel         : loaded 2 times (x 68B)
Class org.gradle.internal.impldep.com.google.common.base.Preconditions                : loaded 2 times (x 69B)
Class kotlin.jvm.functions.Function1                                                  : loaded 2 times (x 68B)
Class com.google.common.base.CharMatcher$Is                                           : loaded 2 times (x 109B)
Class com.google.common.collect.RegularImmutableAsList                                : loaded 2 times (x 176B)
Class org.gradle.internal.time.Time                                                   : loaded 2 times (x 69B)
Class org.gradle.internal.time.TimeSource$1                                           : loaded 2 times (x 75B)
Class kotlin.KotlinNullPointerException                                               : loaded 2 times (x 81B)
Class org.gradle.internal.classloader.SystemClassLoaderSpec                           : loaded 2 times (x 69B)
Class [Lcom.google.common.base.AbstractIterator$State;                                : loaded 2 times (x 67B)
Class com.google.common.base.AbstractIterator                                         : loaded 2 times (x 78B)
Class com.google.common.base.AbstractIterator$1                                       : loaded 2 times (x 69B)
Class kotlin.Function                                                                 : loaded 2 times (x 68B)
Class com.google.common.base.CharMatcher$1                                            : loaded 2 times (x 111B)
Class com.google.common.base.CharMatcher$Ascii                                        : loaded 2 times (x 110B)
Class org.gradle.api.UncheckedIOException                                             : loaded 2 times (x 80B)
Class com.google.common.base.CharMatcher$And                                          : loaded 2 times (x 110B)
Class com.google.common.base.CharMatcher$Any                                          : loaded 2 times (x 110B)
Class org.jetbrains.plugins.gradle.model.RepositoriesModel                            : loaded 2 times (x 68B)
Class com.google.common.base.CharMatcher$RangesMatcher                                : loaded 2 times (x 110B)
Class org.gradle.tooling.internal.gradle.GradleProjectIdentity                        : loaded 2 times (x 68B)
Class com.google.common.collect.ImmutableList$SubList                                 : loaded 2 times (x 168B)
Class org.gradle.internal.time.CountdownTimer                                         : loaded 2 times (x 68B)
Class org.gradle.internal.time.Clock                                                  : loaded 2 times (x 68B)
Class org.gradle.internal.classloader.ClasspathUtil                                   : loaded 2 times (x 69B)
Class org.gradle.tooling.model.BuildIdentifier                                        : loaded 2 times (x 68B)
Class com.google.common.base.Splitter$1                                               : loaded 2 times (x 75B)
Class org.gradle.api.internal.DefaultClassPathRegistry                                : loaded 2 times (x 74B)
Class org.gradle.api.internal.classpath.DefaultModuleRegistry$DefaultModule           : loaded 2 times (x 84B)
Class com.google.common.base.CharMatcher$JavaIsoControl                               : loaded 2 times (x 110B)
Class com.google.common.base.CharMatcher$Or                                           : loaded 2 times (x 110B)
Class org.gradle.internal.time.TimeSource                                             : loaded 2 times (x 68B)
Class org.jetbrains.kotlin.android.synthetic.idea.AndroidExtensionsGradleModel        : loaded 2 times (x 68B)
Class com.google.common.base.CharMatcher$JavaLowerCase                                : loaded 2 times (x 109B)
Class org.gradle.api.internal.classpath.UnknownModuleException                        : loaded 2 times (x 80B)
Class sync_studio_tooling11_een38velz698uy6969wzdsdqp$_run_closure1                   : loaded 2 times (x 137B)
Class com.google.common.base.CommonPattern                                            : loaded 2 times (x 72B)
Class ijInit1_3h2fa92pzf7mchk6phfcwsvyj                                               : loaded 2 times (x 177B)
Class org.jetbrains.plugins.gradle.model.IntelliJProjectSettings                      : loaded 2 times (x 68B)
Class org.gradle.internal.service.ServiceLookupException                              : loaded 2 times (x 80B)
Class org.gradle.cache.GlobalCache                                                    : loaded 2 times (x 68B)
Class org.jetbrains.kotlin.idea.gradleTooling.model.lombok.LombokModel                : loaded 2 times (x 68B)
Class org.gradle.tooling.model.ProjectIdentifier                                      : loaded 2 times (x 68B)
Class com.google.common.base.CharMatcher$NegatedFastMatcher                           : loaded 2 times (x 111B)
Class [Lorg.gradle.api.internal.ClassPathProvider;                                    : loaded 2 times (x 67B)
Class org.gradle.internal.operations.MultipleBuildOperationFailures                   : loaded 2 times (x 93B)
Class org.gradle.util.internal.GUtil                                                  : loaded 2 times (x 69B)
Class org.jetbrains.plugins.gradle.model.AnnotationProcessingModel                    : loaded 2 times (x 68B)
Class org.gradle.internal.classloader.ClassLoaderSpec                                 : loaded 2 times (x 69B)
Class com.google.common.base.NullnessCasts                                            : loaded 2 times (x 69B)
Class com.google.common.base.CharMatcher$Negated                                      : loaded 2 times (x 111B)
Class com.google.common.base.CharMatcher$ForPredicate                                 : loaded 2 times (x 110B)
Class org.gradle.internal.classloader.VisitableURLClassLoader                         : loaded 2 times (x 115B)
Class org.gradle.internal.installation.GradleInstallation                             : loaded 2 times (x 73B)
Class org.gradle.api.internal.ClassPathRegistry                                       : loaded 2 times (x 68B)
Class org.gradle.internal.classloader.VisitableURLClassLoader$InstrumentingVisitableURLClassLoader: loaded 2 times (x 121B)
Class org.gradle.internal.classloader.ClassLoaderHierarchy                            : loaded 2 times (x 68B)
Class org.gradle.internal.exceptions.MultiCauseException                              : loaded 2 times (x 68B)
Class org.jetbrains.kotlin.idea.gradleTooling.model.parcelize.ParcelizeGradleModel    : loaded 2 times (x 68B)
Class com.google.common.base.AbstractIterator$State                                   : loaded 2 times (x 77B)
Class com.google.common.base.CharMatcher$NamedFastMatcher                             : loaded 2 times (x 110B)
Class org.gradle.internal.InternalTransformer                                         : loaded 2 times (x 68B)
Class org.jetbrains.kotlin.idea.gradleTooling.model.noarg.NoArgModel                  : loaded 2 times (x 68B)
Class org.jetbrains.kotlin.idea.gradleTooling.KotlinGradleModel                       : loaded 2 times (x 68B)
Class org.gradle.tooling.internal.gradle.DefaultBuildIdentifier                       : loaded 2 times (x 77B)
Class org.gradle.internal.service.ServiceLocator                                      : loaded 2 times (x 68B)
Class Settings_gradle$1                                                               : loaded 2 times (x 72B)
Class org.jetbrains.kotlin.idea.gradleTooling.model.allopen.AllOpenModel              : loaded 2 times (x 68B)
Class com.google.common.base.CharMatcher$Invisible                                    : loaded 2 times (x 110B)
Class com.google.common.base.CharMatcher$FastMatcher                                  : loaded 2 times (x 109B)
Class org.gradle.internal.classpath.DefaultClassPath$ImmutableUniqueList              : loaded 2 times (x 159B)
Class org.gradle.internal.time.DefaultTimer                                           : loaded 2 times (x 78B)
Class com.google.common.base.CharMatcher$JavaLetter                                   : loaded 2 times (x 109B)
Class org.gradle.internal.classpath.TransformedClassPath                              : loaded 2 times (x 94B)
Class Settings_gradle                                                                 : loaded 2 times (x 126B)
Class kotlin.collections.AbstractList$Companion                                       : loaded 2 times (x 69B)
Class com.google.common.collect.ImmutableAsList                                       : loaded 2 times (x 169B)
Class com.google.common.base.CharMatcher$AnyOf                                        : loaded 2 times (x 110B)
Class com.google.common.base.CharMatcher$IsEither                                     : loaded 2 times (x 109B)
Class com.google.common.collect.RegularImmutableList                                  : loaded 2 times (x 172B)
Class com.google.common.base.CharMatcher$JavaUpperCase                                : loaded 2 times (x 109B)


---------------  S Y S T E M  ---------------

OS:
 Windows 11 , 64 bit Build 22621 (10.0.22621.3958)
OS uptime: 0 days 0:16 hours
Hyper-V role detected

CPU: total 8 (initial active 8) (4 cores per cpu, 2 threads per core) family 6 model 165 stepping 2 microcode 0xe0, cx8, cmov, fxsr, ht, mmx, 3dnowpref, sse, sse2, sse3, ssse3, sse4.1, sse4.2, popcnt, lzcnt, tsc, tscinvbit, avx, avx2, aes, erms, clmul, bmi1, bmi2, adx, fma, vzeroupper, clflush, clflushopt, hv
Processor Information for all 8 processors :
  Max Mhz: 2496, Current Mhz: 2496, Mhz Limit: 2496

Memory: 4k page, system-wide physical 8029M (427M free)
TotalPageFile size 16221M (AvailPageFile size 6M)
current process WorkingSet (physical memory assigned to process): 346M, peak: 346M
current process commit charge ("private bytes"): 379M, peak: 381M

vm_info: OpenJDK 64-Bit Server VM (17.0.11+0--11852314) for windows-amd64 JRE (17.0.11+0--11852314), built on May 16 2024 21:29:20 by "androidbuild" with MS VC++ 16.10 / 16.11 (VS2019)

END.
