#
# There is insufficient memory for the Java Runtime Environment to continue.
# Native memory allocation (malloc) failed to allocate 2565136 bytes. Error detail: Chunk::new
# Possible reasons:
#   The system is out of physical RAM or swap space
#   This process is running with CompressedOops enabled, and the Java Heap may be blocking the growth of the native heap
# Possible solutions:
#   Reduce memory load on the system
#   Increase physical memory or swap space
#   Check if swap backing store is full
#   Decrease Java heap size (-Xmx/-Xms)
#   Decrease number of Java threads
#   Decrease Java thread stack sizes (-Xss)
#   Set larger code cache with -XX:ReservedCodeCacheSize=
#   JVM is running with Unscaled Compressed Oops mode in which the Java heap is
#     placed in the first 4GB address space. The Java Heap base address is the
#     maximum limit for the native heap growth. Please use -XX:HeapBaseMinAddress
#     to set the Java Heap base and to place the Java Heap above 4GB virtual address.
# This output file may be truncated or incomplete.
#
#  Out of Memory Error (arena.cpp:191), pid=16360, tid=11420
#
# JRE version: OpenJDK Runtime Environment (17.0.11) (build 17.0.11+0--11852314)
# Java VM: OpenJDK 64-Bit Server VM (17.0.11+0--11852314, mixed mode, tiered, compressed oops, compressed class ptrs, g1 gc, windows-amd64)
# No core dump will be written. Minidumps are not enabled by default on client versions of Windows
#

---------------  S U M M A R Y ------------

Command Line: --add-opens=java.base/java.util=ALL-UNNAMED --add-opens=java.base/java.lang=ALL-UNNAMED --add-opens=java.base/java.lang.invoke=ALL-UNNAMED --add-opens=java.prefs/java.util.prefs=ALL-UNNAMED --add-opens=java.base/java.nio.charset=ALL-UNNAMED --add-opens=java.base/java.net=ALL-UNNAMED --add-opens=java.base/java.util.concurrent.atomic=ALL-UNNAMED -Xmx2048m -Dfile.encoding=UTF-8 -Duser.country=419 -Duser.language=es -Duser.variant -javaagent:C:\Users\marco\.gradle\wrapper\dists\gradle-8.7-bin\bhs2wmbdwecv87pi65oeuq5iu\gradle-8.7\lib\agents\gradle-instrumentation-agent-8.7.jar org.gradle.launcher.daemon.bootstrap.GradleDaemon 8.7

Host: Intel(R) Core(TM) i5-10300H CPU @ 2.50GHz, 8 cores, 7G,  Windows 11 , 64 bit Build 22621 (10.0.22621.3958)
Time: Tue Nov  5 09:42:52 2024 Hora est. Pacífico, Sudamérica elapsed time: 19.011572 seconds (0d 0h 0m 19s)

---------------  T H R E A D  ---------------

Current thread (0x000001e7aeacf490):  JavaThread "C2 CompilerThread0" daemon [_thread_in_native, id=11420, stack(0x000000865fb00000,0x000000865fc00000)]


Current CompileTask:
C2:  19011 5937 %     4       org.objectweb.asm.ClassReader::readCode @ 1284 (5117 bytes)

Stack: [0x000000865fb00000,0x000000865fc00000]
Native frames: (J=compiled Java code, j=interpreted, Vv=VM code, C=native code)
V  [jvm.dll+0x687bb9]
V  [jvm.dll+0x84142a]
V  [jvm.dll+0x8430ae]
V  [jvm.dll+0x843713]
V  [jvm.dll+0x24a35f]
V  [jvm.dll+0xac544]
V  [jvm.dll+0xacb8c]
V  [jvm.dll+0x369be2]
V  [jvm.dll+0x1be312]
V  [jvm.dll+0x21c029]
V  [jvm.dll+0x21b311]
V  [jvm.dll+0x1a63ed]
V  [jvm.dll+0x22b1ee]
V  [jvm.dll+0x229375]
V  [jvm.dll+0x7f5647]
V  [jvm.dll+0x7efa4a]
V  [jvm.dll+0x686a35]
C  [ucrtbase.dll+0x29333]
C  [KERNEL32.DLL+0x1257d]
C  [ntdll.dll+0x5af08]


---------------  P R O C E S S  ---------------

Threads class SMR info:
_java_thread_list=0x000001e7b3b008a0, length=42, elements={
0x000001e794aac650, 0x000001e7aea8f010, 0x000001e7aea8fca0, 0x000001e7aeac7290,
0x000001e7aeac7d60, 0x000001e7aeaca830, 0x000001e7aeacb1f0, 0x000001e7aeacf490,
0x000001e7aead7f50, 0x000001e7aeada960, 0x000001e7ae6c1490, 0x000001e7aedfd460,
0x000001e7b4c54030, 0x000001e7b3d2ae10, 0x000001e7b3f3e680, 0x000001e7b3d00950,
0x000001e7b3d7da70, 0x000001e7b4054680, 0x000001e7b4053c60, 0x000001e7b4054b90,
0x000001e7b4052d30, 0x000001e7b4055fd0, 0x000001e7b4053240, 0x000001e7b40550a0,
0x000001e7b4053750, 0x000001e7b4052820, 0x000001e7b40555b0, 0x000001e7b4055ac0,
0x000001e7b5147c50, 0x000001e7b5143f90, 0x000001e7b5143060, 0x000001e7b51495a0,
0x000001e7b5149fc0, 0x000001e7b5145df0, 0x000001e7b514a4d0, 0x000001e7b5149ab0,
0x000001e7b514a9e0, 0x000001e7b51453d0, 0x000001e7b5146810, 0x000001e7b51444a0,
0x000001e7b5147740, 0x000001e7b5149090
}

Java Threads: ( => current thread )
  0x000001e794aac650 JavaThread "main" [_thread_blocked, id=9024, stack(0x000000865ee00000,0x000000865ef00000)]
  0x000001e7aea8f010 JavaThread "Reference Handler" daemon [_thread_blocked, id=17508, stack(0x000000865f500000,0x000000865f600000)]
  0x000001e7aea8fca0 JavaThread "Finalizer" daemon [_thread_blocked, id=2128, stack(0x000000865f600000,0x000000865f700000)]
  0x000001e7aeac7290 JavaThread "Signal Dispatcher" daemon [_thread_blocked, id=16168, stack(0x000000865f700000,0x000000865f800000)]
  0x000001e7aeac7d60 JavaThread "Attach Listener" daemon [_thread_blocked, id=9168, stack(0x000000865f800000,0x000000865f900000)]
  0x000001e7aeaca830 JavaThread "Service Thread" daemon [_thread_blocked, id=2708, stack(0x000000865f900000,0x000000865fa00000)]
  0x000001e7aeacb1f0 JavaThread "Monitor Deflation Thread" daemon [_thread_blocked, id=17812, stack(0x000000865fa00000,0x000000865fb00000)]
=>0x000001e7aeacf490 JavaThread "C2 CompilerThread0" daemon [_thread_in_native, id=11420, stack(0x000000865fb00000,0x000000865fc00000)]
  0x000001e7aead7f50 JavaThread "C1 CompilerThread0" daemon [_thread_blocked, id=6892, stack(0x000000865fc00000,0x000000865fd00000)]
  0x000001e7aeada960 JavaThread "Sweeper thread" daemon [_thread_blocked, id=17816, stack(0x000000865fd00000,0x000000865fe00000)]
  0x000001e7ae6c1490 JavaThread "Common-Cleaner" daemon [_thread_blocked, id=17156, stack(0x000000865fe00000,0x000000865ff00000)]
  0x000001e7aedfd460 JavaThread "Notification Thread" daemon [_thread_blocked, id=9912, stack(0x000000865ff00000,0x0000008660000000)]
  0x000001e7b4c54030 JavaThread "Daemon health stats" [_thread_blocked, id=18000, stack(0x0000008660600000,0x0000008660700000)]
  0x000001e7b3d2ae10 JavaThread "Incoming local TCP Connector on port 51018" [_thread_in_native, id=3400, stack(0x0000008660500000,0x0000008660600000)]
  0x000001e7b3f3e680 JavaThread "Daemon periodic checks" [_thread_blocked, id=12196, stack(0x0000008660700000,0x0000008660800000)]
  0x000001e7b3d00950 JavaThread "Daemon" [_thread_blocked, id=17776, stack(0x0000008660800000,0x0000008660900000)]
  0x000001e7b3d7da70 JavaThread "Handler for socket connection from /127.0.0.1:51018 to /127.0.0.1:51019" [_thread_in_native, id=11864, stack(0x0000008660900000,0x0000008660a00000)]
  0x000001e7b4054680 JavaThread "Cancel handler" [_thread_blocked, id=16812, stack(0x0000008660a00000,0x0000008660b00000)]
  0x000001e7b4053c60 JavaThread "Daemon worker" [_thread_in_Java, id=10656, stack(0x0000008660b00000,0x0000008660c00000)]
  0x000001e7b4054b90 JavaThread "Asynchronous log dispatcher for DefaultDaemonConnection: socket connection from /127.0.0.1:51018 to /127.0.0.1:51019" [_thread_blocked, id=14896, stack(0x0000008660c00000,0x0000008660d00000)]
  0x000001e7b4052d30 JavaThread "Stdin handler" [_thread_blocked, id=16564, stack(0x0000008660d00000,0x0000008660e00000)]
  0x000001e7b4055fd0 JavaThread "Daemon client event forwarder" [_thread_blocked, id=17108, stack(0x0000008660e00000,0x0000008660f00000)]
  0x000001e7b4053240 JavaThread "Cache worker for journal cache (C:\Users\marco\.gradle\caches\journal-1)" [_thread_blocked, id=17740, stack(0x0000008661300000,0x0000008661400000)]
  0x000001e7b40550a0 JavaThread "File lock request listener" [_thread_in_native, id=3624, stack(0x0000008661400000,0x0000008661500000)]
  0x000001e7b4053750 JavaThread "Cache worker for file hash cache (C:\Users\marco\.gradle\caches\8.7\fileHashes)" [_thread_blocked, id=15596, stack(0x0000008661500000,0x0000008661600000)]
  0x000001e7b4052820 JavaThread "Cache worker for file hash cache (E:\android\ProyectoIntegradorAndroid\.gradle\8.7\fileHashes)" [_thread_blocked, id=17668, stack(0x0000008661600000,0x0000008661700000)]
  0x000001e7b40555b0 JavaThread "File watcher server" daemon [_thread_in_native, id=10564, stack(0x0000008661700000,0x0000008661800000)]
  0x000001e7b4055ac0 JavaThread "File watcher consumer" daemon [_thread_blocked, id=17708, stack(0x0000008661800000,0x0000008661900000)]
  0x000001e7b5147c50 JavaThread "jar transforms" [_thread_blocked, id=15488, stack(0x0000008661900000,0x0000008661a00000)]
  0x000001e7b5143f90 JavaThread "jar transforms Thread 2" [_thread_blocked, id=3952, stack(0x0000008661a00000,0x0000008661b00000)]
  0x000001e7b5143060 JavaThread "jar transforms Thread 3" [_thread_blocked, id=8296, stack(0x0000008661b00000,0x0000008661c00000)]
  0x000001e7b51495a0 JavaThread "jar transforms Thread 4" [_thread_blocked, id=3392, stack(0x0000008661c00000,0x0000008661d00000)]
  0x000001e7b5149fc0 JavaThread "jar transforms Thread 5" [_thread_blocked, id=5152, stack(0x0000008661d00000,0x0000008661e00000)]
  0x000001e7b5145df0 JavaThread "jar transforms Thread 6" [_thread_blocked, id=17712, stack(0x0000008661e00000,0x0000008661f00000)]
  0x000001e7b514a4d0 JavaThread "jar transforms Thread 7" [_thread_blocked, id=6084, stack(0x0000008661f00000,0x0000008662000000)]
  0x000001e7b5149ab0 JavaThread "jar transforms Thread 8" [_thread_blocked, id=15940, stack(0x0000008662000000,0x0000008662100000)]
  0x000001e7b514a9e0 JavaThread "Cache worker for checksums cache (E:\android\ProyectoIntegradorAndroid\.gradle\8.7\checksums)" [_thread_blocked, id=8936, stack(0x0000008662100000,0x0000008662200000)]
  0x000001e7b51453d0 JavaThread "Cache worker for cache directory md-supplier (C:\Users\marco\.gradle\caches\8.7\md-supplier)" [_thread_blocked, id=18232, stack(0x0000008662200000,0x0000008662300000)]
  0x000001e7b5146810 JavaThread "Cache worker for cache directory md-rule (C:\Users\marco\.gradle\caches\8.7\md-rule)" [_thread_blocked, id=17064, stack(0x0000008662300000,0x0000008662400000)]
  0x000001e7b51444a0 JavaThread "Cache worker for file content cache (C:\Users\marco\.gradle\caches\8.7\fileContent)" [_thread_blocked, id=17784, stack(0x0000008662400000,0x0000008662500000)]
  0x000001e7b5147740 JavaThread "Unconstrained build operations" [_thread_blocked, id=12664, stack(0x0000008662500000,0x0000008662600000)]
  0x000001e7b5149090 JavaThread "Unconstrained build operations Thread 2" [_thread_blocked, id=18164, stack(0x0000008662600000,0x0000008662700000)]

Other Threads:
  0x000001e7ae6ddda0 VMThread "VM Thread" [stack: 0x000000865f400000,0x000000865f500000] [id=1704]
  0x000001e7aee0bb70 WatcherThread [stack: 0x0000008660000000,0x0000008660100000] [id=7172]
  0x000001e794b064c0 GCTaskThread "GC Thread#0" [stack: 0x000000865ef00000,0x000000865f000000] [id=15804]
  0x000001e7b3beaae0 GCTaskThread "GC Thread#1" [stack: 0x0000008660100000,0x0000008660200000] [id=16440]
  0x000001e7b3a31140 GCTaskThread "GC Thread#2" [stack: 0x0000008660200000,0x0000008660300000] [id=10000]
  0x000001e7b3329540 GCTaskThread "GC Thread#3" [stack: 0x0000008660300000,0x0000008660400000] [id=18316]
  0x000001e7b390a1f0 GCTaskThread "GC Thread#4" [stack: 0x0000008660400000,0x0000008660500000] [id=14076]
  0x000001e7b4e67190 GCTaskThread "GC Thread#5" [stack: 0x0000008660f00000,0x0000008661000000] [id=12980]
  0x000001e7b45318a0 GCTaskThread "GC Thread#6" [stack: 0x0000008661000000,0x0000008661100000] [id=17060]
  0x000001e7b4b27840 GCTaskThread "GC Thread#7" [stack: 0x0000008661100000,0x0000008661200000] [id=11032]
  0x000001e794b17410 ConcurrentGCThread "G1 Main Marker" [stack: 0x000000865f000000,0x000000865f100000] [id=3540]
  0x000001e794b185d0 ConcurrentGCThread "G1 Conc#0" [stack: 0x000000865f100000,0x000000865f200000] [id=12252]
  0x000001e7b4aab850 ConcurrentGCThread "G1 Conc#1" [stack: 0x0000008661200000,0x0000008661300000] [id=9432]
  0x000001e794b5e680 ConcurrentGCThread "G1 Refine#0" [stack: 0x000000865f200000,0x000000865f300000] [id=15452]
  0x000001e7ae58a130 ConcurrentGCThread "G1 Service" [stack: 0x000000865f300000,0x000000865f400000] [id=18416]

Threads with active compile tasks:
C2 CompilerThread0    19037 5937 %     4       org.objectweb.asm.ClassReader::readCode @ 1284 (5117 bytes)

VM state: not at safepoint (normal execution)

VM Mutex/Monitor currently owned by a thread: None

Heap address: 0x0000000080000000, size: 2048 MB, Compressed Oops mode: 32-bit

CDS archive(s) not mapped
Compressed class space mapped at: 0x0000000100000000-0x0000000140000000, reserved size: 1073741824
Narrow klass base: 0x0000000000000000, Narrow klass shift: 3, Narrow klass range: 0x140000000

GC Precious Log:
 CPUs: 8 total, 8 available
 Memory: 8029M
 Large Page Support: Disabled
 NUMA Support: Disabled
 Compressed Oops: Enabled (32-bit)
 Heap Region Size: 1M
 Heap Min Capacity: 8M
 Heap Initial Capacity: 126M
 Heap Max Capacity: 2G
 Pre-touch: Disabled
 Parallel Workers: 8
 Concurrent Workers: 2
 Concurrent Refinement Workers: 8
 Periodic GC: Disabled

Heap:
 garbage-first heap   total 147456K, used 63845K [0x0000000080000000, 0x0000000100000000)
  region size 1024K, 9 young (9216K), 4 survivors (4096K)
 Metaspace       used 57317K, committed 57792K, reserved 1114112K
  class space    used 7746K, committed 7936K, reserved 1048576K

Heap Regions: E=young(eden), S=young(survivor), O=old, HS=humongous(starts), HC=humongous(continues), CS=collection set, F=free, OA=open archive, CA=closed archive, TAMS=top-at-mark-start (previous, next)
|   0|0x0000000080000000, 0x0000000080100000, 0x0000000080100000|100%|HS|  |TAMS 0x0000000080100000, 0x0000000080000000| Complete 
|   1|0x0000000080100000, 0x0000000080200000, 0x0000000080200000|100%|HC|  |TAMS 0x0000000080200000, 0x0000000080100000| Complete 
|   2|0x0000000080200000, 0x0000000080300000, 0x0000000080300000|100%|HC|  |TAMS 0x0000000080300000, 0x0000000080200000| Complete 
|   3|0x0000000080300000, 0x0000000080400000, 0x0000000080400000|100%|HC|  |TAMS 0x0000000080400000, 0x0000000080300000| Complete 
|   4|0x0000000080400000, 0x0000000080500000, 0x0000000080500000|100%| O|  |TAMS 0x0000000080500000, 0x0000000080400000| Untracked 
|   5|0x0000000080500000, 0x0000000080600000, 0x0000000080600000|100%| O|  |TAMS 0x0000000080600000, 0x0000000080500000| Untracked 
|   6|0x0000000080600000, 0x0000000080700000, 0x0000000080700000|100%| O|  |TAMS 0x0000000080700000, 0x0000000080600000| Untracked 
|   7|0x0000000080700000, 0x0000000080800000, 0x0000000080800000|100%| O|  |TAMS 0x0000000080800000, 0x0000000080700000| Untracked 
|   8|0x0000000080800000, 0x0000000080900000, 0x0000000080900000|100%| O|  |TAMS 0x0000000080900000, 0x0000000080800000| Untracked 
|   9|0x0000000080900000, 0x0000000080a00000, 0x0000000080a00000|100%| O|  |TAMS 0x0000000080a00000, 0x0000000080900000| Untracked 
|  10|0x0000000080a00000, 0x0000000080b00000, 0x0000000080b00000|100%| O|  |TAMS 0x0000000080b00000, 0x0000000080a00000| Untracked 
|  11|0x0000000080b00000, 0x0000000080c00000, 0x0000000080c00000|100%| O|  |TAMS 0x0000000080c00000, 0x0000000080b00000| Untracked 
|  12|0x0000000080c00000, 0x0000000080d00000, 0x0000000080d00000|100%| O|  |TAMS 0x0000000080d00000, 0x0000000080c00000| Untracked 
|  13|0x0000000080d00000, 0x0000000080e00000, 0x0000000080e00000|100%| O|  |TAMS 0x0000000080e00000, 0x0000000080d00000| Untracked 
|  14|0x0000000080e00000, 0x0000000080f00000, 0x0000000080f00000|100%| O|  |TAMS 0x0000000080f00000, 0x0000000080e00000| Untracked 
|  15|0x0000000080f00000, 0x0000000081000000, 0x0000000081000000|100%| O|  |TAMS 0x0000000081000000, 0x0000000080f00000| Untracked 
|  16|0x0000000081000000, 0x0000000081100000, 0x0000000081100000|100%| O|  |TAMS 0x0000000081100000, 0x0000000081000000| Untracked 
|  17|0x0000000081100000, 0x0000000081200000, 0x0000000081200000|100%| O|  |TAMS 0x0000000081200000, 0x0000000081100000| Untracked 
|  18|0x0000000081200000, 0x0000000081300000, 0x0000000081300000|100%| O|  |TAMS 0x0000000081300000, 0x0000000081200000| Untracked 
|  19|0x0000000081300000, 0x0000000081400000, 0x0000000081400000|100%|HS|  |TAMS 0x0000000081400000, 0x0000000081300000| Complete 
|  20|0x0000000081400000, 0x0000000081500000, 0x0000000081500000|100%|HC|  |TAMS 0x0000000081500000, 0x0000000081400000| Complete 
|  21|0x0000000081500000, 0x0000000081600000, 0x0000000081600000|100%|HC|  |TAMS 0x0000000081600000, 0x0000000081500000| Complete 
|  22|0x0000000081600000, 0x0000000081700000, 0x0000000081700000|100%|HC|  |TAMS 0x0000000081700000, 0x0000000081600000| Complete 
|  23|0x0000000081700000, 0x0000000081800000, 0x0000000081800000|100%|HC|  |TAMS 0x0000000081800000, 0x0000000081700000| Complete 
|  24|0x0000000081800000, 0x0000000081900000, 0x0000000081900000|100%|HS|  |TAMS 0x0000000081900000, 0x0000000081800000| Complete 
|  25|0x0000000081900000, 0x0000000081a00000, 0x0000000081a00000|100%|HC|  |TAMS 0x0000000081a00000, 0x0000000081900000| Complete 
|  26|0x0000000081a00000, 0x0000000081b00000, 0x0000000081b00000|100%|HC|  |TAMS 0x0000000081b00000, 0x0000000081a00000| Complete 
|  27|0x0000000081b00000, 0x0000000081c00000, 0x0000000081c00000|100%|HS|  |TAMS 0x0000000081c00000, 0x0000000081b00000| Complete 
|  28|0x0000000081c00000, 0x0000000081d00000, 0x0000000081d00000|100%|HC|  |TAMS 0x0000000081d00000, 0x0000000081c00000| Complete 
|  29|0x0000000081d00000, 0x0000000081e00000, 0x0000000081e00000|100%|HC|  |TAMS 0x0000000081e00000, 0x0000000081d00000| Complete 
|  30|0x0000000081e00000, 0x0000000081f00000, 0x0000000081f00000|100%| O|  |TAMS 0x0000000081f00000, 0x0000000081e00000| Untracked 
|  31|0x0000000081f00000, 0x0000000082000000, 0x0000000082000000|100%| O|  |TAMS 0x0000000082000000, 0x0000000081f00000| Untracked 
|  32|0x0000000082000000, 0x0000000082100000, 0x0000000082100000|100%| O|  |TAMS 0x0000000082100000, 0x0000000082000000| Untracked 
|  33|0x0000000082100000, 0x0000000082200000, 0x0000000082200000|100%|HS|  |TAMS 0x0000000082200000, 0x0000000082100000| Complete 
|  34|0x0000000082200000, 0x0000000082300000, 0x0000000082300000|100%| O|  |TAMS 0x0000000082300000, 0x0000000082200000| Untracked 
|  35|0x0000000082300000, 0x0000000082400000, 0x0000000082400000|100%| O|  |TAMS 0x0000000082400000, 0x0000000082300000| Untracked 
|  36|0x0000000082400000, 0x0000000082500000, 0x0000000082500000|100%| O|  |TAMS 0x0000000082500000, 0x0000000082400000| Untracked 
|  37|0x0000000082500000, 0x0000000082500000, 0x0000000082600000|  0%| F|  |TAMS 0x0000000082500000, 0x0000000082500000| Untracked 
|  38|0x0000000082600000, 0x0000000082700000, 0x0000000082700000|100%| O|  |TAMS 0x0000000082700000, 0x0000000082600000| Untracked 
|  39|0x0000000082700000, 0x0000000082800000, 0x0000000082800000|100%| O|  |TAMS 0x0000000082800000, 0x0000000082700000| Untracked 
|  40|0x0000000082800000, 0x0000000082900000, 0x0000000082900000|100%| O|  |TAMS 0x0000000082900000, 0x0000000082800000| Untracked 
|  41|0x0000000082900000, 0x0000000082a00000, 0x0000000082a00000|100%| O|  |TAMS 0x0000000082a00000, 0x0000000082900000| Untracked 
|  42|0x0000000082a00000, 0x0000000082b00000, 0x0000000082b00000|100%| O|  |TAMS 0x0000000082b00000, 0x0000000082a00000| Untracked 
|  43|0x0000000082b00000, 0x0000000082c00000, 0x0000000082c00000|100%| O|  |TAMS 0x0000000082b05808, 0x0000000082b00000| Untracked 
|  44|0x0000000082c00000, 0x0000000082d00000, 0x0000000082d00000|100%|HS|  |TAMS 0x0000000082c00000, 0x0000000082c00000| Complete 
|  45|0x0000000082d00000, 0x0000000082e00000, 0x0000000082e00000|100%|HC|  |TAMS 0x0000000082d00000, 0x0000000082d00000| Complete 
|  46|0x0000000082e00000, 0x0000000082f00000, 0x0000000082f00000|100%|HC|  |TAMS 0x0000000082e00000, 0x0000000082e00000| Complete 
|  47|0x0000000082f00000, 0x0000000083000000, 0x0000000083000000|100%| O|  |TAMS 0x0000000082f00000, 0x0000000082f00000| Untracked 
|  48|0x0000000083000000, 0x0000000083100000, 0x0000000083100000|100%| O|  |TAMS 0x0000000083000000, 0x0000000083000000| Untracked 
|  49|0x0000000083100000, 0x0000000083200000, 0x0000000083200000|100%| O|  |TAMS 0x0000000083100000, 0x0000000083100000| Untracked 
|  50|0x0000000083200000, 0x0000000083300000, 0x0000000083300000|100%| O|  |TAMS 0x0000000083200000, 0x0000000083200000| Untracked 
|  51|0x0000000083300000, 0x0000000083400000, 0x0000000083400000|100%| O|  |TAMS 0x0000000083300000, 0x0000000083300000| Untracked 
|  52|0x0000000083400000, 0x0000000083500000, 0x0000000083500000|100%| O|  |TAMS 0x0000000083400000, 0x0000000083400000| Untracked 
|  53|0x0000000083500000, 0x0000000083600000, 0x0000000083600000|100%| O|  |TAMS 0x0000000083500000, 0x0000000083500000| Untracked 
|  54|0x0000000083600000, 0x0000000083600000, 0x0000000083700000|  0%| F|  |TAMS 0x0000000083600000, 0x0000000083600000| Untracked 
|  55|0x0000000083700000, 0x0000000083800000, 0x0000000083800000|100%| O|  |TAMS 0x0000000083700000, 0x0000000083700000| Untracked 
|  56|0x0000000083800000, 0x00000000838a4e00, 0x0000000083900000| 64%| O|  |TAMS 0x0000000083800000, 0x0000000083800000| Untracked 
|  57|0x0000000083900000, 0x0000000083900000, 0x0000000083a00000|  0%| F|  |TAMS 0x0000000083900000, 0x0000000083900000| Untracked 
|  58|0x0000000083a00000, 0x0000000083a00000, 0x0000000083b00000|  0%| F|  |TAMS 0x0000000083a00000, 0x0000000083a00000| Untracked 
|  59|0x0000000083b00000, 0x0000000083b00000, 0x0000000083c00000|  0%| F|  |TAMS 0x0000000083b00000, 0x0000000083b00000| Untracked 
|  60|0x0000000083c00000, 0x0000000083c00000, 0x0000000083d00000|  0%| F|  |TAMS 0x0000000083c00000, 0x0000000083c00000| Untracked 
|  61|0x0000000083d00000, 0x0000000083d00000, 0x0000000083e00000|  0%| F|  |TAMS 0x0000000083d00000, 0x0000000083d00000| Untracked 
|  62|0x0000000083e00000, 0x0000000083e00000, 0x0000000083f00000|  0%| F|  |TAMS 0x0000000083e00000, 0x0000000083e00000| Untracked 
|  63|0x0000000083f00000, 0x0000000083f00000, 0x0000000084000000|  0%| F|  |TAMS 0x0000000083f00000, 0x0000000083f00000| Untracked 
|  64|0x0000000084000000, 0x0000000084000000, 0x0000000084100000|  0%| F|  |TAMS 0x0000000084000000, 0x0000000084000000| Untracked 
|  65|0x0000000084100000, 0x0000000084100000, 0x0000000084200000|  0%| F|  |TAMS 0x0000000084100000, 0x0000000084100000| Untracked 
|  66|0x0000000084200000, 0x0000000084200000, 0x0000000084300000|  0%| F|  |TAMS 0x0000000084200000, 0x0000000084200000| Untracked 
|  67|0x0000000084300000, 0x0000000084300000, 0x0000000084400000|  0%| F|  |TAMS 0x0000000084300000, 0x0000000084300000| Untracked 
|  68|0x0000000084400000, 0x0000000084400000, 0x0000000084500000|  0%| F|  |TAMS 0x0000000084400000, 0x0000000084400000| Untracked 
|  69|0x0000000084500000, 0x0000000084500000, 0x0000000084600000|  0%| F|  |TAMS 0x0000000084500000, 0x0000000084500000| Untracked 
|  70|0x0000000084600000, 0x0000000084600000, 0x0000000084700000|  0%| F|  |TAMS 0x0000000084600000, 0x0000000084600000| Untracked 
|  71|0x0000000084700000, 0x00000000847b4870, 0x0000000084800000| 70%| S|CS|TAMS 0x0000000084700000, 0x0000000084700000| Complete 
|  72|0x0000000084800000, 0x0000000084800000, 0x0000000084900000|  0%| F|  |TAMS 0x0000000084800000, 0x0000000084800000| Untracked 
|  73|0x0000000084900000, 0x0000000084900000, 0x0000000084a00000|  0%| F|  |TAMS 0x0000000084900000, 0x0000000084900000| Untracked 
|  74|0x0000000084a00000, 0x0000000084b00000, 0x0000000084b00000|100%| S|CS|TAMS 0x0000000084a00000, 0x0000000084a00000| Complete 
|  75|0x0000000084b00000, 0x0000000084b00000, 0x0000000084c00000|  0%| F|  |TAMS 0x0000000084b00000, 0x0000000084b00000| Untracked 
|  76|0x0000000084c00000, 0x0000000084c00000, 0x0000000084d00000|  0%| F|  |TAMS 0x0000000084c00000, 0x0000000084c00000| Untracked 
|  77|0x0000000084d00000, 0x0000000084e00000, 0x0000000084e00000|100%| S|CS|TAMS 0x0000000084d00000, 0x0000000084d00000| Complete 
|  78|0x0000000084e00000, 0x0000000084f00000, 0x0000000084f00000|100%| S|CS|TAMS 0x0000000084e00000, 0x0000000084e00000| Complete 
|  79|0x0000000084f00000, 0x0000000084f00000, 0x0000000085000000|  0%| F|  |TAMS 0x0000000084f00000, 0x0000000084f00000| Untracked 
|  80|0x0000000085000000, 0x0000000085000000, 0x0000000085100000|  0%| F|  |TAMS 0x0000000085000000, 0x0000000085000000| Untracked 
|  81|0x0000000085100000, 0x0000000085100000, 0x0000000085200000|  0%| F|  |TAMS 0x0000000085100000, 0x0000000085100000| Untracked 
|  82|0x0000000085200000, 0x0000000085200000, 0x0000000085300000|  0%| F|  |TAMS 0x0000000085200000, 0x0000000085200000| Untracked 
|  83|0x0000000085300000, 0x0000000085300000, 0x0000000085400000|  0%| F|  |TAMS 0x0000000085300000, 0x0000000085300000| Untracked 
|  84|0x0000000085400000, 0x0000000085400000, 0x0000000085500000|  0%| F|  |TAMS 0x0000000085400000, 0x0000000085400000| Untracked 
|  85|0x0000000085500000, 0x0000000085500000, 0x0000000085600000|  0%| F|  |TAMS 0x0000000085500000, 0x0000000085500000| Untracked 
|  86|0x0000000085600000, 0x0000000085600000, 0x0000000085700000|  0%| F|  |TAMS 0x0000000085600000, 0x0000000085600000| Untracked 
|  87|0x0000000085700000, 0x0000000085700000, 0x0000000085800000|  0%| F|  |TAMS 0x0000000085700000, 0x0000000085700000| Untracked 
|  88|0x0000000085800000, 0x0000000085800000, 0x0000000085900000|  0%| F|  |TAMS 0x0000000085800000, 0x0000000085800000| Untracked 
|  89|0x0000000085900000, 0x0000000085900000, 0x0000000085a00000|  0%| F|  |TAMS 0x0000000085900000, 0x0000000085900000| Untracked 
|  90|0x0000000085a00000, 0x0000000085a00000, 0x0000000085b00000|  0%| F|  |TAMS 0x0000000085a00000, 0x0000000085a00000| Untracked 
|  91|0x0000000085b00000, 0x0000000085b00000, 0x0000000085c00000|  0%| F|  |TAMS 0x0000000085b00000, 0x0000000085b00000| Untracked 
|  92|0x0000000085c00000, 0x0000000085c00000, 0x0000000085d00000|  0%| F|  |TAMS 0x0000000085c00000, 0x0000000085c00000| Untracked 
|  93|0x0000000085d00000, 0x0000000085d00000, 0x0000000085e00000|  0%| F|  |TAMS 0x0000000085d00000, 0x0000000085d00000| Untracked 
|  94|0x0000000085e00000, 0x0000000085e00000, 0x0000000085f00000|  0%| F|  |TAMS 0x0000000085e00000, 0x0000000085e00000| Untracked 
|  95|0x0000000085f00000, 0x0000000085f00000, 0x0000000086000000|  0%| F|  |TAMS 0x0000000085f00000, 0x0000000085f00000| Untracked 
|  96|0x0000000086000000, 0x0000000086000000, 0x0000000086100000|  0%| F|  |TAMS 0x0000000086000000, 0x0000000086000000| Untracked 
|  97|0x0000000086100000, 0x0000000086100000, 0x0000000086200000|  0%| F|  |TAMS 0x0000000086100000, 0x0000000086100000| Untracked 
|  98|0x0000000086200000, 0x0000000086200000, 0x0000000086300000|  0%| F|  |TAMS 0x0000000086200000, 0x0000000086200000| Untracked 
|  99|0x0000000086300000, 0x0000000086300000, 0x0000000086400000|  0%| F|  |TAMS 0x0000000086300000, 0x0000000086300000| Untracked 
| 100|0x0000000086400000, 0x0000000086400000, 0x0000000086500000|  0%| F|  |TAMS 0x0000000086400000, 0x0000000086400000| Untracked 
| 101|0x0000000086500000, 0x0000000086500000, 0x0000000086600000|  0%| F|  |TAMS 0x0000000086500000, 0x0000000086500000| Untracked 
| 102|0x0000000086600000, 0x0000000086600000, 0x0000000086700000|  0%| F|  |TAMS 0x0000000086600000, 0x0000000086600000| Untracked 
| 103|0x0000000086700000, 0x0000000086700000, 0x0000000086800000|  0%| F|  |TAMS 0x0000000086700000, 0x0000000086700000| Untracked 
| 104|0x0000000086800000, 0x0000000086800000, 0x0000000086900000|  0%| F|  |TAMS 0x0000000086800000, 0x0000000086800000| Untracked 
| 105|0x0000000086900000, 0x0000000086900000, 0x0000000086a00000|  0%| F|  |TAMS 0x0000000086900000, 0x0000000086900000| Untracked 
| 106|0x0000000086a00000, 0x0000000086a00000, 0x0000000086b00000|  0%| F|  |TAMS 0x0000000086a00000, 0x0000000086a00000| Untracked 
| 107|0x0000000086b00000, 0x0000000086b00000, 0x0000000086c00000|  0%| F|  |TAMS 0x0000000086b00000, 0x0000000086b00000| Untracked 
| 108|0x0000000086c00000, 0x0000000086c00000, 0x0000000086d00000|  0%| F|  |TAMS 0x0000000086c00000, 0x0000000086c00000| Untracked 
| 109|0x0000000086d00000, 0x0000000086d00000, 0x0000000086e00000|  0%| F|  |TAMS 0x0000000086d00000, 0x0000000086d00000| Untracked 
| 110|0x0000000086e00000, 0x0000000086e00000, 0x0000000086f00000|  0%| F|  |TAMS 0x0000000086e00000, 0x0000000086e00000| Untracked 
| 111|0x0000000086f00000, 0x0000000086f00000, 0x0000000087000000|  0%| F|  |TAMS 0x0000000086f00000, 0x0000000086f00000| Untracked 
| 112|0x0000000087000000, 0x0000000087000000, 0x0000000087100000|  0%| F|  |TAMS 0x0000000087000000, 0x0000000087000000| Untracked 
| 113|0x0000000087100000, 0x0000000087100000, 0x0000000087200000|  0%| F|  |TAMS 0x0000000087100000, 0x0000000087100000| Untracked 
| 114|0x0000000087200000, 0x0000000087200000, 0x0000000087300000|  0%| F|  |TAMS 0x0000000087200000, 0x0000000087200000| Untracked 
| 115|0x0000000087300000, 0x0000000087300000, 0x0000000087400000|  0%| F|  |TAMS 0x0000000087300000, 0x0000000087300000| Untracked 
| 116|0x0000000087400000, 0x0000000087400000, 0x0000000087500000|  0%| F|  |TAMS 0x0000000087400000, 0x0000000087400000| Untracked 
| 117|0x0000000087500000, 0x0000000087500000, 0x0000000087600000|  0%| F|  |TAMS 0x0000000087500000, 0x0000000087500000| Untracked 
| 118|0x0000000087600000, 0x0000000087600000, 0x0000000087700000|  0%| F|  |TAMS 0x0000000087600000, 0x0000000087600000| Untracked 
| 119|0x0000000087700000, 0x0000000087700000, 0x0000000087800000|  0%| F|  |TAMS 0x0000000087700000, 0x0000000087700000| Untracked 
| 120|0x0000000087800000, 0x0000000087800000, 0x0000000087900000|  0%| F|  |TAMS 0x0000000087800000, 0x0000000087800000| Untracked 
| 121|0x0000000087900000, 0x0000000087900000, 0x0000000087a00000|  0%| F|  |TAMS 0x0000000087900000, 0x0000000087900000| Untracked 
| 122|0x0000000087a00000, 0x0000000087a00000, 0x0000000087b00000|  0%| F|  |TAMS 0x0000000087a00000, 0x0000000087a00000| Untracked 
| 123|0x0000000087b00000, 0x0000000087b00000, 0x0000000087c00000|  0%| F|  |TAMS 0x0000000087b00000, 0x0000000087b00000| Untracked 
| 124|0x0000000087c00000, 0x0000000087c00000, 0x0000000087d00000|  0%| F|  |TAMS 0x0000000087c00000, 0x0000000087c00000| Untracked 
| 125|0x0000000087d00000, 0x0000000087d00000, 0x0000000087e00000|  0%| F|  |TAMS 0x0000000087d00000, 0x0000000087d00000| Untracked 
| 126|0x0000000087e00000, 0x0000000087e00000, 0x0000000087f00000|  0%| F|  |TAMS 0x0000000087e00000, 0x0000000087e00000| Untracked 
| 127|0x0000000087f00000, 0x0000000087f00000, 0x0000000088000000|  0%| F|  |TAMS 0x0000000087f00000, 0x0000000087f00000| Untracked 
| 128|0x0000000088000000, 0x0000000088000000, 0x0000000088100000|  0%| F|  |TAMS 0x0000000088000000, 0x0000000088000000| Untracked 
| 129|0x0000000088100000, 0x0000000088100000, 0x0000000088200000|  0%| F|  |TAMS 0x0000000088100000, 0x0000000088100000| Untracked 
| 130|0x0000000088200000, 0x0000000088200000, 0x0000000088300000|  0%| F|  |TAMS 0x0000000088200000, 0x0000000088200000| Untracked 
| 131|0x0000000088300000, 0x0000000088300000, 0x0000000088400000|  0%| F|  |TAMS 0x0000000088300000, 0x0000000088300000| Untracked 
| 132|0x0000000088400000, 0x0000000088400000, 0x0000000088500000|  0%| F|  |TAMS 0x0000000088400000, 0x0000000088400000| Untracked 
| 133|0x0000000088500000, 0x0000000088500000, 0x0000000088600000|  0%| F|  |TAMS 0x0000000088500000, 0x0000000088500000| Untracked 
| 134|0x0000000088600000, 0x0000000088600000, 0x0000000088700000|  0%| F|  |TAMS 0x0000000088600000, 0x0000000088600000| Untracked 
| 135|0x0000000088700000, 0x0000000088700000, 0x0000000088800000|  0%| F|  |TAMS 0x0000000088700000, 0x0000000088700000| Untracked 
| 136|0x0000000088800000, 0x0000000088800000, 0x0000000088900000|  0%| F|  |TAMS 0x0000000088800000, 0x0000000088800000| Untracked 
| 137|0x0000000088900000, 0x0000000088900000, 0x0000000088a00000|  0%| F|  |TAMS 0x0000000088900000, 0x0000000088900000| Untracked 
| 138|0x0000000088a00000, 0x0000000088a00000, 0x0000000088b00000|  0%| F|  |TAMS 0x0000000088a00000, 0x0000000088a00000| Untracked 
| 139|0x0000000088b00000, 0x0000000088c00000, 0x0000000088c00000|100%| E|  |TAMS 0x0000000088b00000, 0x0000000088b00000| Complete 
| 140|0x0000000088c00000, 0x0000000088d00000, 0x0000000088d00000|100%| E|CS|TAMS 0x0000000088c00000, 0x0000000088c00000| Complete 
| 141|0x0000000088d00000, 0x0000000088e00000, 0x0000000088e00000|100%| E|CS|TAMS 0x0000000088d00000, 0x0000000088d00000| Complete 
| 142|0x0000000088e00000, 0x0000000088f00000, 0x0000000088f00000|100%| E|CS|TAMS 0x0000000088e00000, 0x0000000088e00000| Complete 
| 143|0x0000000088f00000, 0x0000000089000000, 0x0000000089000000|100%| E|CS|TAMS 0x0000000088f00000, 0x0000000088f00000| Complete 

Card table byte_map: [0x000001e7a76b0000,0x000001e7a7ab0000] _byte_map_base: 0x000001e7a72b0000

Marking Bits (Prev, Next): (CMBitMap*) 0x000001e794b06b20, (CMBitMap*) 0x000001e794b06ae0
 Prev Bits: [0x000001e7a9eb0000, 0x000001e7abeb0000)
 Next Bits: [0x000001e7a7eb0000, 0x000001e7a9eb0000)

Polling page: 0x000001e792a50000

Metaspace:

Usage:
  Non-class:     48.41 MB used.
      Class:      7.56 MB used.
       Both:     55.97 MB used.

Virtual space:
  Non-class space:       64.00 MB reserved,      48.69 MB ( 76%) committed,  1 nodes.
      Class space:        1.00 GB reserved,       7.75 MB ( <1%) committed,  1 nodes.
             Both:        1.06 GB reserved,      56.44 MB (  5%) committed. 

Chunk freelists:
   Non-Class:  15.28 MB
       Class:  8.25 MB
        Both:  23.53 MB

MaxMetaspaceSize: unlimited
CompressedClassSpaceSize: 1.00 GB
Initial GC threshold: 21.00 MB
Current GC threshold: 71.19 MB
CDS: off
MetaspaceReclaimPolicy: balanced
 - commit_granule_bytes: 65536.
 - commit_granule_words: 8192.
 - virtual_space_node_default_size: 8388608.
 - enlarge_chunks_in_place: 1.
 - new_chunks_are_fully_committed: 0.
 - uncommit_free_chunks: 1.
 - use_allocation_guard: 0.
 - handle_deallocations: 1.


Internal statistics:

num_allocs_failed_limit: 3.
num_arena_births: 496.
num_arena_deaths: 0.
num_vsnodes_births: 2.
num_vsnodes_deaths: 0.
num_space_committed: 903.
num_space_uncommitted: 0.
num_chunks_returned_to_freelist: 3.
num_chunks_taken_from_freelist: 2347.
num_chunk_merges: 3.
num_chunk_splits: 1542.
num_chunks_enlarged: 1085.
num_inconsistent_stats: 0.

CodeHeap 'non-profiled nmethods': size=120000Kb used=2136Kb max_used=2738Kb free=117863Kb
 bounds [0x000001e79fa50000, 0x000001e79fd40000, 0x000001e7a6f80000]
CodeHeap 'profiled nmethods': size=120000Kb used=10004Kb max_used=11779Kb free=109995Kb
 bounds [0x000001e797f80000, 0x000001e798b10000, 0x000001e79f4b0000]
CodeHeap 'non-nmethods': size=5760Kb used=2321Kb max_used=2415Kb free=3438Kb
 bounds [0x000001e79f4b0000, 0x000001e79f730000, 0x000001e79fa50000]
 total_blobs=5927 nmethods=5083 adapters=755
 compilation: enabled
              stopped_count=0, restarted_count=0
 full_count=0

Compilation events (20 events):
Event: 18.749 Thread 0x000001e7aead7f50 5981       2       java.lang.StringUTF16$CharsSpliterator::estimateSize (11 bytes)
Event: 18.750 Thread 0x000001e7aead7f50 nmethod 5981 0x000001e7983bb010 code [0x000001e7983bb1a0, 0x000001e7983bb2b8]
Event: 18.750 Thread 0x000001e7aead7f50 5982       2       java.lang.StringUTF16$CharsSpliterator::tryAdvance (57 bytes)
Event: 18.750 Thread 0x000001e7aead7f50 nmethod 5982 0x000001e7980b0e10 code [0x000001e7980b0fe0, 0x000001e7980b1288]
Event: 18.750 Thread 0x000001e7aead7f50 5983       2       java.lang.CharacterData00::getType (11 bytes)
Event: 18.750 Thread 0x000001e7aead7f50 nmethod 5983 0x000001e7983f1910 code [0x000001e7983f1aa0, 0x000001e7983f1bc8]
Event: 18.750 Thread 0x000001e7aead7f50 5984       2       java.lang.CharacterData00::getProperties (32 bytes)
Event: 18.750 Thread 0x000001e7aead7f50 nmethod 5984 0x000001e798780610 code [0x000001e7987807c0, 0x000001e798780978]
Event: 18.760 Thread 0x000001e7aead7f50 5985       2       org.gradle.internal.classpath.transforms.LambdaSerializationTransformer::generateSplitLambdaDeserializeMethod (33 bytes)
Event: 18.760 Thread 0x000001e7aead7f50 nmethod 5985 0x000001e79822d490 code [0x000001e79822d640, 0x000001e79822d8c8]
Event: 18.806 Thread 0x000001e7aead7f50 5986       2       org.objectweb.asm.MethodWriter::visitParameter (57 bytes)
Event: 18.807 Thread 0x000001e7aead7f50 nmethod 5986 0x000001e7980e0190 code [0x000001e7980e0360, 0x000001e7980e06c8]
Event: 18.825 Thread 0x000001e7aead7f50 5988       2       org.objectweb.asm.ClassReader::readMethod (1066 bytes)
Event: 18.829 Thread 0x000001e7aead7f50 nmethod 5988 0x000001e7980ff210 code [0x000001e7980ff780, 0x000001e798101e68]
Event: 18.864 Thread 0x000001e7aead7f50 5989 %     3       java.util.StringTokenizer::setMaxDelimCodePoint @ 20 (156 bytes)
Event: 18.865 Thread 0x000001e7aead7f50 nmethod 5989% 0x000001e797ff2890 code [0x000001e797ff2b20, 0x000001e797ff3958]
Event: 18.866 Thread 0x000001e7aead7f50 5990       3       java.util.StringTokenizer::setMaxDelimCodePoint (156 bytes)
Event: 18.867 Thread 0x000001e7aead7f50 nmethod 5990 0x000001e79878ef10 code [0x000001e79878f180, 0x000001e79878fef8]
Event: 18.893 Thread 0x000001e7aead7f50 5991       2       java.lang.StringUTF16$CharsSpliterator::<init> (36 bytes)
Event: 18.893 Thread 0x000001e7aead7f50 nmethod 5991 0x000001e7983f8390 code [0x000001e7983f8520, 0x000001e7983f8698]

GC Heap History (20 events):
Event: 13.041 GC heap before
{Heap before GC invocations=19 (full 0):
 garbage-first heap   total 147456K, used 113990K [0x0000000080000000, 0x0000000100000000)
  region size 1024K, 66 young (67584K), 2 survivors (2048K)
 Metaspace       used 52644K, committed 53056K, reserved 1114112K
  class space    used 7063K, committed 7232K, reserved 1048576K
}
Event: 13.048 GC heap after
{Heap after GC invocations=20 (full 0):
 garbage-first heap   total 147456K, used 50422K [0x0000000080000000, 0x0000000100000000)
  region size 1024K, 8 young (8192K), 8 survivors (8192K)
 Metaspace       used 52644K, committed 53056K, reserved 1114112K
  class space    used 7063K, committed 7232K, reserved 1048576K
}
Event: 14.278 GC heap before
{Heap before GC invocations=20 (full 0):
 garbage-first heap   total 147456K, used 114934K [0x0000000080000000, 0x0000000100000000)
  region size 1024K, 68 young (69632K), 8 survivors (8192K)
 Metaspace       used 56772K, committed 57280K, reserved 1114112K
  class space    used 7709K, committed 7936K, reserved 1048576K
}
Event: 14.286 GC heap after
{Heap after GC invocations=21 (full 0):
 garbage-first heap   total 147456K, used 59467K [0x0000000080000000, 0x0000000100000000)
  region size 1024K, 5 young (5120K), 5 survivors (5120K)
 Metaspace       used 56772K, committed 57280K, reserved 1114112K
  class space    used 7709K, committed 7936K, reserved 1048576K
}
Event: 14.655 GC heap before
{Heap before GC invocations=21 (full 0):
 garbage-first heap   total 147456K, used 114763K [0x0000000080000000, 0x0000000100000000)
  region size 1024K, 59 young (60416K), 5 survivors (5120K)
 Metaspace       used 57058K, committed 57536K, reserved 1114112K
  class space    used 7726K, committed 7936K, reserved 1048576K
}
Event: 14.657 GC heap after
{Heap after GC invocations=22 (full 0):
 garbage-first heap   total 147456K, used 56927K [0x0000000080000000, 0x0000000100000000)
  region size 1024K, 1 young (1024K), 1 survivors (1024K)
 Metaspace       used 57058K, committed 57536K, reserved 1114112K
  class space    used 7726K, committed 7936K, reserved 1048576K
}
Event: 15.335 GC heap before
{Heap before GC invocations=22 (full 0):
 garbage-first heap   total 147456K, used 118367K [0x0000000080000000, 0x0000000100000000)
  region size 1024K, 61 young (62464K), 1 survivors (1024K)
 Metaspace       used 57206K, committed 57600K, reserved 1114112K
  class space    used 7745K, committed 7936K, reserved 1048576K
}
Event: 15.336 GC heap after
{Heap after GC invocations=23 (full 0):
 garbage-first heap   total 147456K, used 57147K [0x0000000080000000, 0x0000000100000000)
  region size 1024K, 2 young (2048K), 2 survivors (2048K)
 Metaspace       used 57206K, committed 57600K, reserved 1114112K
  class space    used 7745K, committed 7936K, reserved 1048576K
}
Event: 15.904 GC heap before
{Heap before GC invocations=23 (full 0):
 garbage-first heap   total 147456K, used 119611K [0x0000000080000000, 0x0000000100000000)
  region size 1024K, 63 young (64512K), 2 survivors (2048K)
 Metaspace       used 57230K, committed 57728K, reserved 1114112K
  class space    used 7745K, committed 7936K, reserved 1048576K
}
Event: 15.905 GC heap after
{Heap after GC invocations=24 (full 0):
 garbage-first heap   total 147456K, used 57186K [0x0000000080000000, 0x0000000100000000)
  region size 1024K, 2 young (2048K), 2 survivors (2048K)
 Metaspace       used 57230K, committed 57728K, reserved 1114112K
  class space    used 7745K, committed 7936K, reserved 1048576K
}
Event: 16.440 GC heap before
{Heap before GC invocations=24 (full 0):
 garbage-first heap   total 147456K, used 121698K [0x0000000080000000, 0x0000000100000000)
  region size 1024K, 65 young (66560K), 2 survivors (2048K)
 Metaspace       used 57250K, committed 57728K, reserved 1114112K
  class space    used 7745K, committed 7936K, reserved 1048576K
}
Event: 16.442 GC heap after
{Heap after GC invocations=25 (full 0):
 garbage-first heap   total 147456K, used 57661K [0x0000000080000000, 0x0000000100000000)
  region size 1024K, 2 young (2048K), 2 survivors (2048K)
 Metaspace       used 57250K, committed 57728K, reserved 1114112K
  class space    used 7745K, committed 7936K, reserved 1048576K
}
Event: 17.008 GC heap before
{Heap before GC invocations=25 (full 0):
 garbage-first heap   total 147456K, used 123197K [0x0000000080000000, 0x0000000100000000)
  region size 1024K, 66 young (67584K), 2 survivors (2048K)
 Metaspace       used 57254K, committed 57728K, reserved 1114112K
  class space    used 7745K, committed 7936K, reserved 1048576K
}
Event: 17.009 GC heap after
{Heap after GC invocations=26 (full 0):
 garbage-first heap   total 147456K, used 58219K [0x0000000080000000, 0x0000000100000000)
  region size 1024K, 3 young (3072K), 3 survivors (3072K)
 Metaspace       used 57254K, committed 57728K, reserved 1114112K
  class space    used 7745K, committed 7936K, reserved 1048576K
}
Event: 17.616 GC heap before
{Heap before GC invocations=26 (full 0):
 garbage-first heap   total 147456K, used 123755K [0x0000000080000000, 0x0000000100000000)
  region size 1024K, 67 young (68608K), 3 survivors (3072K)
 Metaspace       used 57286K, committed 57728K, reserved 1114112K
  class space    used 7745K, committed 7936K, reserved 1048576K
}
Event: 17.619 GC heap after
{Heap after GC invocations=27 (full 0):
 garbage-first heap   total 147456K, used 58761K [0x0000000080000000, 0x0000000100000000)
  region size 1024K, 3 young (3072K), 3 survivors (3072K)
 Metaspace       used 57286K, committed 57728K, reserved 1114112K
  class space    used 7745K, committed 7936K, reserved 1048576K
}
Event: 18.290 GC heap before
{Heap before GC invocations=27 (full 0):
 garbage-first heap   total 147456K, used 125321K [0x0000000080000000, 0x0000000100000000)
  region size 1024K, 68 young (69632K), 3 survivors (3072K)
 Metaspace       used 57287K, committed 57728K, reserved 1114112K
  class space    used 7745K, committed 7936K, reserved 1048576K
}
Event: 18.292 GC heap after
{Heap after GC invocations=28 (full 0):
 garbage-first heap   total 147456K, used 59269K [0x0000000080000000, 0x0000000100000000)
  region size 1024K, 4 young (4096K), 4 survivors (4096K)
 Metaspace       used 57287K, committed 57728K, reserved 1114112K
  class space    used 7745K, committed 7936K, reserved 1048576K
}
Event: 18.990 GC heap before
{Heap before GC invocations=28 (full 0):
 garbage-first heap   total 147456K, used 125829K [0x0000000080000000, 0x0000000100000000)
  region size 1024K, 69 young (70656K), 4 survivors (4096K)
 Metaspace       used 57317K, committed 57792K, reserved 1114112K
  class space    used 7746K, committed 7936K, reserved 1048576K
}
Event: 18.994 GC heap after
{Heap after GC invocations=29 (full 0):
 garbage-first heap   total 147456K, used 59749K [0x0000000080000000, 0x0000000100000000)
  region size 1024K, 4 young (4096K), 4 survivors (4096K)
 Metaspace       used 57317K, committed 57792K, reserved 1114112K
  class space    used 7746K, committed 7936K, reserved 1048576K
}

Dll operation events (3 events):
Event: 0.009 Loaded shared library D:\Android Studio\jbr\bin\java.dll
Event: 0.171 Loaded shared library D:\Android Studio\jbr\bin\zip.dll
Event: 0.720 Loaded shared library D:\Android Studio\jbr\bin\verify.dll

Deoptimization events (20 events):
Event: 18.696 Thread 0x000001e7b4053c60 DEOPT PACKING pc=0x000001e79881c0fa sp=0x0000008660bf4e00
Event: 18.696 Thread 0x000001e7b4053c60 DEOPT UNPACKING pc=0x000001e79f507143 sp=0x0000008660bf4510 mode 0
Event: 18.746 Thread 0x000001e7b4053c60 DEOPT PACKING pc=0x000001e79881c0fa sp=0x0000008660bf4e00
Event: 18.746 Thread 0x000001e7b4053c60 DEOPT UNPACKING pc=0x000001e79f507143 sp=0x0000008660bf4510 mode 0
Event: 18.753 Thread 0x000001e7b4053c60 DEOPT PACKING pc=0x000001e79881bada sp=0x0000008660bf4e00
Event: 18.753 Thread 0x000001e7b4053c60 DEOPT UNPACKING pc=0x000001e79f507143 sp=0x0000008660bf4510 mode 0
Event: 18.767 Thread 0x000001e7b4053c60 DEOPT PACKING pc=0x000001e79881bada sp=0x0000008660bf4e00
Event: 18.767 Thread 0x000001e7b4053c60 DEOPT UNPACKING pc=0x000001e79f507143 sp=0x0000008660bf4510 mode 0
Event: 18.786 Thread 0x000001e7b4053c60 DEOPT PACKING pc=0x000001e79881bada sp=0x0000008660bf4e00
Event: 18.786 Thread 0x000001e7b4053c60 DEOPT UNPACKING pc=0x000001e79f507143 sp=0x0000008660bf4510 mode 0
Event: 18.823 Thread 0x000001e7b4053c60 Uncommon trap: trap_request=0xffffff45 fr.pc=0x000001e79fd2f18c relative=0x000000000000792c
Event: 18.823 Thread 0x000001e7b4053c60 Uncommon trap: reason=unstable_if action=reinterpret pc=0x000001e79fd2f18c method=org.objectweb.asm.ClassReader.readMethod(Lorg/objectweb/asm/ClassVisitor;Lorg/objectweb/asm/Context;I)I @ 335 c2
Event: 18.823 Thread 0x000001e7b4053c60 DEOPT PACKING pc=0x000001e79fd2f18c sp=0x0000008660bf51f0
Event: 18.823 Thread 0x000001e7b4053c60 DEOPT UNPACKING pc=0x000001e79f5069a3 sp=0x0000008660bf5228 mode 2
Event: 18.832 Thread 0x000001e7b4053c60 DEOPT PACKING pc=0x000001e79881bada sp=0x0000008660bf4d80
Event: 18.832 Thread 0x000001e7b4053c60 DEOPT UNPACKING pc=0x000001e79f507143 sp=0x0000008660bf4490 mode 0
Event: 18.934 Thread 0x000001e7b4053c60 DEOPT PACKING pc=0x000001e79881bada sp=0x0000008660bf4d80
Event: 18.934 Thread 0x000001e7b4053c60 DEOPT UNPACKING pc=0x000001e79f507143 sp=0x0000008660bf4490 mode 0
Event: 19.001 Thread 0x000001e7b4053c60 DEOPT PACKING pc=0x000001e79881bada sp=0x0000008660bf4d80
Event: 19.001 Thread 0x000001e7b4053c60 DEOPT UNPACKING pc=0x000001e79f507143 sp=0x0000008660bf4490 mode 0

Classes unloaded (0 events):
No events

Classes redefined (0 events):
No events

Internal exceptions (20 events):
Event: 13.327 Thread 0x000001e7b4053c60 Exception <a 'java/lang/ClassNotFoundException'{0x00000000883d0518}: org/gradle/api/internal/initialization/DefaultScriptHandler_DecoratedCustomizer> (0x00000000883d0518) 
thrown [s\src\hotspot\share\classfile\systemDictionary.cpp, line 256]
Event: 13.385 Thread 0x000001e7b4053c60 Exception <a 'java/lang/NoSuchMethodError'{0x0000000088039058}: 'java.lang.Object java.lang.invoke.DirectMethodHandle$Holder.newInvokeSpecial(java.lang.Object, java.lang.Object, java.lang.Object, java.lang.Object, int)'> (0x0000000088039058) 
thrown [s\src\hotspot\share\interpreter\linkResolver.cpp, line 771]
Event: 13.386 Thread 0x000001e7b4053c60 Exception <a 'java/lang/NoSuchMethodError'{0x000000008803e380}: 'java.lang.Object java.lang.invoke.DirectMethodHandle$Holder.invokeSpecial(java.lang.Object, java.lang.Object, java.lang.Object, java.lang.Object, java.lang.Object, int)'> (0x000000008803e380) 
thrown [s\src\hotspot\share\interpreter\linkResolver.cpp, line 771]
Event: 13.386 Thread 0x000001e7b4053c60 Exception <a 'java/lang/NoSuchMethodError'{0x0000000088043058}: 'java.lang.Object java.lang.invoke.Invokers$Holder.linkToTargetMethod(java.lang.Object, java.lang.Object, java.lang.Object, int, java.lang.Object)'> (0x0000000088043058) 
thrown [s\src\hotspot\share\interpreter\linkResolver.cpp, line 771]
Event: 13.439 Thread 0x000001e7b4053c60 Exception <a 'java/lang/NoSuchMethodError'{0x0000000087e46db8}: 'int java.lang.invoke.DirectMethodHandle$Holder.invokeInterface(java.lang.Object, java.lang.Object, java.lang.Object, java.lang.Object)'> (0x0000000087e46db8) 
thrown [s\src\hotspot\share\interpreter\linkResolver.cpp, line 771]
Event: 13.613 Thread 0x000001e7b4053c60 Implicit null exception at 0x000001e79fbfdc6c to 0x000001e79fbfdd20
Event: 13.627 Thread 0x000001e7b4053c60 Exception <a 'java/lang/ClassNotFoundException'{0x00000000878cbc30}: org/gradle/api/internal/artifacts/dsl/dependencies/DefaultDependencyHandler_DecoratedBeanInfo> (0x00000000878cbc30) 
thrown [s\src\hotspot\share\classfile\systemDictionary.cpp, line 256]
Event: 13.628 Thread 0x000001e7b4053c60 Exception <a 'java/lang/ClassNotFoundException'{0x00000000878e3820}: org/gradle/api/internal/artifacts/dsl/dependencies/DefaultDependencyHandlerBeanInfo> (0x00000000878e3820) 
thrown [s\src\hotspot\share\classfile\systemDictionary.cpp, line 256]
Event: 13.629 Thread 0x000001e7b4053c60 Exception <a 'java/lang/ClassNotFoundException'{0x00000000878fb3d0}: org/gradle/api/internal/artifacts/dsl/dependencies/DefaultDependencyHandlerCustomizer> (0x00000000878fb3d0) 
thrown [s\src\hotspot\share\classfile\systemDictionary.cpp, line 256]
Event: 13.634 Thread 0x000001e7b4053c60 Exception <a 'java/lang/ClassNotFoundException'{0x000000008773dc80}: org/gradle/api/internal/artifacts/dsl/dependencies/DefaultDependencyHandler_DecoratedCustomizer> (0x000000008773dc80) 
thrown [s\src\hotspot\share\classfile\systemDictionary.cpp, line 256]
Event: 13.646 Thread 0x000001e7b4053c60 Exception <a 'java/lang/ClassNotFoundException'{0x0000000087782500}: sync_studio_tooling_f8ma0aakvyycpgmzyevwuz7s$_run_closure1BeanInfo> (0x0000000087782500) 
thrown [s\src\hotspot\share\classfile\systemDictionary.cpp, line 256]
Event: 13.648 Thread 0x000001e7b4053c60 Exception <a 'java/lang/ClassNotFoundException'{0x00000000877894d8}: sync_studio_tooling_f8ma0aakvyycpgmzyevwuz7s$_run_closure1Customizer> (0x00000000877894d8) 
thrown [s\src\hotspot\share\classfile\systemDictionary.cpp, line 256]
Event: 13.735 Thread 0x000001e7b4053c60 Exception <a 'java/lang/NoSuchMethodError'{0x00000000874843b8}: 'java.lang.Object java.lang.invoke.DirectMethodHandle$Holder.newInvokeSpecial(java.lang.Object, int, java.lang.Object)'> (0x00000000874843b8) 
thrown [s\src\hotspot\share\interpreter\linkResolver.cpp, line 771]
Event: 13.804 Thread 0x000001e7b4053c60 Exception <a 'java/lang/NoSuchMethodError'{0x00000000872bf710}: 'void java.lang.invoke.DirectMethodHandle$Holder.invokeInterface(java.lang.Object, java.lang.Object)'> (0x00000000872bf710) 
thrown [s\src\hotspot\share\interpreter\linkResolver.cpp, line 771]
Event: 14.055 Thread 0x000001e7b4053c60 Exception <a 'java/lang/NoSuchMethodError'{0x0000000086863fd0}: 'java.lang.Object java.lang.invoke.DirectMethodHandle$Holder.newInvokeSpecial(java.lang.Object, java.lang.Object, java.lang.Object, java.lang.Object, int, java.lang.Object)'> (0x0000000086863fd0) 
thrown [s\src\hotspot\share\interpreter\linkResolver.cpp, line 771]
Event: 14.056 Thread 0x000001e7b4053c60 Exception <a 'java/lang/NoSuchMethodError'{0x000000008686ce60}: 'java.lang.Object java.lang.invoke.Invokers$Holder.linkToTargetMethod(java.lang.Object, java.lang.Object, java.lang.Object, int, java.lang.Object, java.lang.Object)'> (0x000000008686ce60) 
thrown [s\src\hotspot\share\interpreter\linkResolver.cpp, line 771]
Event: 14.126 Thread 0x000001e7b4053c60 Exception <a 'sun/nio/fs/WindowsException'{0x00000000866f9850}> (0x00000000866f9850) 
thrown [s\src\hotspot\share\prims\jni.cpp, line 531]
Event: 14.126 Thread 0x000001e7b5147740 Exception <a 'sun/nio/fs/WindowsException'{0x0000000086539c98}> (0x0000000086539c98) 
thrown [s\src\hotspot\share\prims\jni.cpp, line 531]
Event: 14.528 Thread 0x000001e7b5147740 Exception <a 'sun/nio/fs/WindowsException'{0x00000000867caf80}> (0x00000000867caf80) 
thrown [s\src\hotspot\share\prims\jni.cpp, line 531]
Event: 14.531 Thread 0x000001e7b5147740 Exception <a 'sun/nio/fs/WindowsException'{0x00000000867cb448}> (0x00000000867cb448) 
thrown [s\src\hotspot\share\prims\jni.cpp, line 531]

VM Operations (20 events):
Event: 15.334 Executing VM operation: G1CollectForAllocation
Event: 15.336 Executing VM operation: G1CollectForAllocation done
Event: 15.616 Executing VM operation: HandshakeAllThreads
Event: 15.616 Executing VM operation: HandshakeAllThreads done
Event: 15.787 Executing VM operation: HandshakeAllThreads
Event: 15.787 Executing VM operation: HandshakeAllThreads done
Event: 15.904 Executing VM operation: G1CollectForAllocation
Event: 15.905 Executing VM operation: G1CollectForAllocation done
Event: 16.204 Executing VM operation: HandshakeAllThreads
Event: 16.204 Executing VM operation: HandshakeAllThreads done
Event: 16.440 Executing VM operation: G1CollectForAllocation
Event: 16.442 Executing VM operation: G1CollectForAllocation done
Event: 17.007 Executing VM operation: G1CollectForAllocation
Event: 17.009 Executing VM operation: G1CollectForAllocation done
Event: 17.616 Executing VM operation: G1CollectForAllocation
Event: 17.619 Executing VM operation: G1CollectForAllocation done
Event: 18.290 Executing VM operation: G1CollectForAllocation
Event: 18.292 Executing VM operation: G1CollectForAllocation done
Event: 18.990 Executing VM operation: G1CollectForAllocation
Event: 18.994 Executing VM operation: G1CollectForAllocation done

Events (20 events):
Event: 16.213 Thread 0x000001e7aeada960 flushing nmethod 0x000001e7989c6110
Event: 16.213 Thread 0x000001e7aeada960 flushing nmethod 0x000001e7989ca490
Event: 16.213 Thread 0x000001e7aeada960 flushing nmethod 0x000001e7989cdc10
Event: 16.213 Thread 0x000001e7aeada960 flushing nmethod 0x000001e7989ce890
Event: 16.213 Thread 0x000001e7aeada960 flushing nmethod 0x000001e7989cfa90
Event: 16.213 Thread 0x000001e7aeada960 flushing nmethod 0x000001e7989d1690
Event: 16.213 Thread 0x000001e7aeada960 flushing nmethod 0x000001e7989df910
Event: 16.213 Thread 0x000001e7aeada960 flushing nmethod 0x000001e7989e0b90
Event: 16.213 Thread 0x000001e7aeada960 flushing nmethod 0x000001e7989f2a10
Event: 16.213 Thread 0x000001e7aeada960 flushing nmethod 0x000001e7989ff010
Event: 16.213 Thread 0x000001e7aeada960 flushing nmethod 0x000001e798a00810
Event: 16.213 Thread 0x000001e7aeada960 flushing nmethod 0x000001e798a0a010
Event: 16.213 Thread 0x000001e7aeada960 flushing nmethod 0x000001e798a12290
Event: 16.213 Thread 0x000001e7aeada960 flushing nmethod 0x000001e798a39810
Event: 16.213 Thread 0x000001e7aeada960 flushing nmethod 0x000001e798a43c90
Event: 16.213 Thread 0x000001e7aeada960 flushing nmethod 0x000001e798a65e10
Event: 16.213 Thread 0x000001e7aeada960 flushing nmethod 0x000001e798a96090
Event: 16.213 Thread 0x000001e7aeada960 flushing nmethod 0x000001e798a96c90
Event: 18.908 loading class jdk/internal/access/foreign/MemorySegmentProxy
Event: 18.908 loading class jdk/internal/access/foreign/MemorySegmentProxy done


Dynamic libraries:
0x00007ff713bf0000 - 0x00007ff713bfa000 	D:\Android Studio\jbr\bin\java.exe
0x00007fff16c10000 - 0x00007fff16e27000 	C:\WINDOWS\SYSTEM32\ntdll.dll
0x00007fff153c0000 - 0x00007fff15484000 	C:\WINDOWS\System32\KERNEL32.DLL
0x00007fff13f20000 - 0x00007fff142d7000 	C:\WINDOWS\System32\KERNELBASE.dll
0x00007fff143a0000 - 0x00007fff144b1000 	C:\WINDOWS\System32\ucrtbase.dll
0x00007fff005e0000 - 0x00007fff005fb000 	D:\Android Studio\jbr\bin\VCRUNTIME140.dll
0x00007fff0f800000 - 0x00007fff0f817000 	D:\Android Studio\jbr\bin\jli.dll
0x00007fff14dc0000 - 0x00007fff14f6f000 	C:\WINDOWS\System32\USER32.dll
0x00007fff147f0000 - 0x00007fff14816000 	C:\WINDOWS\System32\win32u.dll
0x00007fff15310000 - 0x00007fff15339000 	C:\WINDOWS\System32\GDI32.dll
0x00007fff02db0000 - 0x00007fff03043000 	C:\WINDOWS\WinSxS\amd64_microsoft.windows.common-controls_6595b64144ccf1df_6.0.22621.3672_none_2713b9d173822955\COMCTL32.dll
0x00007fff14820000 - 0x00007fff14938000 	C:\WINDOWS\System32\gdi32full.dll
0x00007fff163a0000 - 0x00007fff16447000 	C:\WINDOWS\System32\msvcrt.dll
0x00007fff144c0000 - 0x00007fff1455a000 	C:\WINDOWS\System32\msvcp_win.dll
0x00007fff152b0000 - 0x00007fff152e1000 	C:\WINDOWS\System32\IMM32.DLL
0x00007fff0f840000 - 0x00007fff0f84c000 	D:\Android Studio\jbr\bin\vcruntime140_1.dll
0x00007ffef7290000 - 0x00007ffef731d000 	D:\Android Studio\jbr\bin\msvcp140.dll
0x00007ffeb63a0000 - 0x00007ffeb7023000 	D:\Android Studio\jbr\bin\server\jvm.dll
0x00007fff162e0000 - 0x00007fff16392000 	C:\WINDOWS\System32\ADVAPI32.dll
0x00007fff168e0000 - 0x00007fff16988000 	C:\WINDOWS\System32\sechost.dll
0x00007fff147c0000 - 0x00007fff147e8000 	C:\WINDOWS\System32\bcrypt.dll
0x00007fff14f70000 - 0x00007fff15084000 	C:\WINDOWS\System32\RPCRT4.dll
0x00007fff12d90000 - 0x00007fff12ddd000 	C:\WINDOWS\SYSTEM32\POWRPROF.dll
0x00007fff10740000 - 0x00007fff10749000 	C:\WINDOWS\SYSTEM32\WSOCK32.dll
0x00007fff0f7c0000 - 0x00007fff0f7f4000 	C:\WINDOWS\SYSTEM32\WINMM.dll
0x00007fff0fe70000 - 0x00007fff0fe7a000 	C:\WINDOWS\SYSTEM32\VERSION.dll
0x00007fff15340000 - 0x00007fff153b1000 	C:\WINDOWS\System32\WS2_32.dll
0x00007fff12d70000 - 0x00007fff12d83000 	C:\WINDOWS\SYSTEM32\UMPDC.dll
0x00007fff13020000 - 0x00007fff13038000 	C:\WINDOWS\SYSTEM32\kernel.appcore.dll
0x00007fff10730000 - 0x00007fff1073a000 	D:\Android Studio\jbr\bin\jimage.dll
0x00007fff11810000 - 0x00007fff11a42000 	C:\WINDOWS\SYSTEM32\DBGHELP.DLL
0x00007fff16450000 - 0x00007fff167de000 	C:\WINDOWS\System32\combase.dll
0x00007fff169a0000 - 0x00007fff16a77000 	C:\WINDOWS\System32\OLEAUT32.dll
0x00007fff01950000 - 0x00007fff01982000 	C:\WINDOWS\SYSTEM32\dbgcore.DLL
0x00007fff14740000 - 0x00007fff147bb000 	C:\WINDOWS\System32\bcryptPrimitives.dll
0x00007fff0f820000 - 0x00007fff0f82e000 	D:\Android Studio\jbr\bin\instrument.dll
0x00007fff0f930000 - 0x00007fff0f955000 	D:\Android Studio\jbr\bin\java.dll
0x00007fff0f910000 - 0x00007fff0f928000 	D:\Android Studio\jbr\bin\zip.dll
0x00007fff154a0000 - 0x00007fff15d09000 	C:\WINDOWS\System32\SHELL32.dll
0x00007fff11e50000 - 0x00007fff1274f000 	C:\WINDOWS\SYSTEM32\windows.storage.dll
0x00007fff11d10000 - 0x00007fff11e4f000 	C:\WINDOWS\SYSTEM32\wintypes.dll
0x00007fff16a80000 - 0x00007fff16b79000 	C:\WINDOWS\System32\SHCORE.dll
0x00007fff16880000 - 0x00007fff168de000 	C:\WINDOWS\System32\shlwapi.dll
0x00007fff13e50000 - 0x00007fff13e77000 	C:\WINDOWS\SYSTEM32\profapi.dll
0x00007fff0f8f0000 - 0x00007fff0f909000 	D:\Android Studio\jbr\bin\net.dll
0x00007fff0feb0000 - 0x00007fff0ffe6000 	C:\WINDOWS\SYSTEM32\WINHTTP.dll
0x00007fff13490000 - 0x00007fff134f9000 	C:\WINDOWS\system32\mswsock.dll
0x00007fff0f8d0000 - 0x00007fff0f8e6000 	D:\Android Studio\jbr\bin\nio.dll
0x00007fff0f830000 - 0x00007fff0f840000 	D:\Android Studio\jbr\bin\verify.dll
0x00007ffed4c20000 - 0x00007ffed4c47000 	C:\Users\marco\.gradle\native\c067742578af261105cb4f569cf0c3c89f3d7b1fecec35dd04571415982c5e48\windows-amd64\native-platform.dll
0x00007ffee4ad0000 - 0x00007ffee4c14000 	C:\Users\marco\.gradle\native\38dada09dfb8b06ba9b0570ebf7e218e3eb74d4ef43ca46872605cf95ebc2f47\windows-amd64\native-platform-file-events.dll
0x00007fff10760000 - 0x00007fff10769000 	D:\Android Studio\jbr\bin\management.dll
0x00007fff10750000 - 0x00007fff1075b000 	D:\Android Studio\jbr\bin\management_ext.dll
0x00007fff15490000 - 0x00007fff15498000 	C:\WINDOWS\System32\PSAPI.DLL
0x00007fff136b0000 - 0x00007fff136cb000 	C:\WINDOWS\SYSTEM32\CRYPTSP.dll
0x00007fff12f80000 - 0x00007fff12fb5000 	C:\WINDOWS\system32\rsaenh.dll
0x00007fff13550000 - 0x00007fff13578000 	C:\WINDOWS\SYSTEM32\USERENV.dll
0x00007fff136d0000 - 0x00007fff136dc000 	C:\WINDOWS\SYSTEM32\CRYPTBASE.dll
0x00007fff12a60000 - 0x00007fff12a8d000 	C:\WINDOWS\SYSTEM32\IPHLPAPI.DLL
0x00007fff14940000 - 0x00007fff14949000 	C:\WINDOWS\System32\NSI.dll
0x00007fff0fc80000 - 0x00007fff0fc99000 	C:\WINDOWS\SYSTEM32\dhcpcsvc6.DLL
0x00007fff0fc60000 - 0x00007fff0fc7f000 	C:\WINDOWS\SYSTEM32\dhcpcsvc.DLL
0x00007fff12a90000 - 0x00007fff12b92000 	C:\WINDOWS\SYSTEM32\DNSAPI.dll
0x00007fff10770000 - 0x00007fff10779000 	D:\Android Studio\jbr\bin\extnet.dll
0x00007fff10780000 - 0x00007fff10788000 	C:\WINDOWS\system32\wshunix.dll
0x00007fff13130000 - 0x00007fff13164000 	C:\WINDOWS\SYSTEM32\ntmarta.dll

dbghelp: loaded successfully - version: 4.0.5 - missing functions: none
symbol engine: initialized successfully - sym options: 0x614 - pdb path: .;D:\Android Studio\jbr\bin;C:\WINDOWS\SYSTEM32;C:\WINDOWS\WinSxS\amd64_microsoft.windows.common-controls_6595b64144ccf1df_6.0.22621.3672_none_2713b9d173822955;D:\Android Studio\jbr\bin\server;C:\Users\marco\.gradle\native\c067742578af261105cb4f569cf0c3c89f3d7b1fecec35dd04571415982c5e48\windows-amd64;C:\Users\marco\.gradle\native\38dada09dfb8b06ba9b0570ebf7e218e3eb74d4ef43ca46872605cf95ebc2f47\windows-amd64

VM Arguments:
jvm_args: --add-opens=java.base/java.util=ALL-UNNAMED --add-opens=java.base/java.lang=ALL-UNNAMED --add-opens=java.base/java.lang.invoke=ALL-UNNAMED --add-opens=java.prefs/java.util.prefs=ALL-UNNAMED --add-opens=java.base/java.nio.charset=ALL-UNNAMED --add-opens=java.base/java.net=ALL-UNNAMED --add-opens=java.base/java.util.concurrent.atomic=ALL-UNNAMED -Xmx2048m -Dfile.encoding=UTF-8 -Duser.country=419 -Duser.language=es -Duser.variant -javaagent:C:\Users\marco\.gradle\wrapper\dists\gradle-8.7-bin\bhs2wmbdwecv87pi65oeuq5iu\gradle-8.7\lib\agents\gradle-instrumentation-agent-8.7.jar 
java_command: org.gradle.launcher.daemon.bootstrap.GradleDaemon 8.7
java_class_path (initial): C:\Users\marco\.gradle\wrapper\dists\gradle-8.7-bin\bhs2wmbdwecv87pi65oeuq5iu\gradle-8.7\lib\gradle-launcher-8.7.jar
Launcher Type: SUN_STANDARD

[Global flags]
     intx CICompilerCount                          = 4                                         {product} {ergonomic}
     uint ConcGCThreads                            = 2                                         {product} {ergonomic}
     uint G1ConcRefinementThreads                  = 8                                         {product} {ergonomic}
   size_t G1HeapRegionSize                         = 1048576                                   {product} {ergonomic}
    uintx GCDrainStackTargetSize                   = 64                                        {product} {ergonomic}
   size_t InitialHeapSize                          = 132120576                                 {product} {ergonomic}
   size_t MarkStackSize                            = 4194304                                   {product} {ergonomic}
   size_t MaxHeapSize                              = 2147483648                                {product} {command line}
   size_t MaxNewSize                               = 1287651328                                {product} {ergonomic}
   size_t MinHeapDeltaBytes                        = 1048576                                   {product} {ergonomic}
   size_t MinHeapSize                              = 8388608                                   {product} {ergonomic}
    uintx NonNMethodCodeHeapSize                   = 5839372                                {pd product} {ergonomic}
    uintx NonProfiledCodeHeapSize                  = 122909434                              {pd product} {ergonomic}
    uintx ProfiledCodeHeapSize                     = 122909434                              {pd product} {ergonomic}
    uintx ReservedCodeCacheSize                    = 251658240                              {pd product} {ergonomic}
     bool SegmentedCodeCache                       = true                                      {product} {ergonomic}
   size_t SoftMaxHeapSize                          = 2147483648                             {manageable} {ergonomic}
     bool UseCompressedClassPointers               = true                           {product lp64_product} {ergonomic}
     bool UseCompressedOops                        = true                           {product lp64_product} {ergonomic}
     bool UseG1GC                                  = true                                      {product} {ergonomic}
     bool UseLargePagesIndividualAllocation        = false                                  {pd product} {ergonomic}

Logging:
Log output configuration:
 #0: stdout all=warning uptime,level,tags
 #1: stderr all=off uptime,level,tags

Environment Variables:
PATH=C:\Program Files\Common Files\Oracle\Java\javapath;C:\Windows\system32;C:\Windows;C:\Windows\System32\Wbem;C:\Windows\System32\WindowsPowerShell\v1.0\;C:\Windows\System32\OpenSSH\;C:\Program Files (x86)\NVIDIA Corporation\PhysX\Common;C:\Program Files\NVIDIA Corporation\NVIDIA NvDLISR;C:\xampp\php;D:\proyecto integrador;C:\WINDOWS\system32;C:\WINDOWS;C:\WINDOWS\System32\Wbem;C:\WINDOWS\System32\WindowsPowerShell\v1.0\;C:\WINDOWS\System32\OpenSSH\;C:\Program Files\nodejs\;C:\Program Files\Git\cmd;C:\Users\marco\AppData\Local\Microsoft\WindowsApps;C:\Users\marco\AppData\Local\Programs\Microsoft VS Code\bin;C:\Users\marco\AppData\Roaming\Composer\vendor\bin;C:\Users\marco\AppData\Roaming\npm
USERNAME=marco
OS=Windows_NT
PROCESSOR_IDENTIFIER=Intel64 Family 6 Model 165 Stepping 2, GenuineIntel
TMP=C:\Users\marco\AppData\Local\Temp
TEMP=C:\Users\marco\AppData\Local\Temp



Periodic native trim disabled

JNI global refs:
JNI global refs: 26, weak refs: 79

JNI global refs memory usage: 843, weak refs: 1473

Process memory usage:
Resident Set Size: 327204K (3% of 8221704K total physical memory with 158288K free physical memory)

OOME stack traces (most recent first):
Classloader memory used:
Loader org.gradle.internal.classloader.VisitableURLClassLoader                         : 3759K
Loader bootstrap                                                                       : 2442K
Loader org.gradle.initialization.MixInLegacyTypesClassLoader                           : 749K
Loader org.gradle.internal.classloader.VisitableURLClassLoader                         : 88069B
Loader jdk.internal.loader.ClassLoaders$PlatformClassLoader                            : 68299B
Loader jdk.internal.loader.ClassLoaders$AppClassLoader                                 : 28714B
Loader jdk.internal.reflect.DelegatingClassLoader                                      : 25427B
Loader org.gradle.groovy.scripts.internal.DefaultScriptCompilationHandler$ScriptClassLoader: 4305B
Loader groovy.lang.GroovyClassLoader$InnerLoader                                       : 2372B
Loader org.codehaus.groovy.runtime.callsite.CallSiteClassLoader                        : 876B

Classes loaded by more than one classloader:
Class org.gradle.api.GradleException                                                  : loaded 3 times (x 80B)
Class org.gradle.util.GradleVersion                                                   : loaded 2 times (x 81B)
Class org.gradle.internal.classpath.ClassPath                                         : loaded 2 times (x 68B)
Class org.gradle.api.internal.classpath.DefaultModuleRegistry                         : loaded 2 times (x 84B)
Class org.gradle.internal.exceptions.NonGradleCauseExceptionsHolder                   : loaded 2 times (x 68B)
Class org.gradle.api.Action                                                           : loaded 2 times (x 68B)
Class org.gradle.api.internal.DefaultClassPathProvider                                : loaded 2 times (x 74B)
Class org.gradle.internal.installation.GradleInstallation$1                           : loaded 2 times (x 73B)
Class org.gradle.internal.exceptions.DefaultMultiCauseException                       : loaded 2 times (x 93B)
Class org.gradle.internal.time.MonotonicClock                                         : loaded 2 times (x 75B)
Class org.gradle.internal.classloader.FilteringClassLoader                            : loaded 2 times (x 103B)
Class org.gradle.internal.classpath.DefaultClassPath$ImmutableUniqueList$Builder      : loaded 2 times (x 73B)
Class kotlin.UninitializedPropertyAccessException                                     : loaded 2 times (x 80B)
Class org.gradle.internal.classloader.ClassLoaderVisitor                              : loaded 2 times (x 74B)
Class _BuildScript_                                                                   : loaded 2 times (x 171B)
Class org.gradle.internal.time.DefaultCountdownTimer                                  : loaded 2 times (x 86B)
Class _BuildScript_$_run_closure1                                                     : loaded 2 times (x 130B)
Class org.gradle.internal.service.DefaultServiceLocator                               : loaded 2 times (x 81B)
Class org.gradle.internal.service.UnknownServiceException                             : loaded 2 times (x 81B)
Class org.gradle.internal.classloader.DefaultClassLoaderFactory                       : loaded 2 times (x 80B)
Class org.gradle.internal.classloader.VisitableURLClassLoader$Spec                    : loaded 2 times (x 72B)
Class org.gradle.tooling.model.ProjectModel                                           : loaded 2 times (x 68B)
Class org.gradle.internal.installation.GradleInstallation                             : loaded 2 times (x 73B)
Class org.gradle.api.internal.classpath.ModuleRegistry                                : loaded 2 times (x 68B)
Class org.gradle.api.internal.ClassPathProvider                                       : loaded 2 times (x 68B)
Class org.gradle.internal.classloader.ClasspathUtil$1                                 : loaded 2 times (x 74B)
Class org.gradle.internal.classloader.ClassLoaderFactory                              : loaded 2 times (x 68B)
Class org.gradle.api.internal.classpath.ManifestUtil                                  : loaded 2 times (x 69B)
Class org.gradle.api.specs.Spec                                                       : loaded 2 times (x 68B)
Class kotlin.jvm.internal.Intrinsics                                                  : loaded 2 times (x 69B)
Class org.gradle.internal.IoActions                                                   : loaded 2 times (x 69B)
Class org.gradle.api.internal.classpath.EffectiveClassPath                            : loaded 2 times (x 88B)
Class org.gradle.internal.exceptions.ResolutionProvider                               : loaded 2 times (x 68B)
Class org.gradle.internal.installation.CurrentGradleInstallation                      : loaded 2 times (x 71B)
Class org.gradle.internal.agents.InstrumentingClassLoader                             : loaded 2 times (x 68B)
Class org.gradle.internal.installation.CurrentGradleInstallationLocator               : loaded 2 times (x 69B)
Class org.gradle.api.internal.classpath.Module                                        : loaded 2 times (x 68B)
Class org.gradle.internal.service.CachingServiceLocator                               : loaded 2 times (x 80B)
Class org.gradle.internal.time.Timer                                                  : loaded 2 times (x 68B)
Class org.gradle.internal.classpath.DefaultClassPath                                  : loaded 2 times (x 88B)
Class org.gradle.internal.time.Time                                                   : loaded 2 times (x 69B)
Class org.gradle.internal.time.TimeSource$1                                           : loaded 2 times (x 75B)
Class kotlin.KotlinNullPointerException                                               : loaded 2 times (x 81B)
Class org.gradle.internal.classloader.SystemClassLoaderSpec                           : loaded 2 times (x 69B)
Class kotlin.Function                                                                 : loaded 2 times (x 68B)
Class org.gradle.api.UncheckedIOException                                             : loaded 2 times (x 80B)
Class org.gradle.internal.time.CountdownTimer                                         : loaded 2 times (x 68B)
Class org.gradle.internal.time.Clock                                                  : loaded 2 times (x 68B)
Class org.gradle.internal.classloader.ClasspathUtil                                   : loaded 2 times (x 69B)
Class org.gradle.api.internal.DefaultClassPathRegistry                                : loaded 2 times (x 74B)
Class org.gradle.api.internal.classpath.DefaultModuleRegistry$DefaultModule           : loaded 2 times (x 84B)
Class org.gradle.internal.time.TimeSource                                             : loaded 2 times (x 68B)
Class org.gradle.api.internal.classpath.UnknownModuleException                        : loaded 2 times (x 80B)
Class org.gradle.internal.service.ServiceLookupException                              : loaded 2 times (x 80B)
Class org.gradle.cache.GlobalCache                                                    : loaded 2 times (x 68B)
Class [Lorg.gradle.api.internal.ClassPathProvider;                                    : loaded 2 times (x 67B)
Class org.gradle.internal.operations.MultipleBuildOperationFailures                   : loaded 2 times (x 93B)
Class org.gradle.util.internal.GUtil                                                  : loaded 2 times (x 69B)
Class org.gradle.internal.classloader.ClassLoaderSpec                                 : loaded 2 times (x 69B)
Class org.gradle.internal.classloader.VisitableURLClassLoader                         : loaded 2 times (x 115B)
Class org.gradle.internal.Cast                                                        : loaded 2 times (x 69B)
Class org.gradle.api.internal.ClassPathRegistry                                       : loaded 2 times (x 68B)
Class org.gradle.internal.classloader.VisitableURLClassLoader$InstrumentingVisitableURLClassLoader: loaded 2 times (x 121B)
Class org.gradle.internal.classloader.ClassLoaderHierarchy                            : loaded 2 times (x 68B)
Class org.gradle.internal.exceptions.MultiCauseException                              : loaded 2 times (x 68B)
Class org.gradle.internal.InternalTransformer                                         : loaded 2 times (x 68B)
Class org.gradle.internal.service.ServiceLocator                                      : loaded 2 times (x 68B)
Class org.gradle.internal.classpath.DefaultClassPath$ImmutableUniqueList              : loaded 2 times (x 159B)
Class org.gradle.internal.time.DefaultTimer                                           : loaded 2 times (x 78B)
Class org.gradle.internal.classpath.TransformedClassPath                              : loaded 2 times (x 94B)


---------------  S Y S T E M  ---------------

OS:
 Windows 11 , 64 bit Build 22621 (10.0.22621.3958)
OS uptime: 0 days 0:13 hours
Hyper-V role detected

CPU: total 8 (initial active 8) (4 cores per cpu, 2 threads per core) family 6 model 165 stepping 2 microcode 0xe0, cx8, cmov, fxsr, ht, mmx, 3dnowpref, sse, sse2, sse3, ssse3, sse4.1, sse4.2, popcnt, lzcnt, tsc, tscinvbit, avx, avx2, aes, erms, clmul, bmi1, bmi2, adx, fma, vzeroupper, clflush, clflushopt, hv
Processor Information for all 8 processors :
  Max Mhz: 2496, Current Mhz: 2496, Mhz Limit: 2496

Memory: 4k page, system-wide physical 8029M (149M free)
TotalPageFile size 16221M (AvailPageFile size 5M)
current process WorkingSet (physical memory assigned to process): 319M, peak: 323M
current process commit charge ("private bytes"): 358M, peak: 363M

vm_info: OpenJDK 64-Bit Server VM (17.0.11+0--11852314) for windows-amd64 JRE (17.0.11+0--11852314), built on May 16 2024 21:29:20 by "androidbuild" with MS VC++ 16.10 / 16.11 (VS2019)

END.
