#
# There is insufficient memory for the Java Runtime Environment to continue.
# Native memory allocation (mmap) failed to map 119537664 bytes. Error detail: G1 virtual space
# Possible reasons:
#   The system is out of physical RAM or swap space
#   This process is running with CompressedOops enabled, and the Java Heap may be blocking the growth of the native heap
# Possible solutions:
#   Reduce memory load on the system
#   Increase physical memory or swap space
#   Check if swap backing store is full
#   Decrease Java heap size (-Xmx/-Xms)
#   Decrease number of Java threads
#   Decrease Java thread stack sizes (-Xss)
#   Set larger code cache with -XX:ReservedCodeCacheSize=
#   JVM is running with Unscaled Compressed Oops mode in which the Java heap is
#     placed in the first 4GB address space. The Java Heap base address is the
#     maximum limit for the native heap growth. Please use -XX:HeapBaseMinAddress
#     to set the Java Heap base and to place the Java Heap above 4GB virtual address.
# This output file may be truncated or incomplete.
#
#  Out of Memory Error (os_windows.cpp:3825), pid=4900, tid=13140
#
# JRE version: OpenJDK Runtime Environment (17.0.11) (build 17.0.11+0--11852314)
# Java VM: OpenJDK 64-Bit Server VM (17.0.11+0--11852314, mixed mode, tiered, compressed oops, compressed class ptrs, g1 gc, windows-amd64)
# No core dump will be written. Minidumps are not enabled by default on client versions of Windows
#

---------------  S U M M A R Y ------------

Command Line: --add-opens=java.base/java.util=ALL-UNNAMED --add-opens=java.base/java.lang=ALL-UNNAMED --add-opens=java.base/java.lang.invoke=ALL-UNNAMED --add-opens=java.prefs/java.util.prefs=ALL-UNNAMED --add-opens=java.base/java.nio.charset=ALL-UNNAMED --add-opens=java.base/java.net=ALL-UNNAMED --add-opens=java.base/java.util.concurrent.atomic=ALL-UNNAMED -Xmx2048m -Dfile.encoding=UTF-8 -Duser.country=419 -Duser.language=es -Duser.variant -javaagent:C:\Users\marco\.gradle\wrapper\dists\gradle-8.7-bin\bhs2wmbdwecv87pi65oeuq5iu\gradle-8.7\lib\agents\gradle-instrumentation-agent-8.7.jar org.gradle.launcher.daemon.bootstrap.GradleDaemon 8.7

Host: Intel(R) Core(TM) i5-10300H CPU @ 2.50GHz, 8 cores, 7G,  Windows 11 , 64 bit Build 22621 (10.0.22621.3958)
Time: Tue Nov  5 09:45:16 2024 Hora est. Pacífico, Sudamérica elapsed time: 8.746757 seconds (0d 0h 0m 8s)

---------------  T H R E A D  ---------------

Current thread (0x00000281a25f1060):  VMThread "VM Thread" [stack: 0x000000f451500000,0x000000f451600000] [id=13140]

Stack: [0x000000f451500000,0x000000f451600000]
Native frames: (J=compiled Java code, j=interpreted, Vv=VM code, C=native code)
V  [jvm.dll+0x687bb9]
V  [jvm.dll+0x84142a]
V  [jvm.dll+0x8430ae]
V  [jvm.dll+0x843713]
V  [jvm.dll+0x24a35f]
V  [jvm.dll+0x684989]
V  [jvm.dll+0x67923a]
V  [jvm.dll+0x30af0b]
V  [jvm.dll+0x3123b6]
V  [jvm.dll+0x361dfe]
V  [jvm.dll+0x36202f]
V  [jvm.dll+0x2e0d38]
V  [jvm.dll+0x2df144]
V  [jvm.dll+0x2de74c]
V  [jvm.dll+0x32305b]
V  [jvm.dll+0x847e0b]
V  [jvm.dll+0x848b42]
V  [jvm.dll+0x84905d]
V  [jvm.dll+0x849434]
V  [jvm.dll+0x849500]
V  [jvm.dll+0x7efa4a]
V  [jvm.dll+0x686a35]
C  [ucrtbase.dll+0x29333]
C  [KERNEL32.DLL+0x1257d]
C  [ntdll.dll+0x5af08]

VM_Operation (0x000000f452df5c00): G1CollectForAllocation, mode: safepoint, requested by thread 0x00000281a7f6bd00


---------------  P R O C E S S  ---------------

Threads class SMR info:
_java_thread_list=0x00000281aae619e0, length=65, elements={
0x000002818877be60, 0x00000281a25f3710, 0x00000281a25f4ba0, 0x00000281a27682a0,
0x00000281a2768d70, 0x00000281a276b840, 0x00000281a276c200, 0x00000281a276cfa0,
0x00000281a276de60, 0x00000281a2773d70, 0x00000281a2869390, 0x00000281a2a3acf0,
0x00000281a7dae250, 0x00000281a8d450d0, 0x00000281a8a517e0, 0x00000281a8a51cc0,
0x00000281a79a8050, 0x00000281a79a8530, 0x00000281a7f69480, 0x00000281a7f6bd00,
0x00000281a7f6a8c0, 0x00000281a7f6add0, 0x00000281a7f6c720, 0x00000281a7f69ea0,
0x00000281a7f6cc30, 0x00000281a7f6c210, 0x00000281aa1e2340, 0x00000281aa1e2d60,
0x00000281aa1e2850, 0x00000281aa1dffd0, 0x00000281aa1dd240, 0x00000281aa1e1920,
0x00000281aa1e3780, 0x00000281aa1ddc60, 0x00000281aa1dfac0, 0x00000281aa1e04e0,
0x00000281aa1e09f0, 0x00000281aa1e3270, 0x00000281aa1e0f00, 0x00000281aa1e3c90,
0x00000281aa1e41a0, 0x00000281ab0f9db0, 0x00000281ab0ff3c0, 0x00000281ab0f7f50,
0x00000281ab0fda70, 0x00000281ab0fe9a0, 0x00000281ab0f8e80, 0x00000281ab0feeb0,
0x00000281ab0f8460, 0x00000281ab0fcb40, 0x00000281ab0fa2c0, 0x00000281ab0f8970,
0x00000281ab0f98a0, 0x00000281ab0fa7d0, 0x00000281ab0fd560, 0x00000281ab0fdf80,
0x00000281ab0face0, 0x00000281ab0fd050, 0x00000281ab0fbc10, 0x00000281ab0ff8d0,
0x00000281ab0fc120, 0x00000281ab0fc630, 0x00000281a7f6b2e0, 0x00000281a7f6a3b0,
0x00000281a7f6b7f0
}

Java Threads: ( => current thread )
  0x000002818877be60 JavaThread "main" [_thread_blocked, id=11960, stack(0x000000f450f00000,0x000000f451000000)]
  0x00000281a25f3710 JavaThread "Reference Handler" daemon [_thread_blocked, id=17472, stack(0x000000f451600000,0x000000f451700000)]
  0x00000281a25f4ba0 JavaThread "Finalizer" daemon [_thread_blocked, id=7172, stack(0x000000f451700000,0x000000f451800000)]
  0x00000281a27682a0 JavaThread "Signal Dispatcher" daemon [_thread_blocked, id=18072, stack(0x000000f451800000,0x000000f451900000)]
  0x00000281a2768d70 JavaThread "Attach Listener" daemon [_thread_blocked, id=10128, stack(0x000000f451900000,0x000000f451a00000)]
  0x00000281a276b840 JavaThread "Service Thread" daemon [_thread_blocked, id=12348, stack(0x000000f451a00000,0x000000f451b00000)]
  0x00000281a276c200 JavaThread "Monitor Deflation Thread" daemon [_thread_blocked, id=5740, stack(0x000000f451b00000,0x000000f451c00000)]
  0x00000281a276cfa0 JavaThread "C2 CompilerThread0" daemon [_thread_blocked, id=4176, stack(0x000000f451c00000,0x000000f451d00000)]
  0x00000281a276de60 JavaThread "C1 CompilerThread0" daemon [_thread_blocked, id=1368, stack(0x000000f451d00000,0x000000f451e00000)]
  0x00000281a2773d70 JavaThread "Sweeper thread" daemon [_thread_blocked, id=908, stack(0x000000f451e00000,0x000000f451f00000)]
  0x00000281a2869390 JavaThread "Common-Cleaner" daemon [_thread_blocked, id=18152, stack(0x000000f451f00000,0x000000f452000000)]
  0x00000281a2a3acf0 JavaThread "Notification Thread" daemon [_thread_blocked, id=16560, stack(0x000000f452000000,0x000000f452100000)]
  0x00000281a7dae250 JavaThread "Daemon health stats" [_thread_blocked, id=3264, stack(0x000000f452700000,0x000000f452800000)]
  0x00000281a8d450d0 JavaThread "Incoming local TCP Connector on port 51186" [_thread_in_native, id=17604, stack(0x000000f452300000,0x000000f452400000)]
  0x00000281a8a517e0 JavaThread "Daemon periodic checks" [_thread_blocked, id=15968, stack(0x000000f452800000,0x000000f452900000)]
  0x00000281a8a51cc0 JavaThread "C2 CompilerThread1" daemon [_thread_blocked, id=5644, stack(0x000000f452900000,0x000000f452a00000)]
  0x00000281a79a8050 JavaThread "Daemon" [_thread_blocked, id=9464, stack(0x000000f452a00000,0x000000f452b00000)]
  0x00000281a79a8530 JavaThread "Handler for socket connection from /127.0.0.1:51186 to /127.0.0.1:51188" [_thread_in_native, id=5556, stack(0x000000f452b00000,0x000000f452c00000)]
  0x00000281a7f69480 JavaThread "Cancel handler" [_thread_blocked, id=13504, stack(0x000000f452c00000,0x000000f452d00000)]
  0x00000281a7f6bd00 JavaThread "Daemon worker" [_thread_blocked, id=14804, stack(0x000000f452d00000,0x000000f452e00000)]
  0x00000281a7f6a8c0 JavaThread "Asynchronous log dispatcher for DefaultDaemonConnection: socket connection from /127.0.0.1:51186 to /127.0.0.1:51188" [_thread_blocked, id=6036, stack(0x000000f452e00000,0x000000f452f00000)]
  0x00000281a7f6add0 JavaThread "Stdin handler" [_thread_blocked, id=13736, stack(0x000000f452f00000,0x000000f453000000)]
  0x00000281a7f6c720 JavaThread "Daemon client event forwarder" [_thread_blocked, id=10420, stack(0x000000f453000000,0x000000f453100000)]
  0x00000281a7f69ea0 JavaThread "Cache worker for journal cache (C:\Users\marco\.gradle\caches\journal-1)" [_thread_blocked, id=9844, stack(0x000000f453500000,0x000000f453600000)]
  0x00000281a7f6cc30 JavaThread "File lock request listener" [_thread_in_native, id=10772, stack(0x000000f453600000,0x000000f453700000)]
  0x00000281a7f6c210 JavaThread "Cache worker for file hash cache (C:\Users\marco\.gradle\caches\8.7\fileHashes)" [_thread_blocked, id=17952, stack(0x000000f453700000,0x000000f453800000)]
  0x00000281aa1e2340 JavaThread "Cache worker for file hash cache (E:\android\ProyectoIntegradorAndroid\.gradle\8.7\fileHashes)" [_thread_blocked, id=17672, stack(0x000000f453800000,0x000000f453900000)]
  0x00000281aa1e2d60 JavaThread "File watcher server" daemon [_thread_blocked, id=15700, stack(0x000000f453900000,0x000000f453a00000)]
  0x00000281aa1e2850 JavaThread "File watcher consumer" daemon [_thread_blocked, id=9888, stack(0x000000f453a00000,0x000000f453b00000)]
  0x00000281aa1dffd0 JavaThread "jar transforms" [_thread_blocked, id=6832, stack(0x000000f453b00000,0x000000f453c00000)]
  0x00000281aa1dd240 JavaThread "jar transforms Thread 2" [_thread_blocked, id=8420, stack(0x000000f453c00000,0x000000f453d00000)]
  0x00000281aa1e1920 JavaThread "jar transforms Thread 3" [_thread_blocked, id=17932, stack(0x000000f453d00000,0x000000f453e00000)]
  0x00000281aa1e3780 JavaThread "jar transforms Thread 4" [_thread_blocked, id=1732, stack(0x000000f453e00000,0x000000f453f00000)]
  0x00000281aa1ddc60 JavaThread "jar transforms Thread 5" [_thread_blocked, id=1460, stack(0x000000f453f00000,0x000000f454000000)]
  0x00000281aa1dfac0 JavaThread "jar transforms Thread 6" [_thread_blocked, id=4316, stack(0x000000f454000000,0x000000f454100000)]
  0x00000281aa1e04e0 JavaThread "jar transforms Thread 7" [_thread_blocked, id=3376, stack(0x000000f454100000,0x000000f454200000)]
  0x00000281aa1e09f0 JavaThread "jar transforms Thread 8" [_thread_blocked, id=13836, stack(0x000000f454200000,0x000000f454300000)]
  0x00000281aa1e3270 JavaThread "Cache worker for checksums cache (E:\android\ProyectoIntegradorAndroid\.gradle\8.7\checksums)" [_thread_blocked, id=14572, stack(0x000000f454300000,0x000000f454400000)]
  0x00000281aa1e0f00 JavaThread "Cache worker for cache directory md-supplier (C:\Users\marco\.gradle\caches\8.7\md-supplier)" [_thread_blocked, id=18164, stack(0x000000f454400000,0x000000f454500000)]
  0x00000281aa1e3c90 JavaThread "Cache worker for cache directory md-rule (C:\Users\marco\.gradle\caches\8.7\md-rule)" [_thread_blocked, id=12408, stack(0x000000f454500000,0x000000f454600000)]
  0x00000281aa1e41a0 JavaThread "Cache worker for file content cache (C:\Users\marco\.gradle\caches\8.7\fileContent)" [_thread_blocked, id=17652, stack(0x000000f454600000,0x000000f454700000)]
  0x00000281ab0f9db0 JavaThread "Unconstrained build operations" [_thread_blocked, id=10608, stack(0x000000f454800000,0x000000f454900000)]
  0x00000281ab0ff3c0 JavaThread "Unconstrained build operations Thread 2" [_thread_blocked, id=17872, stack(0x000000f454900000,0x000000f454a00000)]
  0x00000281ab0f7f50 JavaThread "Unconstrained build operations Thread 3" [_thread_blocked, id=5428, stack(0x000000f454a00000,0x000000f454b00000)]
  0x00000281ab0fda70 JavaThread "Unconstrained build operations Thread 4" [_thread_blocked, id=17812, stack(0x000000f454b00000,0x000000f454c00000)]
  0x00000281ab0fe9a0 JavaThread "Unconstrained build operations Thread 5" [_thread_blocked, id=16316, stack(0x000000f454c00000,0x000000f454d00000)]
  0x00000281ab0f8e80 JavaThread "Unconstrained build operations Thread 6" [_thread_blocked, id=8600, stack(0x000000f454d00000,0x000000f454e00000)]
  0x00000281ab0feeb0 JavaThread "Unconstrained build operations Thread 7" [_thread_blocked, id=17656, stack(0x000000f454e00000,0x000000f454f00000)]
  0x00000281ab0f8460 JavaThread "Unconstrained build operations Thread 8" [_thread_blocked, id=18412, stack(0x000000f454f00000,0x000000f455000000)]
  0x00000281ab0fcb40 JavaThread "Unconstrained build operations Thread 9" [_thread_blocked, id=17776, stack(0x000000f455000000,0x000000f455100000)]
  0x00000281ab0fa2c0 JavaThread "Cache worker for Build Output Cleanup Cache (E:\android\ProyectoIntegradorAndroid\.gradle\buildOutputCleanup)" [_thread_blocked, id=10356, stack(0x000000f455100000,0x000000f455200000)]
  0x00000281ab0f8970 JavaThread "Unconstrained build operations Thread 10" [_thread_blocked, id=5152, stack(0x000000f455200000,0x000000f455300000)]
  0x00000281ab0f98a0 JavaThread "Unconstrained build operations Thread 11" [_thread_blocked, id=2108, stack(0x000000f455300000,0x000000f455400000)]
  0x00000281ab0fa7d0 JavaThread "Unconstrained build operations Thread 12" [_thread_blocked, id=17452, stack(0x000000f455400000,0x000000f455500000)]
  0x00000281ab0fd560 JavaThread "Unconstrained build operations Thread 13" [_thread_blocked, id=17916, stack(0x000000f455500000,0x000000f455600000)]
  0x00000281ab0fdf80 JavaThread "Unconstrained build operations Thread 14" [_thread_blocked, id=3864, stack(0x000000f455600000,0x000000f455700000)]
  0x00000281ab0face0 JavaThread "Unconstrained build operations Thread 15" [_thread_blocked, id=10488, stack(0x000000f455700000,0x000000f455800000)]
  0x00000281ab0fd050 JavaThread "Unconstrained build operations Thread 16" [_thread_blocked, id=16708, stack(0x000000f455800000,0x000000f455900000)]
  0x00000281ab0fbc10 JavaThread "Unconstrained build operations Thread 17" [_thread_blocked, id=17248, stack(0x000000f455900000,0x000000f455a00000)]
  0x00000281ab0ff8d0 JavaThread "Unconstrained build operations Thread 18" [_thread_blocked, id=8896, stack(0x000000f455a00000,0x000000f455b00000)]
  0x00000281ab0fc120 JavaThread "Unconstrained build operations Thread 19" [_thread_blocked, id=11072, stack(0x000000f455b00000,0x000000f455c00000)]
  0x00000281ab0fc630 JavaThread "Unconstrained build operations Thread 20" [_thread_blocked, id=17540, stack(0x000000f455c00000,0x000000f455d00000)]
  0x00000281a7f6b2e0 JavaThread "Unconstrained build operations Thread 21" [_thread_blocked, id=3672, stack(0x000000f455d00000,0x000000f455e00000)]
  0x00000281a7f6a3b0 JavaThread "Unconstrained build operations Thread 22" [_thread_blocked, id=9024, stack(0x000000f455e00000,0x000000f455f00000)]
  0x00000281a7f6b7f0 JavaThread "Unconstrained build operations Thread 23" [_thread_blocked, id=11064, stack(0x000000f455f00000,0x000000f456000000)]

Other Threads:
=>0x00000281a25f1060 VMThread "VM Thread" [stack: 0x000000f451500000,0x000000f451600000] [id=13140]
  0x00000281a2a65320 WatcherThread [stack: 0x000000f452100000,0x000000f452200000] [id=17976]
  0x00000281887d7ed0 GCTaskThread "GC Thread#0" [stack: 0x000000f451000000,0x000000f451100000] [id=12952]
  0x00000281a7b801e0 GCTaskThread "GC Thread#1" [stack: 0x000000f452400000,0x000000f452500000] [id=9520]
  0x00000281a7b804a0 GCTaskThread "GC Thread#2" [stack: 0x000000f452500000,0x000000f452600000] [id=2640]
  0x00000281a7b7bf00 GCTaskThread "GC Thread#3" [stack: 0x000000f452600000,0x000000f452700000] [id=14164]
  0x00000281a77b1fe0 GCTaskThread "GC Thread#4" [stack: 0x000000f452200000,0x000000f452300000] [id=18384]
  0x00000281a89f45e0 GCTaskThread "GC Thread#5" [stack: 0x000000f453100000,0x000000f453200000] [id=17860]
  0x00000281a89f4320 GCTaskThread "GC Thread#6" [stack: 0x000000f453200000,0x000000f453300000] [id=17596]
  0x00000281a89f50e0 GCTaskThread "GC Thread#7" [stack: 0x000000f453300000,0x000000f453400000] [id=14428]
  0x00000281887e8e20 ConcurrentGCThread "G1 Main Marker" [stack: 0x000000f451100000,0x000000f451200000] [id=2040]
  0x00000281887e9840 ConcurrentGCThread "G1 Conc#0" [stack: 0x000000f451200000,0x000000f451300000] [id=17476]
  0x00000281a89f48a0 ConcurrentGCThread "G1 Conc#1" [stack: 0x000000f453400000,0x000000f453500000] [id=10168]
  0x000002818882d5d0 ConcurrentGCThread "G1 Refine#0" [stack: 0x000000f451300000,0x000000f451400000] [id=16512]
  0x000002818882e000 ConcurrentGCThread "G1 Service" [stack: 0x000000f451400000,0x000000f451500000] [id=5944]

Threads with active compile tasks:
C2 CompilerThread0     8769 7193       4       java.net.URLClassLoader::isSealed (72 bytes)

VM state: at safepoint (normal execution)

VM Mutex/Monitor currently owned by a thread:  ([mutex/lock_event])
[0x0000028188777e10] Threads_lock - owner thread: 0x00000281a25f1060
[0x0000028188776790] Heap_lock - owner thread: 0x00000281a7f6bd00

Heap address: 0x0000000080000000, size: 2048 MB, Compressed Oops mode: 32-bit

CDS archive(s) not mapped
Compressed class space mapped at: 0x0000000100000000-0x0000000140000000, reserved size: 1073741824
Narrow klass base: 0x0000000000000000, Narrow klass shift: 3, Narrow klass range: 0x140000000

GC Precious Log:
 CPUs: 8 total, 8 available
 Memory: 8029M
 Large Page Support: Disabled
 NUMA Support: Disabled
 Compressed Oops: Enabled (32-bit)
 Heap Region Size: 1M
 Heap Min Capacity: 8M
 Heap Initial Capacity: 126M
 Heap Max Capacity: 2G
 Pre-touch: Disabled
 Parallel Workers: 8
 Concurrent Workers: 2
 Concurrent Refinement Workers: 8
 Periodic GC: Disabled

Heap:
 garbage-first heap   total 144384K, used 98697K [0x0000000080000000, 0x0000000100000000)
  region size 1024K, 1 young (1024K), 1 survivors (1024K)
 Metaspace       used 62949K, committed 63552K, reserved 1114112K
  class space    used 8630K, committed 8896K, reserved 1048576K

Heap Regions: E=young(eden), S=young(survivor), O=old, HS=humongous(starts), HC=humongous(continues), CS=collection set, F=free, OA=open archive, CA=closed archive, TAMS=top-at-mark-start (previous, next)
|   0|0x0000000080000000, 0x0000000080100000, 0x0000000080100000|100%|HS|  |TAMS 0x0000000080100000, 0x0000000080000000| Complete 
|   1|0x0000000080100000, 0x0000000080200000, 0x0000000080200000|100%|HC|  |TAMS 0x0000000080200000, 0x0000000080100000| Complete 
|   2|0x0000000080200000, 0x0000000080300000, 0x0000000080300000|100%|HC|  |TAMS 0x0000000080300000, 0x0000000080200000| Complete 
|   3|0x0000000080300000, 0x0000000080400000, 0x0000000080400000|100%|HC|  |TAMS 0x0000000080400000, 0x0000000080300000| Complete 
|   4|0x0000000080400000, 0x0000000080500000, 0x0000000080500000|100%| O|  |TAMS 0x0000000080500000, 0x0000000080400000| Untracked 
|   5|0x0000000080500000, 0x0000000080600000, 0x0000000080600000|100%| O|  |TAMS 0x0000000080600000, 0x0000000080500000| Untracked 
|   6|0x0000000080600000, 0x0000000080700000, 0x0000000080700000|100%| O|  |TAMS 0x0000000080700000, 0x0000000080600000| Untracked 
|   7|0x0000000080700000, 0x0000000080800000, 0x0000000080800000|100%| O|  |TAMS 0x0000000080800000, 0x0000000080700000| Untracked 
|   8|0x0000000080800000, 0x0000000080900000, 0x0000000080900000|100%| O|  |TAMS 0x0000000080900000, 0x0000000080800000| Untracked 
|   9|0x0000000080900000, 0x0000000080a00000, 0x0000000080a00000|100%| O|  |TAMS 0x0000000080a00000, 0x0000000080900000| Untracked 
|  10|0x0000000080a00000, 0x0000000080b00000, 0x0000000080b00000|100%| O|  |TAMS 0x0000000080b00000, 0x0000000080a00000| Untracked 
|  11|0x0000000080b00000, 0x0000000080c00000, 0x0000000080c00000|100%| O|  |TAMS 0x0000000080c00000, 0x0000000080b00000| Untracked 
|  12|0x0000000080c00000, 0x0000000080d00000, 0x0000000080d00000|100%| O|  |TAMS 0x0000000080d00000, 0x0000000080c00000| Untracked 
|  13|0x0000000080d00000, 0x0000000080e00000, 0x0000000080e00000|100%| O|  |TAMS 0x0000000080e00000, 0x0000000080d00000| Untracked 
|  14|0x0000000080e00000, 0x0000000080f00000, 0x0000000080f00000|100%| O|  |TAMS 0x0000000080f00000, 0x0000000080e00000| Untracked 
|  15|0x0000000080f00000, 0x0000000081000000, 0x0000000081000000|100%| O|  |TAMS 0x0000000080f00000, 0x0000000080f00000| Untracked 
|  16|0x0000000081000000, 0x0000000081100000, 0x0000000081100000|100%| O|  |TAMS 0x0000000081100000, 0x0000000081000000| Untracked 
|  17|0x0000000081100000, 0x0000000081200000, 0x0000000081200000|100%| O|  |TAMS 0x0000000081200000, 0x0000000081100000| Untracked 
|  18|0x0000000081200000, 0x0000000081300000, 0x0000000081300000|100%| O|  |TAMS 0x0000000081300000, 0x0000000081200000| Untracked 
|  19|0x0000000081300000, 0x0000000081400000, 0x0000000081400000|100%| O|  |TAMS 0x0000000081400000, 0x0000000081300000| Untracked 
|  20|0x0000000081400000, 0x0000000081500000, 0x0000000081500000|100%|HS|  |TAMS 0x0000000081500000, 0x0000000081400000| Complete 
|  21|0x0000000081500000, 0x0000000081600000, 0x0000000081600000|100%|HC|  |TAMS 0x0000000081600000, 0x0000000081500000| Complete 
|  22|0x0000000081600000, 0x0000000081700000, 0x0000000081700000|100%|HC|  |TAMS 0x0000000081700000, 0x0000000081600000| Complete 
|  23|0x0000000081700000, 0x0000000081800000, 0x0000000081800000|100%|HC|  |TAMS 0x0000000081800000, 0x0000000081700000| Complete 
|  24|0x0000000081800000, 0x0000000081900000, 0x0000000081900000|100%|HC|  |TAMS 0x0000000081900000, 0x0000000081800000| Complete 
|  25|0x0000000081900000, 0x0000000081a00000, 0x0000000081a00000|100%|HS|  |TAMS 0x0000000081a00000, 0x0000000081900000| Complete 
|  26|0x0000000081a00000, 0x0000000081b00000, 0x0000000081b00000|100%|HC|  |TAMS 0x0000000081b00000, 0x0000000081a00000| Complete 
|  27|0x0000000081b00000, 0x0000000081c00000, 0x0000000081c00000|100%|HC|  |TAMS 0x0000000081c00000, 0x0000000081b00000| Complete 
|  28|0x0000000081c00000, 0x0000000081d00000, 0x0000000081d00000|100%|HS|  |TAMS 0x0000000081d00000, 0x0000000081c00000| Complete 
|  29|0x0000000081d00000, 0x0000000081e00000, 0x0000000081e00000|100%|HC|  |TAMS 0x0000000081e00000, 0x0000000081d00000| Complete 
|  30|0x0000000081e00000, 0x0000000081f00000, 0x0000000081f00000|100%|HC|  |TAMS 0x0000000081f00000, 0x0000000081e00000| Complete 
|  31|0x0000000081f00000, 0x0000000082000000, 0x0000000082000000|100%| O|  |TAMS 0x0000000082000000, 0x0000000081f00000| Untracked 
|  32|0x0000000082000000, 0x0000000082100000, 0x0000000082100000|100%| O|  |TAMS 0x0000000082100000, 0x0000000082000000| Untracked 
|  33|0x0000000082100000, 0x0000000082200000, 0x0000000082200000|100%| O|  |TAMS 0x0000000082200000, 0x0000000082100000| Untracked 
|  34|0x0000000082200000, 0x0000000082300000, 0x0000000082300000|100%| O|  |TAMS 0x0000000082300000, 0x0000000082200000| Untracked 
|  35|0x0000000082300000, 0x0000000082400000, 0x0000000082400000|100%|HS|  |TAMS 0x0000000082400000, 0x0000000082300000| Complete 
|  36|0x0000000082400000, 0x0000000082500000, 0x0000000082500000|100%| O|  |TAMS 0x0000000082500000, 0x0000000082400000| Untracked 
|  37|0x0000000082500000, 0x0000000082600000, 0x0000000082600000|100%| O|  |TAMS 0x0000000082600000, 0x0000000082500000| Untracked 
|  38|0x0000000082600000, 0x0000000082700000, 0x0000000082700000|100%| O|  |TAMS 0x0000000082700000, 0x0000000082600000| Untracked 
|  39|0x0000000082700000, 0x0000000082800000, 0x0000000082800000|100%| O|  |TAMS 0x0000000082800000, 0x0000000082700000| Untracked 
|  40|0x0000000082800000, 0x0000000082900000, 0x0000000082900000|100%| O|  |TAMS 0x0000000082900000, 0x0000000082800000| Untracked 
|  41|0x0000000082900000, 0x0000000082900000, 0x0000000082a00000|  0%| F|  |TAMS 0x0000000082900000, 0x0000000082900000| Untracked 
|  42|0x0000000082a00000, 0x0000000082b00000, 0x0000000082b00000|100%| O|  |TAMS 0x0000000082b00000, 0x0000000082a00000| Untracked 
|  43|0x0000000082b00000, 0x0000000082c00000, 0x0000000082c00000|100%| O|  |TAMS 0x0000000082c00000, 0x0000000082b00000| Untracked 
|  44|0x0000000082c00000, 0x0000000082d00000, 0x0000000082d00000|100%| O|  |TAMS 0x0000000082d00000, 0x0000000082c00000| Untracked 
|  45|0x0000000082d00000, 0x0000000082e00000, 0x0000000082e00000|100%| O|  |TAMS 0x0000000082e00000, 0x0000000082d00000| Untracked 
|  46|0x0000000082e00000, 0x0000000082f00000, 0x0000000082f00000|100%|HS|  |TAMS 0x0000000082f00000, 0x0000000082e00000| Complete 
|  47|0x0000000082f00000, 0x0000000083000000, 0x0000000083000000|100%|HC|  |TAMS 0x0000000083000000, 0x0000000082f00000| Complete 
|  48|0x0000000083000000, 0x0000000083100000, 0x0000000083100000|100%|HC|  |TAMS 0x0000000083100000, 0x0000000083000000| Complete 
|  49|0x0000000083100000, 0x0000000083200000, 0x0000000083200000|100%| O|  |TAMS 0x0000000083200000, 0x0000000083100000| Untracked 
|  50|0x0000000083200000, 0x0000000083300000, 0x0000000083300000|100%| O|  |TAMS 0x0000000083300000, 0x0000000083200000| Untracked 
|  51|0x0000000083300000, 0x0000000083400000, 0x0000000083400000|100%| O|  |TAMS 0x0000000083400000, 0x0000000083300000| Untracked 
|  52|0x0000000083400000, 0x0000000083500000, 0x0000000083500000|100%| O|  |TAMS 0x0000000083500000, 0x0000000083400000| Untracked 
|  53|0x0000000083500000, 0x0000000083600000, 0x0000000083600000|100%|HS|  |TAMS 0x0000000083600000, 0x0000000083500000| Complete 
|  54|0x0000000083600000, 0x0000000083700000, 0x0000000083700000|100%|HC|  |TAMS 0x0000000083700000, 0x0000000083600000| Complete 
|  55|0x0000000083700000, 0x0000000083800000, 0x0000000083800000|100%|HC|  |TAMS 0x0000000083800000, 0x0000000083700000| Complete 
|  56|0x0000000083800000, 0x0000000083900000, 0x0000000083900000|100%|HC|  |TAMS 0x0000000083900000, 0x0000000083800000| Complete 
|  57|0x0000000083900000, 0x0000000083a00000, 0x0000000083a00000|100%|HC|  |TAMS 0x0000000083a00000, 0x0000000083900000| Complete 
|  58|0x0000000083a00000, 0x0000000083b00000, 0x0000000083b00000|100%| O|  |TAMS 0x0000000083b00000, 0x0000000083a00000| Untracked 
|  59|0x0000000083b00000, 0x0000000083c00000, 0x0000000083c00000|100%|HS|  |TAMS 0x0000000083c00000, 0x0000000083b00000| Complete 
|  60|0x0000000083c00000, 0x0000000083d00000, 0x0000000083d00000|100%|HC|  |TAMS 0x0000000083d00000, 0x0000000083c00000| Complete 
|  61|0x0000000083d00000, 0x0000000083e00000, 0x0000000083e00000|100%|HC|  |TAMS 0x0000000083e00000, 0x0000000083d00000| Complete 
|  62|0x0000000083e00000, 0x0000000083f00000, 0x0000000083f00000|100%|HC|  |TAMS 0x0000000083f00000, 0x0000000083e00000| Complete 
|  63|0x0000000083f00000, 0x0000000084000000, 0x0000000084000000|100%|HC|  |TAMS 0x0000000084000000, 0x0000000083f00000| Complete 
|  64|0x0000000084000000, 0x0000000084100000, 0x0000000084100000|100%| O|  |TAMS 0x0000000084100000, 0x0000000084000000| Untracked 
|  65|0x0000000084100000, 0x0000000084200000, 0x0000000084200000|100%| O|  |TAMS 0x0000000084200000, 0x0000000084100000| Untracked 
|  66|0x0000000084200000, 0x0000000084300000, 0x0000000084300000|100%| O|  |TAMS 0x0000000084300000, 0x0000000084200000| Untracked 
|  67|0x0000000084300000, 0x0000000084400000, 0x0000000084400000|100%| O|  |TAMS 0x0000000084400000, 0x0000000084300000| Untracked 
|  68|0x0000000084400000, 0x0000000084500000, 0x0000000084500000|100%| O|  |TAMS 0x0000000084500000, 0x0000000084400000| Untracked 
|  69|0x0000000084500000, 0x0000000084600000, 0x0000000084600000|100%| O|  |TAMS 0x0000000084600000, 0x0000000084500000| Untracked 
|  70|0x0000000084600000, 0x0000000084700000, 0x0000000084700000|100%| O|  |TAMS 0x0000000084700000, 0x0000000084600000| Untracked 
|  71|0x0000000084700000, 0x0000000084800000, 0x0000000084800000|100%| O|  |TAMS 0x00000000847c5c00, 0x0000000084700000| Untracked 
|  72|0x0000000084800000, 0x0000000084900000, 0x0000000084900000|100%|HS|  |TAMS 0x0000000084800000, 0x0000000084800000| Complete 
|  73|0x0000000084900000, 0x0000000084a00000, 0x0000000084a00000|100%|HS|  |TAMS 0x0000000084900000, 0x0000000084900000| Complete 
|  74|0x0000000084a00000, 0x0000000084b00000, 0x0000000084b00000|100%|HS|  |TAMS 0x0000000084a00000, 0x0000000084a00000| Complete 
|  75|0x0000000084b00000, 0x0000000084c00000, 0x0000000084c00000|100%|HC|  |TAMS 0x0000000084b00000, 0x0000000084b00000| Complete 
|  76|0x0000000084c00000, 0x0000000084d00000, 0x0000000084d00000|100%|HS|  |TAMS 0x0000000084c00000, 0x0000000084c00000| Complete 
|  77|0x0000000084d00000, 0x0000000084e00000, 0x0000000084e00000|100%|HC|  |TAMS 0x0000000084d00000, 0x0000000084d00000| Complete 
|  78|0x0000000084e00000, 0x0000000084f00000, 0x0000000084f00000|100%|HS|  |TAMS 0x0000000084e00000, 0x0000000084e00000| Complete 
|  79|0x0000000084f00000, 0x0000000085000000, 0x0000000085000000|100%|HS|  |TAMS 0x0000000084f00000, 0x0000000084f00000| Complete 
|  80|0x0000000085000000, 0x0000000085100000, 0x0000000085100000|100%|HS|  |TAMS 0x0000000085000000, 0x0000000085000000| Complete 
|  81|0x0000000085100000, 0x0000000085200000, 0x0000000085200000|100%|HC|  |TAMS 0x0000000085100000, 0x0000000085100000| Complete 
|  82|0x0000000085200000, 0x0000000085300000, 0x0000000085300000|100%|HC|  |TAMS 0x0000000085200000, 0x0000000085200000| Complete 
|  83|0x0000000085300000, 0x0000000085400000, 0x0000000085400000|100%|HC|  |TAMS 0x0000000085300000, 0x0000000085300000| Complete 
|  84|0x0000000085400000, 0x0000000085500000, 0x0000000085500000|100%| O|  |TAMS 0x0000000085400000, 0x0000000085400000| Untracked 
|  85|0x0000000085500000, 0x0000000085600000, 0x0000000085600000|100%| O|  |TAMS 0x0000000085500000, 0x0000000085500000| Untracked 
|  86|0x0000000085600000, 0x0000000085700000, 0x0000000085700000|100%| O|  |TAMS 0x0000000085600000, 0x0000000085600000| Untracked 
|  87|0x0000000085700000, 0x0000000085800000, 0x0000000085800000|100%| O|  |TAMS 0x0000000085700000, 0x0000000085700000| Untracked 
|  88|0x0000000085800000, 0x0000000085900000, 0x0000000085900000|100%| O|  |TAMS 0x0000000085800000, 0x0000000085800000| Untracked 
|  89|0x0000000085900000, 0x0000000085a00000, 0x0000000085a00000|100%| O|  |TAMS 0x0000000085900000, 0x0000000085900000| Untracked 
|  90|0x0000000085a00000, 0x0000000085b00000, 0x0000000085b00000|100%|HS|  |TAMS 0x0000000085a00000, 0x0000000085a00000| Complete 
|  91|0x0000000085b00000, 0x0000000085b00000, 0x0000000085c00000|  0%| F|  |TAMS 0x0000000085b00000, 0x0000000085b00000| Untracked 
|  92|0x0000000085c00000, 0x0000000085d00000, 0x0000000085d00000|100%| O|  |TAMS 0x0000000085c00000, 0x0000000085c00000| Untracked 
|  93|0x0000000085d00000, 0x0000000085e00000, 0x0000000085e00000|100%| O|  |TAMS 0x0000000085d00000, 0x0000000085d00000| Untracked 
|  94|0x0000000085e00000, 0x0000000085f00000, 0x0000000085f00000|100%| O|  |TAMS 0x0000000085e00000, 0x0000000085e00000| Untracked 
|  95|0x0000000085f00000, 0x0000000086000000, 0x0000000086000000|100%| O|  |TAMS 0x0000000085f00000, 0x0000000085f00000| Untracked 
|  96|0x0000000086000000, 0x0000000086100000, 0x0000000086100000|100%| O|  |TAMS 0x0000000086000000, 0x0000000086000000| Untracked 
|  97|0x0000000086100000, 0x0000000086100000, 0x0000000086200000|  0%| F|  |TAMS 0x0000000086100000, 0x0000000086100000| Untracked 
|  98|0x0000000086200000, 0x0000000086262600, 0x0000000086300000| 38%| O|  |TAMS 0x0000000086200000, 0x0000000086200000| Untracked 
|  99|0x0000000086300000, 0x0000000086300000, 0x0000000086400000|  0%| F|  |TAMS 0x0000000086300000, 0x0000000086300000| Untracked 
| 100|0x0000000086400000, 0x0000000086400000, 0x0000000086500000|  0%| F|  |TAMS 0x0000000086400000, 0x0000000086400000| Untracked 
| 101|0x0000000086500000, 0x0000000086500000, 0x0000000086600000|  0%| F|  |TAMS 0x0000000086500000, 0x0000000086500000| Untracked 
| 102|0x0000000086600000, 0x0000000086600000, 0x0000000086700000|  0%| F|  |TAMS 0x0000000086600000, 0x0000000086600000| Untracked 
| 103|0x0000000086700000, 0x0000000086700000, 0x0000000086800000|  0%| F|  |TAMS 0x0000000086700000, 0x0000000086700000| Untracked 
| 104|0x0000000086800000, 0x0000000086800000, 0x0000000086900000|  0%| F|  |TAMS 0x0000000086800000, 0x0000000086800000| Untracked 
| 105|0x0000000086900000, 0x0000000086900000, 0x0000000086a00000|  0%| F|  |TAMS 0x0000000086900000, 0x0000000086900000| Untracked 
| 106|0x0000000086a00000, 0x0000000086a00000, 0x0000000086b00000|  0%| F|  |TAMS 0x0000000086a00000, 0x0000000086a00000| Untracked 
| 107|0x0000000086b00000, 0x0000000086b00000, 0x0000000086c00000|  0%| F|  |TAMS 0x0000000086b00000, 0x0000000086b00000| Untracked 
| 108|0x0000000086c00000, 0x0000000086c00000, 0x0000000086d00000|  0%| F|  |TAMS 0x0000000086c00000, 0x0000000086c00000| Untracked 
| 109|0x0000000086d00000, 0x0000000086d00000, 0x0000000086e00000|  0%| F|  |TAMS 0x0000000086d00000, 0x0000000086d00000| Untracked 
| 110|0x0000000086e00000, 0x0000000086e00000, 0x0000000086f00000|  0%| F|  |TAMS 0x0000000086e00000, 0x0000000086e00000| Untracked 
| 111|0x0000000086f00000, 0x0000000086f00000, 0x0000000087000000|  0%| F|  |TAMS 0x0000000086f00000, 0x0000000086f00000| Untracked 
| 112|0x0000000087000000, 0x0000000087000000, 0x0000000087100000|  0%| F|  |TAMS 0x0000000087000000, 0x0000000087000000| Untracked 
| 113|0x0000000087100000, 0x0000000087100000, 0x0000000087200000|  0%| F|  |TAMS 0x0000000087100000, 0x0000000087100000| Untracked 
| 114|0x0000000087200000, 0x0000000087200000, 0x0000000087300000|  0%| F|  |TAMS 0x0000000087200000, 0x0000000087200000| Untracked 
| 115|0x0000000087300000, 0x0000000087300000, 0x0000000087400000|  0%| F|  |TAMS 0x0000000087300000, 0x0000000087300000| Untracked 
| 116|0x0000000087400000, 0x0000000087400000, 0x0000000087500000|  0%| F|  |TAMS 0x0000000087400000, 0x0000000087400000| Untracked 
| 117|0x0000000087500000, 0x0000000087500000, 0x0000000087600000|  0%| F|  |TAMS 0x0000000087500000, 0x0000000087500000| Untracked 
| 118|0x0000000087600000, 0x0000000087600000, 0x0000000087700000|  0%| F|  |TAMS 0x0000000087600000, 0x0000000087600000| Untracked 
| 119|0x0000000087700000, 0x0000000087700000, 0x0000000087800000|  0%| F|  |TAMS 0x0000000087700000, 0x0000000087700000| Untracked 
| 120|0x0000000087800000, 0x0000000087800000, 0x0000000087900000|  0%| F|  |TAMS 0x0000000087800000, 0x0000000087800000| Untracked 
| 121|0x0000000087900000, 0x0000000087900000, 0x0000000087a00000|  0%| F|  |TAMS 0x0000000087900000, 0x0000000087900000| Untracked 
| 122|0x0000000087a00000, 0x0000000087a00000, 0x0000000087b00000|  0%| F|  |TAMS 0x0000000087a00000, 0x0000000087a00000| Untracked 
| 123|0x0000000087b00000, 0x0000000087b00000, 0x0000000087c00000|  0%| F|  |TAMS 0x0000000087b00000, 0x0000000087b00000| Untracked 
| 124|0x0000000087c00000, 0x0000000087c00000, 0x0000000087d00000|  0%| F|  |TAMS 0x0000000087c00000, 0x0000000087c00000| Untracked 
| 125|0x0000000087d00000, 0x0000000087d00000, 0x0000000087e00000|  0%| F|  |TAMS 0x0000000087d00000, 0x0000000087d00000| Untracked 
| 126|0x0000000087e00000, 0x0000000087e00000, 0x0000000087f00000|  0%| F|  |TAMS 0x0000000087e00000, 0x0000000087e00000| Untracked 
| 127|0x0000000087f00000, 0x0000000087f00000, 0x0000000088000000|  0%| F|  |TAMS 0x0000000087f00000, 0x0000000087f00000| Untracked 
| 128|0x0000000088000000, 0x0000000088000000, 0x0000000088100000|  0%| F|  |TAMS 0x0000000088000000, 0x0000000088000000| Untracked 
| 129|0x0000000088100000, 0x0000000088100000, 0x0000000088200000|  0%| F|  |TAMS 0x0000000088100000, 0x0000000088100000| Untracked 
| 130|0x0000000088200000, 0x0000000088200000, 0x0000000088300000|  0%| F|  |TAMS 0x0000000088200000, 0x0000000088200000| Untracked 
| 131|0x0000000088300000, 0x0000000088300000, 0x0000000088400000|  0%| F|  |TAMS 0x0000000088300000, 0x0000000088300000| Untracked 
| 132|0x0000000088400000, 0x0000000088400000, 0x0000000088500000|  0%| F|  |TAMS 0x0000000088400000, 0x0000000088400000| Untracked 
| 133|0x0000000088500000, 0x0000000088500000, 0x0000000088600000|  0%| F|  |TAMS 0x0000000088500000, 0x0000000088500000| Untracked 
| 134|0x0000000088600000, 0x0000000088600000, 0x0000000088700000|  0%| F|  |TAMS 0x0000000088600000, 0x0000000088600000| Untracked 
| 135|0x0000000088700000, 0x0000000088700000, 0x0000000088800000|  0%| F|  |TAMS 0x0000000088700000, 0x0000000088700000| Untracked 
| 136|0x0000000088800000, 0x0000000088800000, 0x0000000088900000|  0%| F|  |TAMS 0x0000000088800000, 0x0000000088800000| Untracked 
| 137|0x0000000088900000, 0x0000000088900000, 0x0000000088a00000|  0%| F|  |TAMS 0x0000000088900000, 0x0000000088900000| Untracked 
| 138|0x0000000088a00000, 0x0000000088b00000, 0x0000000088b00000|100%| S|CS|TAMS 0x0000000088a00000, 0x0000000088a00000| Complete 
| 139|0x0000000088b00000, 0x0000000088b00000, 0x0000000088c00000|  0%| F|  |TAMS 0x0000000088b00000, 0x0000000088b00000| Untracked 
| 140|0x0000000088c00000, 0x0000000088c00000, 0x0000000088d00000|  0%| F|  |TAMS 0x0000000088c00000, 0x0000000088c00000| Untracked 

Card table byte_map: [0x000002819b380000,0x000002819b780000] _byte_map_base: 0x000002819af80000

Marking Bits (Prev, Next): (CMBitMap*) 0x00000281887d8530, (CMBitMap*) 0x00000281887d84f0
 Prev Bits: [0x000002819db80000, 0x000002819fb80000)
 Next Bits: [0x000002819bb80000, 0x000002819db80000)

Polling page: 0x00000281866d0000

Metaspace:

Usage:
  Non-class:     53.05 MB used.
      Class:      8.43 MB used.
       Both:     61.47 MB used.

Virtual space:
  Non-class space:       64.00 MB reserved,      53.38 MB ( 83%) committed,  1 nodes.
      Class space:        1.00 GB reserved,       8.69 MB ( <1%) committed,  1 nodes.
             Both:        1.06 GB reserved,      62.06 MB (  6%) committed. 

Chunk freelists:
   Non-Class:  10.28 MB
       Class:  7.31 MB
        Both:  17.59 MB

MaxMetaspaceSize: unlimited
CompressedClassSpaceSize: 1.00 GB
Initial GC threshold: 21.00 MB
Current GC threshold: 102.19 MB
CDS: off
MetaspaceReclaimPolicy: balanced
 - commit_granule_bytes: 65536.
 - commit_granule_words: 8192.
 - virtual_space_node_default_size: 8388608.
 - enlarge_chunks_in_place: 1.
 - new_chunks_are_fully_committed: 0.
 - uncommit_free_chunks: 1.
 - use_allocation_guard: 0.
 - handle_deallocations: 1.


Internal statistics:

num_allocs_failed_limit: 3.
num_arena_births: 782.
num_arena_deaths: 0.
num_vsnodes_births: 2.
num_vsnodes_deaths: 0.
num_space_committed: 993.
num_space_uncommitted: 0.
num_chunks_returned_to_freelist: 3.
num_chunks_taken_from_freelist: 3046.
num_chunk_merges: 3.
num_chunk_splits: 1958.
num_chunks_enlarged: 1277.
num_inconsistent_stats: 0.

CodeHeap 'non-profiled nmethods': size=120000Kb used=3188Kb max_used=3326Kb free=116811Kb
 bounds [0x0000028193720000, 0x0000028193a60000, 0x000002819ac50000]
CodeHeap 'profiled nmethods': size=120000Kb used=12389Kb max_used=12389Kb free=107610Kb
 bounds [0x000002818bc50000, 0x000002818c870000, 0x0000028193180000]
CodeHeap 'non-nmethods': size=5760Kb used=2328Kb max_used=2411Kb free=3431Kb
 bounds [0x0000028193180000, 0x00000281933f0000, 0x0000028193720000]
 total_blobs=7280 nmethods=6428 adapters=763
 compilation: enabled
              stopped_count=0, restarted_count=0
 full_count=0

Compilation events (20 events):
Event: 8.685 Thread 0x00000281a276de60 nmethod 7187 0x000002818c86ad10 code [0x000002818c86aee0, 0x000002818c86b308]
Event: 8.685 Thread 0x00000281a276cfa0 nmethod 7171 0x0000028193974390 code [0x0000028193974500, 0x00000281939745d8]
Event: 8.685 Thread 0x00000281a276cfa0 7188       4       org.objectweb.asm.Frame::push (109 bytes)
Event: 8.690 Thread 0x00000281a276cfa0 nmethod 7188 0x0000028193973890 code [0x0000028193973a20, 0x00000281939740b8]
Event: 8.690 Thread 0x00000281a276cfa0 7189       4       org.objectweb.asm.ByteVector::putUTF8 (144 bytes)
Event: 8.699 Thread 0x00000281a276cfa0 nmethod 7189 0x000002819383b210 code [0x000002819383b3c0, 0x000002819383bc38]
Event: 8.700 Thread 0x00000281a276cfa0 7192       4       org.objectweb.asm.ByteVector::putInt (74 bytes)
Event: 8.701 Thread 0x00000281a276cfa0 nmethod 7192 0x000002819383ae10 code [0x000002819383af80, 0x000002819383b0d8]
Event: 8.701 Thread 0x00000281a276cfa0 7190       4       java.lang.String::indexOf (18 bytes)
Event: 8.703 Thread 0x00000281a276cfa0 nmethod 7190 0x000002819383a690 code [0x000002819383a820, 0x000002819383abd8]
Event: 8.703 Thread 0x00000281a276cfa0 7191       4       java.lang.String::indexOf (113 bytes)
Event: 8.704 Thread 0x00000281a276cfa0 nmethod 7191 0x0000028193839f10 code [0x000002819383a0a0, 0x000002819383a418]
Event: 8.704 Thread 0x00000281a276cfa0 7170       4       java.lang.Package::isSealed (26 bytes)
Event: 8.705 Thread 0x00000281a276cfa0 nmethod 7170 0x0000028193839b90 code [0x0000028193839d00, 0x0000028193839dd8]
Event: 8.705 Thread 0x00000281a276cfa0 7193       4       java.net.URLClassLoader::isSealed (72 bytes)
Event: 8.714 Thread 0x00000281a8a51cc0 nmethod 7175 0x0000028193837890 code [0x0000028193837b20, 0x0000028193838e60]
Event: 8.725 Thread 0x00000281a8a51cc0 7194  s    4       java.io.ByteArrayOutputStream::write (43 bytes)
Event: 8.732 Thread 0x00000281a8a51cc0 nmethod 7194 0x0000028193836c10 code [0x0000028193836da0, 0x00000281938375b8]
Event: 8.733 Thread 0x00000281a8a51cc0 7195       4       java.lang.ref.Cleaner::register (25 bytes)
Event: 8.735 Thread 0x00000281a8a51cc0 nmethod 7195 0x0000028193836690 code [0x0000028193836820, 0x0000028193836a68]

GC Heap History (20 events):
Event: 5.748 GC heap after
{Heap after GC invocations=17 (full 0):
 garbage-first heap   total 94208K, used 49062K [0x0000000080000000, 0x0000000100000000)
  region size 1024K, 2 young (2048K), 2 survivors (2048K)
 Metaspace       used 48285K, committed 48704K, reserved 1114112K
  class space    used 6449K, committed 6656K, reserved 1048576K
}
Event: 6.148 GC heap before
{Heap before GC invocations=17 (full 0):
 garbage-first heap   total 94208K, used 73638K [0x0000000080000000, 0x0000000100000000)
  region size 1024K, 26 young (26624K), 2 survivors (2048K)
 Metaspace       used 50720K, committed 51136K, reserved 1114112K
  class space    used 6861K, committed 7040K, reserved 1048576K
}
Event: 6.152 GC heap after
{Heap after GC invocations=18 (full 0):
 garbage-first heap   total 94208K, used 51288K [0x0000000080000000, 0x0000000100000000)
  region size 1024K, 4 young (4096K), 4 survivors (4096K)
 Metaspace       used 50720K, committed 51136K, reserved 1114112K
  class space    used 6861K, committed 7040K, reserved 1048576K
}
Event: 6.270 GC heap before
{Heap before GC invocations=19 (full 0):
 garbage-first heap   total 107520K, used 65624K [0x0000000080000000, 0x0000000100000000)
  region size 1024K, 12 young (12288K), 4 survivors (4096K)
 Metaspace       used 50992K, committed 51456K, reserved 1114112K
  class space    used 6910K, committed 7104K, reserved 1048576K
}
Event: 6.274 GC heap after
{Heap after GC invocations=20 (full 0):
 garbage-first heap   total 107520K, used 62057K [0x0000000080000000, 0x0000000100000000)
  region size 1024K, 3 young (3072K), 3 survivors (3072K)
 Metaspace       used 50992K, committed 51456K, reserved 1114112K
  class space    used 6910K, committed 7104K, reserved 1048576K
}
Event: 6.517 GC heap before
{Heap before GC invocations=21 (full 0):
 garbage-first heap   total 119808K, used 88681K [0x0000000080000000, 0x0000000100000000)
  region size 1024K, 23 young (23552K), 3 survivors (3072K)
 Metaspace       used 53460K, committed 54080K, reserved 1114112K
  class space    used 7150K, committed 7424K, reserved 1048576K
}
Event: 6.520 GC heap after
{Heap after GC invocations=22 (full 0):
 garbage-first heap   total 119808K, used 69252K [0x0000000080000000, 0x0000000100000000)
  region size 1024K, 3 young (3072K), 3 survivors (3072K)
 Metaspace       used 53460K, committed 54080K, reserved 1114112K
  class space    used 7150K, committed 7424K, reserved 1048576K
}
Event: 6.541 GC heap before
{Heap before GC invocations=22 (full 0):
 garbage-first heap   total 119808K, used 71300K [0x0000000080000000, 0x0000000100000000)
  region size 1024K, 5 young (5120K), 3 survivors (3072K)
 Metaspace       used 53641K, committed 54208K, reserved 1114112K
  class space    used 7175K, committed 7424K, reserved 1048576K
}
Event: 6.545 GC heap after
{Heap after GC invocations=23 (full 0):
 garbage-first heap   total 144384K, used 69137K [0x0000000080000000, 0x0000000100000000)
  region size 1024K, 1 young (1024K), 1 survivors (1024K)
 Metaspace       used 53641K, committed 54208K, reserved 1114112K
  class space    used 7175K, committed 7424K, reserved 1048576K
}
Event: 7.085 GC heap before
{Heap before GC invocations=23 (full 0):
 garbage-first heap   total 144384K, used 104977K [0x0000000080000000, 0x0000000100000000)
  region size 1024K, 36 young (36864K), 1 survivors (1024K)
 Metaspace       used 56535K, committed 57152K, reserved 1114112K
  class space    used 7638K, committed 7936K, reserved 1048576K
}
Event: 7.087 GC heap after
{Heap after GC invocations=24 (full 0):
 garbage-first heap   total 144384K, used 70630K [0x0000000080000000, 0x0000000100000000)
  region size 1024K, 2 young (2048K), 2 survivors (2048K)
 Metaspace       used 56535K, committed 57152K, reserved 1114112K
  class space    used 7638K, committed 7936K, reserved 1048576K
}
Event: 7.602 GC heap before
{Heap before GC invocations=25 (full 0):
 garbage-first heap   total 144384K, used 107494K [0x0000000080000000, 0x0000000100000000)
  region size 1024K, 38 young (38912K), 2 survivors (2048K)
 Metaspace       used 60134K, committed 60864K, reserved 1114112K
  class space    used 8262K, committed 8576K, reserved 1048576K
}
Event: 7.607 GC heap after
{Heap after GC invocations=26 (full 0):
 garbage-first heap   total 144384K, used 73003K [0x0000000080000000, 0x0000000100000000)
  region size 1024K, 4 young (4096K), 4 survivors (4096K)
 Metaspace       used 60134K, committed 60864K, reserved 1114112K
  class space    used 8262K, committed 8576K, reserved 1048576K
}
Event: 7.658 GC heap before
{Heap before GC invocations=26 (full 0):
 garbage-first heap   total 144384K, used 76075K [0x0000000080000000, 0x0000000100000000)
  region size 1024K, 7 young (7168K), 4 survivors (4096K)
 Metaspace       used 60436K, committed 61056K, reserved 1114112K
  class space    used 8305K, committed 8576K, reserved 1048576K
}
Event: 7.664 GC heap after
{Heap after GC invocations=27 (full 0):
 garbage-first heap   total 144384K, used 73021K [0x0000000080000000, 0x0000000100000000)
  region size 1024K, 1 young (1024K), 1 survivors (1024K)
 Metaspace       used 60436K, committed 61056K, reserved 1114112K
  class space    used 8305K, committed 8576K, reserved 1048576K
}
Event: 8.308 GC heap before
{Heap before GC invocations=27 (full 0):
 garbage-first heap   total 144384K, used 109885K [0x0000000080000000, 0x0000000100000000)
  region size 1024K, 38 young (38912K), 1 survivors (1024K)
 Metaspace       used 62121K, committed 62784K, reserved 1114112K
  class space    used 8508K, committed 8768K, reserved 1048576K
}
Event: 8.314 GC heap after
{Heap after GC invocations=28 (full 0):
 garbage-first heap   total 144384K, used 78103K [0x0000000080000000, 0x0000000100000000)
  region size 1024K, 5 young (5120K), 5 survivors (5120K)
 Metaspace       used 62121K, committed 62784K, reserved 1114112K
  class space    used 8508K, committed 8768K, reserved 1048576K
}
Event: 8.706 GC heap before
{Heap before GC invocations=29 (full 0):
 garbage-first heap   total 144384K, used 124183K [0x0000000080000000, 0x0000000100000000)
  region size 1024K, 39 young (39936K), 5 survivors (5120K)
 Metaspace       used 62945K, committed 63552K, reserved 1114112K
  class space    used 8628K, committed 8896K, reserved 1048576K
}
Event: 8.713 GC heap after
{Heap after GC invocations=30 (full 0):
 garbage-first heap   total 144384K, used 96813K [0x0000000080000000, 0x0000000100000000)
  region size 1024K, 5 young (5120K), 5 survivors (5120K)
 Metaspace       used 62945K, committed 63552K, reserved 1114112K
  class space    used 8628K, committed 8896K, reserved 1048576K
}
Event: 8.735 GC heap before
{Heap before GC invocations=30 (full 0):
 garbage-first heap   total 144384K, used 99885K [0x0000000080000000, 0x0000000100000000)
  region size 1024K, 7 young (7168K), 5 survivors (5120K)
 Metaspace       used 62949K, committed 63552K, reserved 1114112K
  class space    used 8630K, committed 8896K, reserved 1048576K
}

Dll operation events (3 events):
Event: 0.008 Loaded shared library D:\Android Studio\jbr\bin\java.dll
Event: 0.128 Loaded shared library D:\Android Studio\jbr\bin\zip.dll
Event: 0.660 Loaded shared library D:\Android Studio\jbr\bin\verify.dll

Deoptimization events (20 events):
Event: 8.548 Thread 0x00000281a7f6bd00 DEOPT PACKING pc=0x00000281937aa3a0 sp=0x000000f452df5390
Event: 8.548 Thread 0x00000281a7f6bd00 DEOPT UNPACKING pc=0x00000281931d69a3 sp=0x000000f452df5330 mode 2
Event: 8.671 Thread 0x00000281a7f6bd00 DEOPT PACKING pc=0x000002818c81a609 sp=0x000000f452df5b30
Event: 8.671 Thread 0x00000281a7f6bd00 DEOPT UNPACKING pc=0x00000281931d7143 sp=0x000000f452df5040 mode 0
Event: 8.676 Thread 0x00000281a7f6bd00 DEOPT PACKING pc=0x000002818c81a609 sp=0x000000f452df4950
Event: 8.676 Thread 0x00000281a7f6bd00 DEOPT UNPACKING pc=0x00000281931d7143 sp=0x000000f452df3e60 mode 0
Event: 8.688 Thread 0x00000281a7f6bd00 DEOPT PACKING pc=0x000002818c81a609 sp=0x000000f452df6310
Event: 8.688 Thread 0x00000281a7f6bd00 DEOPT UNPACKING pc=0x00000281931d7143 sp=0x000000f452df5820 mode 0
Event: 8.702 Thread 0x00000281a7f6bd00 Uncommon trap: trap_request=0xffffffde fr.pc=0x0000028193a2be88 relative=0x00000000000008a8
Event: 8.702 Thread 0x00000281a7f6bd00 Uncommon trap: reason=class_check action=maybe_recompile pc=0x0000028193a2be88 method=java.io.BufferedInputStream.read1([BII)I @ 39 c2
Event: 8.702 Thread 0x00000281a7f6bd00 DEOPT PACKING pc=0x0000028193a2be88 sp=0x000000f452df6150
Event: 8.702 Thread 0x00000281a7f6bd00 DEOPT UNPACKING pc=0x00000281931d69a3 sp=0x000000f452df6068 mode 2
Event: 8.702 Thread 0x00000281a7f6bd00 Uncommon trap: trap_request=0xffffffde fr.pc=0x0000028193a2be88 relative=0x00000000000008a8
Event: 8.702 Thread 0x00000281a7f6bd00 Uncommon trap: reason=class_check action=maybe_recompile pc=0x0000028193a2be88 method=java.io.BufferedInputStream.read1([BII)I @ 39 c2
Event: 8.702 Thread 0x00000281a7f6bd00 DEOPT PACKING pc=0x0000028193a2be88 sp=0x000000f452df6150
Event: 8.702 Thread 0x00000281a7f6bd00 DEOPT UNPACKING pc=0x00000281931d69a3 sp=0x000000f452df6068 mode 2
Event: 8.702 Thread 0x00000281a7f6bd00 Uncommon trap: trap_request=0xffffffde fr.pc=0x0000028193a2be88 relative=0x00000000000008a8
Event: 8.702 Thread 0x00000281a7f6bd00 Uncommon trap: reason=class_check action=maybe_recompile pc=0x0000028193a2be88 method=java.io.BufferedInputStream.read1([BII)I @ 39 c2
Event: 8.702 Thread 0x00000281a7f6bd00 DEOPT PACKING pc=0x0000028193a2be88 sp=0x000000f452df6150
Event: 8.702 Thread 0x00000281a7f6bd00 DEOPT UNPACKING pc=0x00000281931d69a3 sp=0x000000f452df6068 mode 2

Classes unloaded (0 events):
No events

Classes redefined (0 events):
No events

Internal exceptions (20 events):
Event: 7.504 Thread 0x00000281a7f6bd00 Exception <a 'java/lang/NoSuchMethodError'{0x0000000086e52e30}: 'java.lang.Object java.lang.invoke.DirectMethodHandle$Holder.invokeSpecial(java.lang.Object, java.lang.Object, java.lang.Object, java.lang.Object, java.lang.Object, java.lang.Object, java.lang.Object, java.lang.Object, java.lang.Object, java.lang.Object, java.lang.Object, java.lang.Object, java.lang.Object, java.lang.Object, java.lang.Object, java.lang.Object, java.lang.Object, java.lang.Object, java.lang.Object, java.lang.Object, java.lang.Ob
Event: 7.504 Thread 0x00000281a7f6bd00 Exception <a 'java/lang/NoSuchMethodError'{0x0000000086e59340}: 'java.lang.Object java.lang.invoke.DelegatingMethodHandle$Holder.reinvoke_L(java.lang.Object, java.lang.Object, java.lang.Object, java.lang.Object, java.lang.Object, java.lang.Object, java.lang.Object, java.lang.Object, java.lang.Object, java.lang.Object, java.lang.Object, java.lang.Object, java.lang.Object, java.lang.Object, java.lang.Object, java.lang.Object, java.lang.Object, java.lang.Object, java.lang.Object, java.lang.Object, java.lang.O
Event: 7.505 Thread 0x00000281a7f6bd00 Exception <a 'java/lang/NoSuchMethodError'{0x0000000086e64d88}: 'java.lang.Object java.lang.invoke.Invokers$Holder.invoker(java.lang.Object, java.lang.Object, java.lang.Object, java.lang.Object, java.lang.Object, java.lang.Object, java.lang.Object, java.lang.Object, java.lang.Object, java.lang.Object, java.lang.Object, java.lang.Object, java.lang.Object, java.lang.Object, java.lang.Object, java.lang.Object, java.lang.Object, java.lang.Object, java.lang.Object, java.lang.Object, java.lang.Object, java.lang.
Event: 7.506 Thread 0x00000281a7f6bd00 Exception <a 'java/lang/NoSuchMethodError'{0x0000000086e6b988}: 'java.lang.Object java.lang.invoke.DelegatingMethodHandle$Holder.delegate(java.lang.Object, java.lang.Object, java.lang.Object, java.lang.Object, java.lang.Object, java.lang.Object, java.lang.Object, java.lang.Object, java.lang.Object, java.lang.Object, java.lang.Object, java.lang.Object, java.lang.Object, java.lang.Object, java.lang.Object, java.lang.Object, java.lang.Object, java.lang.Object, java.lang.Object, java.lang.Object, java.lang.Obj
Event: 7.515 Thread 0x00000281a7f6bd00 Exception <a 'java/lang/NoSuchMethodError'{0x0000000086d569d8}: 'java.lang.Object java.lang.invoke.DirectMethodHandle$Holder.invokeStatic(java.lang.Object, java.lang.Object, java.lang.Object, java.lang.Object, java.lang.Object, java.lang.Object, java.lang.Object, java.lang.Object, java.lang.Object, java.lang.Object, java.lang.Object, java.lang.Object, java.lang.Object, java.lang.Object, java.lang.Object, java.lang.Object, java.lang.Object, java.lang.Object, java.lang.Object, java.lang.Object, java.lang.Obj
Event: 7.616 Thread 0x00000281a7f6bd00 Exception <a 'java/lang/NoSuchMethodError'{0x0000000088c84820}: static Lorg/gradle/api/internal/catalog/DefaultVersionCatalog;.<clinit>()V> (0x0000000088c84820) 
thrown [s\src\hotspot\share\prims\jni.cpp, line 1127]
Event: 7.620 Thread 0x00000281a7f6bd00 Exception <a 'java/lang/NoSuchMethodError'{0x0000000088cd7ee0}: static [Ljava/lang/Object;.<clinit>()V> (0x0000000088cd7ee0) 
thrown [s\src\hotspot\share\prims\jni.cpp, line 1127]
Event: 7.622 Thread 0x00000281a7f6bd00 Exception <a 'java/lang/NoSuchMethodError'{0x0000000088b014e8}: static Lorg/gradle/api/internal/catalog/DependencyModel;.<clinit>()V> (0x0000000088b014e8) 
thrown [s\src\hotspot\share\prims\jni.cpp, line 1127]
Event: 7.622 Thread 0x00000281a7f6bd00 Exception <a 'java/lang/NoSuchMethodError'{0x0000000088b04fe8}: static Lorg/gradle/api/internal/catalog/AbstractContextAwareModel;.<clinit>()V> (0x0000000088b04fe8) 
thrown [s\src\hotspot\share\prims\jni.cpp, line 1127]
Event: 7.623 Thread 0x00000281a7f6bd00 Exception <a 'java/lang/NoSuchMethodError'{0x0000000088b1ef80}: static Lorg/gradle/api/internal/artifacts/dependencies/AbstractVersionConstraint;.<clinit>()V> (0x0000000088b1ef80) 
thrown [s\src\hotspot\share\prims\jni.cpp, line 1127]
Event: 7.627 Thread 0x00000281a7f6bd00 Exception <a 'java/lang/NoSuchMethodError'{0x0000000088b80900}: static Lorg/gradle/api/internal/catalog/PluginModel;.<clinit>()V> (0x0000000088b80900) 
thrown [s\src\hotspot\share\prims\jni.cpp, line 1127]
Event: 7.628 Thread 0x00000281a7f6bd00 Exception <a 'java/lang/NoSuchMethodError'{0x0000000088b97d40}: static Lorg/gradle/api/internal/catalog/VersionModel;.<clinit>()V> (0x0000000088b97d40) 
thrown [s\src\hotspot\share\prims\jni.cpp, line 1127]
Event: 7.703 Thread 0x00000281a7f6bd00 Exception <a 'java/lang/NoSuchMethodError'{0x0000000088a3e2e0}: 'int java.lang.invoke.DirectMethodHandle$Holder.invokeSpecialIFC(java.lang.Object, java.lang.Object, java.lang.Object)'> (0x0000000088a3e2e0) 
thrown [s\src\hotspot\share\interpreter\linkResolver.cpp, line 771]
Event: 7.772 Thread 0x00000281a7f6bd00 Exception <a 'java/lang/NoSuchMethodError'{0x000000008850cc38}: 'java.lang.Object java.lang.invoke.DirectMethodHandle$Holder.newInvokeSpecial(java.lang.Object, java.lang.Object, java.lang.Object, java.lang.Object, java.lang.Object, int)'> (0x000000008850cc38) 
thrown [s\src\hotspot\share\interpreter\linkResolver.cpp, line 771]
Event: 7.773 Thread 0x00000281a7f6bd00 Exception <a 'java/lang/NoSuchMethodError'{0x0000000088512338}: 'java.lang.Object java.lang.invoke.DirectMethodHandle$Holder.invokeSpecial(java.lang.Object, java.lang.Object, java.lang.Object, java.lang.Object, java.lang.Object, java.lang.Object, int)'> (0x0000000088512338) 
thrown [s\src\hotspot\share\interpreter\linkResolver.cpp, line 771]
Event: 7.773 Thread 0x00000281a7f6bd00 Exception <a 'java/lang/NoSuchMethodError'{0x00000000885173c0}: 'java.lang.Object java.lang.invoke.Invokers$Holder.linkToTargetMethod(java.lang.Object, java.lang.Object, java.lang.Object, java.lang.Object, int, java.lang.Object)'> (0x00000000885173c0) 
thrown [s\src\hotspot\share\interpreter\linkResolver.cpp, line 771]
Event: 7.777 Thread 0x00000281a7f6bd00 Exception <a 'java/lang/NoSuchMethodError'{0x000000008854a898}: 'java.lang.Object java.lang.invoke.DirectMethodHandle$Holder.invokeSpecial(java.lang.Object, java.lang.Object, java.lang.Object, java.lang.Object, java.lang.Object, long)'> (0x000000008854a898) 
thrown [s\src\hotspot\share\interpreter\linkResolver.cpp, line 771]
Event: 7.780 Thread 0x00000281a7f6bd00 Exception <a 'java/lang/NoSuchMethodError'{0x000000008856e1e8}: 'void java.lang.invoke.DirectMethodHandle$Holder.invokeStatic(java.lang.Object, java.lang.Object, java.lang.Object, int, java.lang.Object)'> (0x000000008856e1e8) 
thrown [s\src\hotspot\share\interpreter\linkResolver.cpp, line 771]
Event: 8.493 Thread 0x00000281a7f6bd00 Implicit null exception at 0x0000028193881512 to 0x0000028193881bb8
Event: 8.493 Thread 0x00000281a7f6bd00 Implicit null exception at 0x0000028193743494 to 0x0000028193743b9c

VM Operations (20 events):
Event: 7.707 Executing VM operation: HandshakeAllThreads done
Event: 7.707 Executing VM operation: HandshakeAllThreads
Event: 7.707 Executing VM operation: HandshakeAllThreads done
Event: 8.019 Executing VM operation: ICBufferFull
Event: 8.019 Executing VM operation: ICBufferFull done
Event: 8.075 Executing VM operation: HandshakeAllThreads
Event: 8.075 Executing VM operation: HandshakeAllThreads done
Event: 8.181 Executing VM operation: ICBufferFull
Event: 8.181 Executing VM operation: ICBufferFull done
Event: 8.289 Executing VM operation: ICBufferFull
Event: 8.289 Executing VM operation: ICBufferFull done
Event: 8.308 Executing VM operation: G1CollectForAllocation
Event: 8.314 Executing VM operation: G1CollectForAllocation done
Event: 8.363 Executing VM operation: G1PauseRemark
Event: 8.365 Executing VM operation: G1PauseRemark done
Event: 8.387 Executing VM operation: G1PauseCleanup
Event: 8.388 Executing VM operation: G1PauseCleanup done
Event: 8.706 Executing VM operation: G1CollectForAllocation
Event: 8.713 Executing VM operation: G1CollectForAllocation done
Event: 8.735 Executing VM operation: G1CollectForAllocation

Events (20 events):
Event: 8.050 loading class java/util/Collections$ReverseComparator
Event: 8.050 loading class java/util/Collections$ReverseComparator done
Event: 8.050 loading class java/util/Collections$ReverseComparator2
Event: 8.050 loading class java/util/Collections$ReverseComparator2 done
Event: 8.138 loading class java/util/LinkedList$LLSpliterator
Event: 8.139 loading class java/util/LinkedList$LLSpliterator done
Event: 8.169 Thread 0x00000281ab0f8970 Thread added: 0x00000281ab0f8970
Event: 8.169 Thread 0x00000281ab0f98a0 Thread added: 0x00000281ab0f98a0
Event: 8.169 Thread 0x00000281ab0fa7d0 Thread added: 0x00000281ab0fa7d0
Event: 8.170 Thread 0x00000281ab0fd560 Thread added: 0x00000281ab0fd560
Event: 8.170 Thread 0x00000281ab0fdf80 Thread added: 0x00000281ab0fdf80
Event: 8.170 Thread 0x00000281ab0face0 Thread added: 0x00000281ab0face0
Event: 8.170 Thread 0x00000281ab0fd050 Thread added: 0x00000281ab0fd050
Event: 8.221 Thread 0x00000281ab0fbc10 Thread added: 0x00000281ab0fbc10
Event: 8.223 Thread 0x00000281ab0ff8d0 Thread added: 0x00000281ab0ff8d0
Event: 8.224 Thread 0x00000281ab0fc120 Thread added: 0x00000281ab0fc120
Event: 8.225 Thread 0x00000281ab0fc630 Thread added: 0x00000281ab0fc630
Event: 8.227 Thread 0x00000281a7f6b2e0 Thread added: 0x00000281a7f6b2e0
Event: 8.232 Thread 0x00000281a7f6a3b0 Thread added: 0x00000281a7f6a3b0
Event: 8.234 Thread 0x00000281a7f6b7f0 Thread added: 0x00000281a7f6b7f0


Dynamic libraries:
0x00007ff68be20000 - 0x00007ff68be2a000 	D:\Android Studio\jbr\bin\java.exe
0x00007fff16c10000 - 0x00007fff16e27000 	C:\WINDOWS\SYSTEM32\ntdll.dll
0x00007fff153c0000 - 0x00007fff15484000 	C:\WINDOWS\System32\KERNEL32.DLL
0x00007fff13f20000 - 0x00007fff142d7000 	C:\WINDOWS\System32\KERNELBASE.dll
0x00007fff143a0000 - 0x00007fff144b1000 	C:\WINDOWS\System32\ucrtbase.dll
0x00007ffef7300000 - 0x00007ffef7317000 	D:\Android Studio\jbr\bin\jli.dll
0x00007ffeffe00000 - 0x00007ffeffe1b000 	D:\Android Studio\jbr\bin\VCRUNTIME140.dll
0x00007fff14dc0000 - 0x00007fff14f6f000 	C:\WINDOWS\System32\USER32.dll
0x00007fff147f0000 - 0x00007fff14816000 	C:\WINDOWS\System32\win32u.dll
0x00007fff02db0000 - 0x00007fff03043000 	C:\WINDOWS\WinSxS\amd64_microsoft.windows.common-controls_6595b64144ccf1df_6.0.22621.3672_none_2713b9d173822955\COMCTL32.dll
0x00007fff15310000 - 0x00007fff15339000 	C:\WINDOWS\System32\GDI32.dll
0x00007fff163a0000 - 0x00007fff16447000 	C:\WINDOWS\System32\msvcrt.dll
0x00007fff14820000 - 0x00007fff14938000 	C:\WINDOWS\System32\gdi32full.dll
0x00007fff144c0000 - 0x00007fff1455a000 	C:\WINDOWS\System32\msvcp_win.dll
0x00007fff152b0000 - 0x00007fff152e1000 	C:\WINDOWS\System32\IMM32.DLL
0x00007fff00440000 - 0x00007fff0044c000 	D:\Android Studio\jbr\bin\vcruntime140_1.dll
0x00007ffe8eb60000 - 0x00007ffe8ebed000 	D:\Android Studio\jbr\bin\msvcp140.dll
0x00007ffeb63a0000 - 0x00007ffeb7023000 	D:\Android Studio\jbr\bin\server\jvm.dll
0x00007fff162e0000 - 0x00007fff16392000 	C:\WINDOWS\System32\ADVAPI32.dll
0x00007fff168e0000 - 0x00007fff16988000 	C:\WINDOWS\System32\sechost.dll
0x00007fff147c0000 - 0x00007fff147e8000 	C:\WINDOWS\System32\bcrypt.dll
0x00007fff14f70000 - 0x00007fff15084000 	C:\WINDOWS\System32\RPCRT4.dll
0x00007fff12d90000 - 0x00007fff12ddd000 	C:\WINDOWS\SYSTEM32\POWRPROF.dll
0x00007fff10740000 - 0x00007fff10749000 	C:\WINDOWS\SYSTEM32\WSOCK32.dll
0x00007fff0f7c0000 - 0x00007fff0f7f4000 	C:\WINDOWS\SYSTEM32\WINMM.dll
0x00007fff0fe70000 - 0x00007fff0fe7a000 	C:\WINDOWS\SYSTEM32\VERSION.dll
0x00007fff15340000 - 0x00007fff153b1000 	C:\WINDOWS\System32\WS2_32.dll
0x00007fff12d70000 - 0x00007fff12d83000 	C:\WINDOWS\SYSTEM32\UMPDC.dll
0x00007fff13020000 - 0x00007fff13038000 	C:\WINDOWS\SYSTEM32\kernel.appcore.dll
0x00007fff10760000 - 0x00007fff1076a000 	D:\Android Studio\jbr\bin\jimage.dll
0x00007fff11810000 - 0x00007fff11a42000 	C:\WINDOWS\SYSTEM32\DBGHELP.DLL
0x00007fff16450000 - 0x00007fff167de000 	C:\WINDOWS\System32\combase.dll
0x00007fff169a0000 - 0x00007fff16a77000 	C:\WINDOWS\System32\OLEAUT32.dll
0x00007fff01950000 - 0x00007fff01982000 	C:\WINDOWS\SYSTEM32\dbgcore.DLL
0x00007fff14740000 - 0x00007fff147bb000 	C:\WINDOWS\System32\bcryptPrimitives.dll
0x00007ffefe410000 - 0x00007ffefe41e000 	D:\Android Studio\jbr\bin\instrument.dll
0x00007fff0f830000 - 0x00007fff0f855000 	D:\Android Studio\jbr\bin\java.dll
0x00007fff0f810000 - 0x00007fff0f828000 	D:\Android Studio\jbr\bin\zip.dll
0x00007fff154a0000 - 0x00007fff15d09000 	C:\WINDOWS\System32\SHELL32.dll
0x00007fff11e50000 - 0x00007fff1274f000 	C:\WINDOWS\SYSTEM32\windows.storage.dll
0x00007fff11d10000 - 0x00007fff11e4f000 	C:\WINDOWS\SYSTEM32\wintypes.dll
0x00007fff16a80000 - 0x00007fff16b79000 	C:\WINDOWS\System32\SHCORE.dll
0x00007fff16880000 - 0x00007fff168de000 	C:\WINDOWS\System32\shlwapi.dll
0x00007fff13e50000 - 0x00007fff13e77000 	C:\WINDOWS\SYSTEM32\profapi.dll
0x00007fff00c00000 - 0x00007fff00c19000 	D:\Android Studio\jbr\bin\net.dll
0x00007fff0feb0000 - 0x00007fff0ffe6000 	C:\WINDOWS\SYSTEM32\WINHTTP.dll
0x00007fff13490000 - 0x00007fff134f9000 	C:\WINDOWS\system32\mswsock.dll
0x00007fff005e0000 - 0x00007fff005f6000 	D:\Android Studio\jbr\bin\nio.dll
0x00007fff00280000 - 0x00007fff00290000 	D:\Android Studio\jbr\bin\verify.dll
0x00007ffeffe20000 - 0x00007ffeffe47000 	C:\Users\marco\.gradle\native\c067742578af261105cb4f569cf0c3c89f3d7b1fecec35dd04571415982c5e48\windows-amd64\native-platform.dll
0x00007ffe8ea10000 - 0x00007ffe8eb54000 	C:\Users\marco\.gradle\native\38dada09dfb8b06ba9b0570ebf7e218e3eb74d4ef43ca46872605cf95ebc2f47\windows-amd64\native-platform-file-events.dll
0x00007fff10730000 - 0x00007fff10739000 	D:\Android Studio\jbr\bin\management.dll
0x00007fff0f800000 - 0x00007fff0f80b000 	D:\Android Studio\jbr\bin\management_ext.dll
0x00007fff15490000 - 0x00007fff15498000 	C:\WINDOWS\System32\PSAPI.DLL
0x00007fff136b0000 - 0x00007fff136cb000 	C:\WINDOWS\SYSTEM32\CRYPTSP.dll
0x00007fff12f80000 - 0x00007fff12fb5000 	C:\WINDOWS\system32\rsaenh.dll
0x00007fff13550000 - 0x00007fff13578000 	C:\WINDOWS\SYSTEM32\USERENV.dll
0x00007fff136d0000 - 0x00007fff136dc000 	C:\WINDOWS\SYSTEM32\CRYPTBASE.dll
0x00007fff12a60000 - 0x00007fff12a8d000 	C:\WINDOWS\SYSTEM32\IPHLPAPI.DLL
0x00007fff14940000 - 0x00007fff14949000 	C:\WINDOWS\System32\NSI.dll
0x00007fff0fc80000 - 0x00007fff0fc99000 	C:\WINDOWS\SYSTEM32\dhcpcsvc6.DLL
0x00007fff0fc60000 - 0x00007fff0fc7f000 	C:\WINDOWS\SYSTEM32\dhcpcsvc.DLL
0x00007fff12a90000 - 0x00007fff12b92000 	C:\WINDOWS\SYSTEM32\DNSAPI.dll
0x00007fff10750000 - 0x00007fff10759000 	D:\Android Studio\jbr\bin\extnet.dll
0x00007fff10780000 - 0x00007fff10788000 	C:\WINDOWS\system32\wshunix.dll

dbghelp: loaded successfully - version: 4.0.5 - missing functions: none
symbol engine: initialized successfully - sym options: 0x614 - pdb path: .;D:\Android Studio\jbr\bin;C:\WINDOWS\SYSTEM32;C:\WINDOWS\WinSxS\amd64_microsoft.windows.common-controls_6595b64144ccf1df_6.0.22621.3672_none_2713b9d173822955;D:\Android Studio\jbr\bin\server;C:\Users\marco\.gradle\native\c067742578af261105cb4f569cf0c3c89f3d7b1fecec35dd04571415982c5e48\windows-amd64;C:\Users\marco\.gradle\native\38dada09dfb8b06ba9b0570ebf7e218e3eb74d4ef43ca46872605cf95ebc2f47\windows-amd64

VM Arguments:
jvm_args: --add-opens=java.base/java.util=ALL-UNNAMED --add-opens=java.base/java.lang=ALL-UNNAMED --add-opens=java.base/java.lang.invoke=ALL-UNNAMED --add-opens=java.prefs/java.util.prefs=ALL-UNNAMED --add-opens=java.base/java.nio.charset=ALL-UNNAMED --add-opens=java.base/java.net=ALL-UNNAMED --add-opens=java.base/java.util.concurrent.atomic=ALL-UNNAMED -Xmx2048m -Dfile.encoding=UTF-8 -Duser.country=419 -Duser.language=es -Duser.variant -javaagent:C:\Users\marco\.gradle\wrapper\dists\gradle-8.7-bin\bhs2wmbdwecv87pi65oeuq5iu\gradle-8.7\lib\agents\gradle-instrumentation-agent-8.7.jar 
java_command: org.gradle.launcher.daemon.bootstrap.GradleDaemon 8.7
java_class_path (initial): C:\Users\marco\.gradle\wrapper\dists\gradle-8.7-bin\bhs2wmbdwecv87pi65oeuq5iu\gradle-8.7\lib\gradle-launcher-8.7.jar
Launcher Type: SUN_STANDARD

[Global flags]
     intx CICompilerCount                          = 4                                         {product} {ergonomic}
     uint ConcGCThreads                            = 2                                         {product} {ergonomic}
     uint G1ConcRefinementThreads                  = 8                                         {product} {ergonomic}
   size_t G1HeapRegionSize                         = 1048576                                   {product} {ergonomic}
    uintx GCDrainStackTargetSize                   = 64                                        {product} {ergonomic}
   size_t InitialHeapSize                          = 132120576                                 {product} {ergonomic}
   size_t MarkStackSize                            = 4194304                                   {product} {ergonomic}
   size_t MaxHeapSize                              = 2147483648                                {product} {command line}
   size_t MaxNewSize                               = 1287651328                                {product} {ergonomic}
   size_t MinHeapDeltaBytes                        = 1048576                                   {product} {ergonomic}
   size_t MinHeapSize                              = 8388608                                   {product} {ergonomic}
    uintx NonNMethodCodeHeapSize                   = 5839372                                {pd product} {ergonomic}
    uintx NonProfiledCodeHeapSize                  = 122909434                              {pd product} {ergonomic}
    uintx ProfiledCodeHeapSize                     = 122909434                              {pd product} {ergonomic}
    uintx ReservedCodeCacheSize                    = 251658240                              {pd product} {ergonomic}
     bool SegmentedCodeCache                       = true                                      {product} {ergonomic}
   size_t SoftMaxHeapSize                          = 2147483648                             {manageable} {ergonomic}
     bool UseCompressedClassPointers               = true                           {product lp64_product} {ergonomic}
     bool UseCompressedOops                        = true                           {product lp64_product} {ergonomic}
     bool UseG1GC                                  = true                                      {product} {ergonomic}
     bool UseLargePagesIndividualAllocation        = false                                  {pd product} {ergonomic}

Logging:
Log output configuration:
 #0: stdout all=warning uptime,level,tags
 #1: stderr all=off uptime,level,tags

Environment Variables:
PATH=C:\Program Files\Common Files\Oracle\Java\javapath;C:\Windows\system32;C:\Windows;C:\Windows\System32\Wbem;C:\Windows\System32\WindowsPowerShell\v1.0\;C:\Windows\System32\OpenSSH\;C:\Program Files (x86)\NVIDIA Corporation\PhysX\Common;C:\Program Files\NVIDIA Corporation\NVIDIA NvDLISR;C:\xampp\php;D:\proyecto integrador;C:\WINDOWS\system32;C:\WINDOWS;C:\WINDOWS\System32\Wbem;C:\WINDOWS\System32\WindowsPowerShell\v1.0\;C:\WINDOWS\System32\OpenSSH\;C:\Program Files\nodejs\;C:\Program Files\Git\cmd;C:\Users\marco\AppData\Local\Microsoft\WindowsApps;C:\Users\marco\AppData\Local\Programs\Microsoft VS Code\bin;C:\Users\marco\AppData\Roaming\Composer\vendor\bin;C:\Users\marco\AppData\Roaming\npm
USERNAME=marco
OS=Windows_NT
PROCESSOR_IDENTIFIER=Intel64 Family 6 Model 165 Stepping 2, GenuineIntel
TMP=C:\Users\marco\AppData\Local\Temp
TEMP=C:\Users\marco\AppData\Local\Temp



Periodic native trim disabled

JNI global refs:
JNI global refs: 26, weak refs: 0

JNI global refs memory usage: 843, weak refs: 209

Process memory usage:
Resident Set Size: 340044K (4% of 8221704K total physical memory with 442804K free physical memory)

OOME stack traces (most recent first):
Classloader memory used:
Loader org.gradle.internal.classloader.VisitableURLClassLoader                         : 3826K
Loader bootstrap                                                                       : 2494K
Loader org.gradle.initialization.MixInLegacyTypesClassLoader                           : 1134K
Loader org.gradle.internal.classloader.VisitableURLClassLoader$InstrumentingVisitableURLClassLoader: 138K
Loader org.gradle.internal.classloader.VisitableURLClassLoader                         : 128K
Loader jdk.internal.loader.ClassLoaders$PlatformClassLoader                            : 68439B
Loader jdk.internal.reflect.DelegatingClassLoader                                      : 37268B
Loader jdk.internal.loader.ClassLoaders$AppClassLoader                                 : 28714B
Loader org.gradle.groovy.scripts.internal.DefaultScriptCompilationHandler$ScriptClassLoader: 10809B
Loader org.codehaus.groovy.runtime.callsite.CallSiteClassLoader                        : 5965B

Classes loaded by more than one classloader:
Class Program                                                                         : loaded 4 times (x 72B)
Class org.gradle.internal.Cast                                                        : loaded 3 times (x 69B)
Class org.gradle.api.GradleException                                                  : loaded 3 times (x 80B)
Class kotlin.collections.AbstractCollection                                           : loaded 2 times (x 115B)
Class org.jetbrains.plugins.gradle.model.MavenRepositoryModel                         : loaded 2 times (x 68B)
Class com.google.common.collect.SingletonImmutableList                                : loaded 2 times (x 167B)
Class org.gradle.internal.classpath.ClassPath                                         : loaded 2 times (x 68B)
Class org.gradle.api.internal.classpath.DefaultModuleRegistry                         : loaded 2 times (x 84B)
Class org.gradle.internal.exceptions.NonGradleCauseExceptionsHolder                   : loaded 2 times (x 68B)
Class Settings_gradle$1$1                                                             : loaded 2 times (x 72B)
Class com.google.common.base.CharMatcher$JavaDigit                                    : loaded 2 times (x 109B)
Class com.google.common.base.CharMatcher$Digit                                        : loaded 2 times (x 110B)
Class kotlin.enums.EnumEntries                                                        : loaded 2 times (x 68B)
Class org.gradle.api.Action                                                           : loaded 2 times (x 68B)
Class org.jetbrains.kotlin.idea.gradleTooling.model.samWithReceiver.SamWithReceiverModel: loaded 2 times (x 68B)
Class com.google.common.collect.Lists$StringAsImmutableList                           : loaded 2 times (x 167B)
Class kotlin.enums.EnumEntriesKt                                                      : loaded 2 times (x 69B)
Class org.jetbrains.plugins.gradle.model.ExternalProject                              : loaded 2 times (x 68B)
Class org.jetbrains.plugins.gradle.model.IntelliJSettings                             : loaded 2 times (x 68B)
Class com.google.common.base.CharMatcher                                              : loaded 2 times (x 109B)
Class com.google.common.base.CharMatcher$IsNot                                        : loaded 2 times (x 109B)
Class com.google.common.base.Splitter                                                 : loaded 2 times (x 70B)
Class org.jetbrains.kotlin.idea.gradleTooling.KotlinMPPGradleModel                    : loaded 2 times (x 68B)
Class org.gradle.api.internal.DefaultClassPathProvider                                : loaded 2 times (x 74B)
Class org.gradle.internal.installation.GradleInstallation$1                           : loaded 2 times (x 73B)
Class com.google.common.base.CharMatcher$BitSetMatcher                                : loaded 2 times (x 110B)
Class org.gradle.internal.exceptions.DefaultMultiCauseException                       : loaded 2 times (x 93B)
Class org.gradle.tooling.model.UnsupportedMethodException                             : loaded 2 times (x 80B)
Class org.gradle.internal.time.MonotonicClock                                         : loaded 2 times (x 75B)
Class com.google.common.base.Predicate                                                : loaded 2 times (x 68B)
Class org.gradle.internal.classloader.FilteringClassLoader                            : loaded 2 times (x 103B)
Class org.gradle.tooling.model.Model                                                  : loaded 2 times (x 68B)
Class sync_studio_tooling8_chxqql9a1raq5ly2r2h0skdi7                                  : loaded 2 times (x 177B)
Class org.gradle.internal.classpath.DefaultClassPath$ImmutableUniqueList$Builder      : loaded 2 times (x 73B)
Class kotlin.UninitializedPropertyAccessException                                     : loaded 2 times (x 80B)
Class com.google.common.base.CharMatcher$InRange                                      : loaded 2 times (x 109B)
Class org.jetbrains.kotlin.idea.gradleTooling.KotlinSourceSetContainer                : loaded 2 times (x 68B)
Class com.google.common.collect.Lists                                                 : loaded 2 times (x 69B)
Class org.gradle.internal.classloader.ClassLoaderVisitor                              : loaded 2 times (x 74B)
Class org.gradle.internal.time.DefaultCountdownTimer                                  : loaded 2 times (x 86B)
Class org.gradle.internal.service.DefaultServiceLocator                               : loaded 2 times (x 81B)
Class org.jetbrains.plugins.gradle.model.jar.JarTaskManifestConfiguration             : loaded 2 times (x 68B)
Class org.gradle.internal.service.UnknownServiceException                             : loaded 2 times (x 81B)
Class org.jetbrains.plugins.gradle.model.DependencyAccessorsModel                     : loaded 2 times (x 68B)
Class org.gradle.internal.classloader.DefaultClassLoaderFactory                       : loaded 2 times (x 80B)
Class com.google.common.collect.UnmodifiableIterator                                  : loaded 2 times (x 78B)
Class com.google.common.base.CharMatcher$SingleWidth                                  : loaded 2 times (x 110B)
Class org.jetbrains.plugins.gradle.model.GradleExtensions                             : loaded 2 times (x 68B)
Class com.google.common.base.JdkPattern                                               : loaded 2 times (x 73B)
Class org.jetbrains.plugins.gradle.model.VersionCatalogsModel                         : loaded 2 times (x 68B)
Class org.gradle.internal.classloader.VisitableURLClassLoader$Spec                    : loaded 2 times (x 72B)
Class org.gradle.tooling.model.ProjectModel                                           : loaded 2 times (x 68B)
Class kotlin.collections.AbstractList                                                 : loaded 2 times (x 157B)
Class com.google.common.base.CharMatcher$JavaLetterOrDigit                            : loaded 2 times (x 109B)
Class org.gradle.tooling.internal.gradle.DefaultProjectIdentifier                     : loaded 2 times (x 84B)
Class org.gradle.api.internal.classpath.ModuleRegistry                                : loaded 2 times (x 68B)
Class com.google.common.collect.ImmutableCollection                                   : loaded 2 times (x 123B)
Class org.jetbrains.plugins.gradle.model.RepositoriesModel                            : loaded 2 times (x 68B)
Class org.gradle.util.GradleVersion                                                   : loaded 2 times (x 81B)
Class org.gradle.api.internal.ClassPathProvider                                       : loaded 2 times (x 68B)
Class org.gradle.internal.classloader.ClasspathUtil$1                                 : loaded 2 times (x 74B)
Class com.google.common.collect.ImmutableList$ReverseImmutableList                    : loaded 2 times (x 168B)
Class org.gradle.internal.classloader.ClassLoaderFactory                              : loaded 2 times (x 68B)
Class com.google.common.collect.ObjectArrays                                          : loaded 2 times (x 69B)
Class com.google.common.collect.ImmutableList                                         : loaded 2 times (x 166B)
Class org.gradle.api.internal.classpath.ManifestUtil                                  : loaded 2 times (x 69B)
Class org.gradle.api.specs.Spec                                                       : loaded 2 times (x 68B)
Class kotlin.jvm.internal.Intrinsics                                                  : loaded 2 times (x 69B)
Class com.google.common.base.CharMatcher$Whitespace                                   : loaded 2 times (x 110B)
Class org.gradle.tooling.internal.gradle.GradleBuildIdentity                          : loaded 2 times (x 68B)
Class com.google.common.base.Preconditions                                            : loaded 2 times (x 69B)
Class org.gradle.internal.IoActions                                                   : loaded 2 times (x 69B)
Class com.google.common.collect.CollectPreconditions                                  : loaded 2 times (x 69B)
Class com.google.common.collect.AbstractIndexedListIterator                           : loaded 2 times (x 94B)
Class com.google.common.base.CharMatcher$None                                         : loaded 2 times (x 110B)
Class org.gradle.api.internal.classpath.EffectiveClassPath                            : loaded 2 times (x 88B)
Class com.google.common.collect.UnmodifiableListIterator                              : loaded 2 times (x 93B)
Class kotlin.jvm.internal.DefaultConstructorMarker                                    : loaded 2 times (x 69B)
Class com.google.common.collect.ImmutableList$1                                       : loaded 2 times (x 95B)
Class com.google.common.base.Splitter$Strategy                                        : loaded 2 times (x 68B)
Class org.gradle.internal.exceptions.ResolutionProvider                               : loaded 2 times (x 68B)
Class org.jetbrains.kotlin.idea.gradleTooling.model.annotation.AnnotationBasedPluginModel: loaded 2 times (x 68B)
Class org.jetbrains.kotlin.idea.gradleTooling.model.assignment.AssignmentModel        : loaded 2 times (x 68B)
Class org.gradle.internal.installation.CurrentGradleInstallation                      : loaded 2 times (x 71B)
Class org.gradle.internal.agents.InstrumentingClassLoader                             : loaded 2 times (x 68B)
Class org.gradle.internal.installation.CurrentGradleInstallationLocator               : loaded 2 times (x 69B)
Class org.gradle.api.internal.classpath.Module                                        : loaded 2 times (x 68B)
Class com.google.common.base.Splitter$1$1                                             : loaded 2 times (x 84B)
Class org.gradle.internal.service.CachingServiceLocator                               : loaded 2 times (x 80B)
Class org.gradle.internal.time.Timer                                                  : loaded 2 times (x 68B)
Class org.jetbrains.kotlin.idea.gradleTooling.KotlinDslScriptAdditionalTask           : loaded 2 times (x 68B)
Class org.jetbrains.plugins.gradle.model.tests.ExternalTestsModel                     : loaded 2 times (x 68B)
Class org.gradle.internal.classpath.DefaultClassPath                                  : loaded 2 times (x 88B)
Class com.google.common.base.Splitter$SplittingIterator                               : loaded 2 times (x 82B)
Class com.intellij.openapi.externalSystem.model.project.dependencies.ProjectDependencies: loaded 2 times (x 68B)
Class kotlin.enums.EnumEntriesList                                                    : loaded 2 times (x 183B)
Class org.jetbrains.kotlin.idea.gradleTooling.PrepareKotlinIdeImportTaskModel         : loaded 2 times (x 68B)
Class org.gradle.internal.impldep.com.google.common.base.Preconditions                : loaded 2 times (x 69B)
Class kotlin.jvm.functions.Function1                                                  : loaded 2 times (x 68B)
Class com.google.common.base.CharMatcher$Is                                           : loaded 2 times (x 109B)
Class com.google.common.collect.RegularImmutableAsList                                : loaded 2 times (x 176B)
Class org.gradle.internal.time.Time                                                   : loaded 2 times (x 69B)
Class org.gradle.internal.time.TimeSource$1                                           : loaded 2 times (x 75B)
Class kotlin.KotlinNullPointerException                                               : loaded 2 times (x 81B)
Class org.gradle.internal.classloader.SystemClassLoaderSpec                           : loaded 2 times (x 69B)
Class [Lcom.google.common.base.AbstractIterator$State;                                : loaded 2 times (x 67B)
Class com.google.common.base.AbstractIterator                                         : loaded 2 times (x 78B)
Class com.google.common.base.AbstractIterator$1                                       : loaded 2 times (x 69B)
Class kotlin.Function                                                                 : loaded 2 times (x 68B)
Class com.google.common.base.CharMatcher$1                                            : loaded 2 times (x 111B)
Class com.google.common.base.CharMatcher$Ascii                                        : loaded 2 times (x 110B)
Class sync_studio_tooling8_chxqql9a1raq5ly2r2h0skdi7$_run_closure1                    : loaded 2 times (x 137B)
Class org.gradle.api.UncheckedIOException                                             : loaded 2 times (x 80B)
Class com.google.common.base.CharMatcher$And                                          : loaded 2 times (x 110B)
Class com.google.common.base.CharMatcher$Any                                          : loaded 2 times (x 110B)
Class kotlin.jvm.internal.markers.KMappedMarker                                       : loaded 2 times (x 68B)
Class com.google.common.base.CharMatcher$RangesMatcher                                : loaded 2 times (x 110B)
Class org.gradle.tooling.internal.gradle.GradleProjectIdentity                        : loaded 2 times (x 68B)
Class com.google.common.collect.ImmutableList$SubList                                 : loaded 2 times (x 168B)
Class org.gradle.internal.time.CountdownTimer                                         : loaded 2 times (x 68B)
Class org.gradle.internal.time.Clock                                                  : loaded 2 times (x 68B)
Class org.gradle.internal.classloader.ClasspathUtil                                   : loaded 2 times (x 69B)
Class org.gradle.tooling.model.BuildIdentifier                                        : loaded 2 times (x 68B)
Class com.google.common.base.Splitter$1                                               : loaded 2 times (x 75B)
Class org.gradle.api.internal.DefaultClassPathRegistry                                : loaded 2 times (x 74B)
Class org.gradle.api.internal.classpath.DefaultModuleRegistry$DefaultModule           : loaded 2 times (x 84B)
Class com.google.common.base.CharMatcher$JavaIsoControl                               : loaded 2 times (x 110B)
Class com.google.common.base.CharMatcher$Or                                           : loaded 2 times (x 110B)
Class org.gradle.internal.time.TimeSource                                             : loaded 2 times (x 68B)
Class org.jetbrains.kotlin.android.synthetic.idea.AndroidExtensionsGradleModel        : loaded 2 times (x 68B)
Class com.google.common.base.CharMatcher$JavaLowerCase                                : loaded 2 times (x 109B)
Class org.gradle.api.internal.classpath.UnknownModuleException                        : loaded 2 times (x 80B)
Class com.google.common.base.CommonPattern                                            : loaded 2 times (x 72B)
Class ijInit1_3h2fa92pzf7mchk6phfcwsvyj                                               : loaded 2 times (x 177B)
Class org.jetbrains.plugins.gradle.model.IntelliJProjectSettings                      : loaded 2 times (x 68B)
Class org.gradle.internal.service.ServiceLookupException                              : loaded 2 times (x 80B)
Class org.gradle.cache.GlobalCache                                                    : loaded 2 times (x 68B)
Class org.jetbrains.kotlin.idea.gradleTooling.model.lombok.LombokModel                : loaded 2 times (x 68B)
Class org.gradle.tooling.model.ProjectIdentifier                                      : loaded 2 times (x 68B)
Class com.google.common.base.CharMatcher$NegatedFastMatcher                           : loaded 2 times (x 111B)
Class [Lorg.gradle.api.internal.ClassPathProvider;                                    : loaded 2 times (x 67B)
Class org.gradle.internal.operations.MultipleBuildOperationFailures                   : loaded 2 times (x 93B)
Class org.gradle.util.internal.GUtil                                                  : loaded 2 times (x 69B)
Class org.jetbrains.plugins.gradle.model.AnnotationProcessingModel                    : loaded 2 times (x 68B)
Class org.gradle.internal.classloader.ClassLoaderSpec                                 : loaded 2 times (x 69B)
Class com.google.common.base.NullnessCasts                                            : loaded 2 times (x 69B)
Class com.google.common.base.CharMatcher$Negated                                      : loaded 2 times (x 111B)
Class com.google.common.base.CharMatcher$ForPredicate                                 : loaded 2 times (x 110B)
Class org.gradle.internal.classloader.VisitableURLClassLoader                         : loaded 2 times (x 115B)
Class org.gradle.internal.installation.GradleInstallation                             : loaded 2 times (x 73B)
Class org.gradle.api.internal.ClassPathRegistry                                       : loaded 2 times (x 68B)
Class org.gradle.internal.classloader.VisitableURLClassLoader$InstrumentingVisitableURLClassLoader: loaded 2 times (x 121B)
Class org.gradle.internal.classloader.ClassLoaderHierarchy                            : loaded 2 times (x 68B)
Class org.gradle.internal.exceptions.MultiCauseException                              : loaded 2 times (x 68B)
Class org.jetbrains.kotlin.idea.gradleTooling.model.parcelize.ParcelizeGradleModel    : loaded 2 times (x 68B)
Class com.google.common.base.AbstractIterator$State                                   : loaded 2 times (x 77B)
Class com.google.common.base.CharMatcher$NamedFastMatcher                             : loaded 2 times (x 110B)
Class org.gradle.internal.InternalTransformer                                         : loaded 2 times (x 68B)
Class org.jetbrains.kotlin.idea.gradleTooling.model.noarg.NoArgModel                  : loaded 2 times (x 68B)
Class org.jetbrains.kotlin.idea.gradleTooling.KotlinGradleModel                       : loaded 2 times (x 68B)
Class org.gradle.tooling.internal.gradle.DefaultBuildIdentifier                       : loaded 2 times (x 77B)
Class org.gradle.internal.service.ServiceLocator                                      : loaded 2 times (x 68B)
Class Settings_gradle$1                                                               : loaded 2 times (x 72B)
Class org.jetbrains.kotlin.idea.gradleTooling.model.allopen.AllOpenModel              : loaded 2 times (x 68B)
Class com.google.common.base.CharMatcher$Invisible                                    : loaded 2 times (x 110B)
Class com.google.common.base.CharMatcher$FastMatcher                                  : loaded 2 times (x 109B)
Class org.gradle.internal.classpath.DefaultClassPath$ImmutableUniqueList              : loaded 2 times (x 159B)
Class org.gradle.internal.time.DefaultTimer                                           : loaded 2 times (x 78B)
Class com.google.common.base.CharMatcher$JavaLetter                                   : loaded 2 times (x 109B)
Class org.gradle.internal.classpath.TransformedClassPath                              : loaded 2 times (x 94B)
Class Settings_gradle                                                                 : loaded 2 times (x 126B)
Class kotlin.collections.AbstractList$Companion                                       : loaded 2 times (x 69B)
Class com.google.common.collect.ImmutableAsList                                       : loaded 2 times (x 169B)
Class com.google.common.base.CharMatcher$AnyOf                                        : loaded 2 times (x 110B)
Class com.google.common.base.CharMatcher$IsEither                                     : loaded 2 times (x 109B)
Class com.google.common.collect.RegularImmutableList                                  : loaded 2 times (x 172B)
Class com.google.common.base.CharMatcher$JavaUpperCase                                : loaded 2 times (x 109B)


---------------  S Y S T E M  ---------------

OS:
 Windows 11 , 64 bit Build 22621 (10.0.22621.3958)
OS uptime: 0 days 0:15 hours
Hyper-V role detected

CPU: total 8 (initial active 8) (4 cores per cpu, 2 threads per core) family 6 model 165 stepping 2 microcode 0xe0, cx8, cmov, fxsr, ht, mmx, 3dnowpref, sse, sse2, sse3, ssse3, sse4.1, sse4.2, popcnt, lzcnt, tsc, tscinvbit, avx, avx2, aes, erms, clmul, bmi1, bmi2, adx, fma, vzeroupper, clflush, clflushopt, hv
Processor Information for all 8 processors :
  Max Mhz: 2496, Current Mhz: 2496, Mhz Limit: 2496

Memory: 4k page, system-wide physical 8029M (432M free)
TotalPageFile size 16221M (AvailPageFile size 23M)
current process WorkingSet (physical memory assigned to process): 332M, peak: 332M
current process commit charge ("private bytes"): 364M, peak: 479M

vm_info: OpenJDK 64-Bit Server VM (17.0.11+0--11852314) for windows-amd64 JRE (17.0.11+0--11852314), built on May 16 2024 21:29:20 by "androidbuild" with MS VC++ 16.10 / 16.11 (VS2019)

END.
